#
# A fatal error has been detected by the Java Runtime Environment:
#
#  SIGSEGV (0xb) at pc=0x00000001278188ae, pid=3068, tid=60291
#
# JRE version: Java(TM) SE Runtime Environment (8.0_60-b27) (build 1.8.0_60-b27)
# Java VM: Java HotSpot(TM) 64-Bit Server VM (25.60-b23 mixed mode bsd-amd64 compressed oops)
# Problematic frame:
# C  [libjfxwebkit.dylib+0xe2e8ae]  WTFCrash+0x3e
#
# Failed to write core dump. Core dumps have been disabled. To enable core dumping, try "ulimit -c unlimited" before starting Java again
#
# If you would like to submit a bug report, please visit:
#   http://bugreport.java.com/bugreport/crash.jsp
# The crash happened outside the Java Virtual Machine in native code.
# See problematic frame for where to report the bug.
#

---------------  T H R E A D  ---------------

Current thread (0x00007f8062edc000):  JavaThread "Thread-143" [_thread_in_native, id=60291, stack(0x000000012f448000,0x000000012f548000)]

siginfo: si_signo: 11 (SIGSEGV), si_code: 1 (SEGV_MAPERR), si_addr: 0x00000000bbadbeef

Registers:
RAX=0x00000000bbadbeef, RBX=0x000000012f547150, RCX=0x0000000000000000, RDX=0x00007fff7a00d1f8
RSP=0x000000012f547010, RBP=0x000000012f547120, RSI=0x0000080000000800, RDI=0x0000000000000000
R8 =0x000000012f546e00, R9 =0x000000012f548000, R10=0x0000000000000000, R11=0x0000000000000246
R12=0x000000012aa9feb0, R13=0x0000000000000001, R14=0x00007f806217b000, R15=0x0000000129c2f9b0
RIP=0x00000001278188ae, EFLAGS=0x0000000000010206, ERR=0x0000000000000006
  TRAPNO=0x000000000000000e

Top of Stack: (sp=0x000000012f547010)
0x000000012f547010:   000000012781889a 0000000127b0f08e
0x000000012f547020:   0000000127b1119c 00000001279c6090
0x000000012f547030:   0000000127af5fde 0000000127b64560
0x000000012f547040:   0000000127b68fab 0000000127455286
0x000000012f547050:   000000010965b954 000000010964d9d0
0x000000012f547060:   01007f8062edc000 000000012f5473b8
0x000000012f547070:   00000007c00c1150 000000012f5471a0
0x000000012f547080:   00000007c00bfce8 00007f8062edc000
0x000000012f547090:   000000011dcf6000 00007f8062edc000
0x000000012f5470a0:   000000011dcf6000 000000000000000f
0x000000012f5470b0:   000000012f5471e0 00000001081109ae
0x000000012f5470c0:   00007f8062edc000 0000000129200080
0x000000012f5470d0:   01007f8062edc000 000000012f547428
0x000000012f5470e0:   00000007c00bfce8 000000011dcf5d80
0x000000012f5470f0:   00007f8062edc000 000000011dcf5d80
0x000000012f547100:   0000000128f00be0 000000012f5471f0
0x000000012f547110:   00007f806217b000 0000000129c2f9b0
0x000000012f547120:   000000012f547140 0000000127b0f08e
0x000000012f547130:   0000000129c20000 0000000129c2f9b0
0x000000012f547140:   000000012f547170 0000000127b1119c
0x000000012f547150:   00007f806217b000 00007f806217b000
0x000000012f547160:   00007f806217b000 0000000000000001
0x000000012f547170:   000000012f547240 00000001279c6090
0x000000012f547180:   00007f8062edc000 00000007c00c1150
0x000000012f547190:   000000012f5471e0 00000001267bfd70
0x000000012f5471a0:   000000012f5472b0 000000012aa9feb0
0x000000012f5471b0:   000000012f547228 000000012f547234
0x000000012f5471c0:   0000000129c2f9b0 000000012f547234
0x000000012f5471d0:   0000000129c1ffe0 00007f8060e98540
0x000000012f5471e0:   000000012f547260 0000000126a1ce43
0x000000012f5471f0:   00007f806217b000 0000000129c2f970
0x000000012f547200:   000000012aa9fe00 0000000129c2f970 

Instructions: (pc=0x00000001278188ae)
0x000000012781888e:   ff ff be 21 00 00 00 e8 1e fd 49 00 48 8d bd 00
0x000000012781889e:   ff ff ff 8d 70 fe e8 d7 fe ff ff b8 ef be ad bb
0x00000001278188ae:   c7 00 00 00 00 00 0f 0b 66 2e 0f 1f 84 00 00 00
0x00000001278188be:   00 00 55 48 89 e5 48 81 ec 10 01 00 00 48 8b 05 

Register to memory mapping:

RAX=0x00000000bbadbeef is an unknown value
RBX=0x000000012f547150 is pointing into the stack for thread: 0x00007f8062edc000
RCX=0x0000000000000000 is an unknown value
RDX=0x00007fff7a00d1f8: __sFX+0x1c8 in /usr/lib/system/libsystem_c.dylib at 0x00007fff93728000
RSP=0x000000012f547010 is pointing into the stack for thread: 0x00007f8062edc000
RBP=0x000000012f547120 is pointing into the stack for thread: 0x00007f8062edc000
RSI=0x0000080000000800 is an unknown value
RDI=0x0000000000000000 is an unknown value
R8 =0x000000012f546e00 is pointing into the stack for thread: 0x00007f8062edc000
R9 =0x000000012f548000 is pointing into the stack for thread: 0x00007f8062edc000
R10=0x0000000000000000 is an unknown value
R11=0x0000000000000246 is an unknown value
R12=0x000000012aa9feb0 is an unknown value
R13=0x0000000000000001 is an unknown value
R14=0x00007f806217b000 is an unknown value
R15=0x0000000129c2f9b0 is an unknown value


Stack: [0x000000012f448000,0x000000012f548000],  sp=0x000000012f547010,  free space=1020k
Native frames: (J=compiled Java code, j=interpreted, Vv=VM code, C=native code)
C  [libjfxwebkit.dylib+0xe2e8ae]  WTFCrash+0x3e
C  [libjfxwebkit.dylib+0x112508e]  _ZN3JSC18ErrorHandlingScopeC1ERNS_2VME+0x3e
C  [libjfxwebkit.dylib+0x112719c]  _ZN3JSC23throwStackOverflowErrorEPNS_9ExecStateE+0x2c
C  [libjfxwebkit.dylib+0xfdc090]  _ZN3JSC11Interpreter11executeCallEPNS_9ExecStateEPNS_8JSObjectENS_8CallTypeERKNS_8CallDataENS_7JSValueERKNS_7ArgListE+0xb0
C  [libjfxwebkit.dylib+0x110bfde]  _ZN3JSC4callEPNS_9ExecStateENS_7JSValueENS_8CallTypeERKNS_8CallDataES2_RKNS_7ArgListE+0x3e
C  [libjfxwebkit.dylib+0x117a560]  _ZN3JSC8JSObject12defaultValueEPKS0_PNS_9ExecStateENS_22PreferredPrimitiveTypeE+0x190
C  [libjfxwebkit.dylib+0x117efab]  _ZNK3JSC8JSObject8toStringEPNS_9ExecStateE+0x4b
C  [libjfxwebkit.dylib+0xa6b286]  Java_com_sun_webkit_dom_JSObject_toStringImpl+0x76
j  com.sun.webkit.dom.JSObject.toStringImpl(JI)Ljava/lang/String;+0
j  com.sun.webkit.dom.JSObject.toString()Ljava/lang/String;+8
j  java.lang.String.valueOf(Ljava/lang/Object;)Ljava/lang/String;+10
j  java.io.PrintStream.println(Ljava/lang/Object;)V+1
j  gmapsfx.javascript.JavascriptObject.invokeJavascript(Ljava/lang/String;)Ljava/lang/Object;+7
j  gmapsfx.javascript.JavascriptObject.invokeJavascriptReturnValue(Ljava/lang/String;Ljava/lang/Class;)Ljava/lang/Object;+2
j  gmapsfx.javascript.object.GoogleMap.getBounds()Lgmapsfx/javascript/object/LatLongBounds;+5
j  application.services.GeneralService.getBoundsArray()[F+4
j  application.services.GeneralService.writeDataToFile(Ljava/lang/String;)Z+1
j  application.services.GeneralService$1.call()Ljava/lang/String;+16
j  application.services.GeneralService$1.call()Ljava/lang/Object;+1
j  javafx.concurrent.Task$TaskCallable.call()Ljava/lang/Object;+26
J 4538 C1 java.util.concurrent.FutureTask.run()V (126 bytes) @ 0x00000001099466d4 [0x0000000109946480+0x254]
j  java.lang.Thread.run()V+11
v  ~StubRoutines::call_stub
V  [libjvm.dylib+0x2eab0e]
V  [libjvm.dylib+0x2eb29c]
V  [libjvm.dylib+0x2eb448]
V  [libjvm.dylib+0x345965]
V  [libjvm.dylib+0x5612d3]
V  [libjvm.dylib+0x5629ce]
V  [libjvm.dylib+0x48343a]
C  [libsystem_pthread.dylib+0x405a]  _pthread_body+0x83
C  [libsystem_pthread.dylib+0x3fd7]  _pthread_body+0x0
C  [libsystem_pthread.dylib+0x13ed]  thread_start+0xd
C  0x0000000000000000

Java frames: (J=compiled Java code, j=interpreted, Vv=VM code)
j  com.sun.webkit.dom.JSObject.toStringImpl(JI)Ljava/lang/String;+0
j  com.sun.webkit.dom.JSObject.toString()Ljava/lang/String;+8
j  java.lang.String.valueOf(Ljava/lang/Object;)Ljava/lang/String;+10
j  java.io.PrintStream.println(Ljava/lang/Object;)V+1
j  gmapsfx.javascript.JavascriptObject.invokeJavascript(Ljava/lang/String;)Ljava/lang/Object;+7
j  gmapsfx.javascript.JavascriptObject.invokeJavascriptReturnValue(Ljava/lang/String;Ljava/lang/Class;)Ljava/lang/Object;+2
j  gmapsfx.javascript.object.GoogleMap.getBounds()Lgmapsfx/javascript/object/LatLongBounds;+5
j  application.services.GeneralService.getBoundsArray()[F+4
j  application.services.GeneralService.writeDataToFile(Ljava/lang/String;)Z+1
j  application.services.GeneralService$1.call()Ljava/lang/String;+16
j  application.services.GeneralService$1.call()Ljava/lang/Object;+1
j  javafx.concurrent.Task$TaskCallable.call()Ljava/lang/Object;+26
J 4538 C1 java.util.concurrent.FutureTask.run()V (126 bytes) @ 0x00000001099466d4 [0x0000000109946480+0x254]
j  java.lang.Thread.run()V+11
v  ~StubRoutines::call_stub

---------------  P R O C E S S  ---------------

Java Threads: ( => current thread )
=>0x00007f8062edc000 JavaThread "Thread-143" [_thread_in_native, id=60291, stack(0x000000012f448000,0x000000012f548000)]
  0x00007f8062afc800 JavaThread "Watchdog-Timer-1" daemon [_thread_blocked, id=63235, stack(0x000000013346c000,0x000000013356c000)]
  0x00007f80619e9800 JavaThread "Prism Font Disposer" daemon [_thread_blocked, id=51487, stack(0x000000012a378000,0x000000012a478000)]
  0x00007f80618ce000 JavaThread "Disposer" daemon [_thread_blocked, id=49667, stack(0x0000000128f31000,0x0000000129031000)]
  0x00007f80629ea800 JavaThread "JavaFX-Launcher" [_thread_blocked, id=48643, stack(0x00000001268e8000,0x00000001269e8000)]
  0x00007f80618c9000 JavaThread "Thread-3" daemon [_thread_in_native, id=36355, stack(0x000000012565a000,0x00000001256da000)]
  0x00007f8062909800 JavaThread "JavaFX Application Thread" [_thread_in_native, id=1811, stack(0x00007fff577b7000,0x00007fff57fb7000)]
  0x00007f806113c000 JavaThread "Thread-1" daemon [_thread_blocked, id=24099, stack(0x00000001222f3000,0x00000001223f3000)]
  0x00007f8062036800 JavaThread "QuantumRenderer-0" daemon [_thread_blocked, id=19203, stack(0x000000012168a000,0x000000012178a000)]
  0x00007f806281b000 JavaThread "Service Thread" daemon [_thread_blocked, id=18179, stack(0x00000001213ee000,0x00000001214ee000)]
  0x00007f8061856800 JavaThread "C1 CompilerThread2" daemon [_thread_in_native, id=17667, stack(0x00000001212eb000,0x00000001213eb000)]
  0x00007f806204b800 JavaThread "C2 CompilerThread1" daemon [_thread_blocked, id=17155, stack(0x00000001211e8000,0x00000001212e8000)]
  0x00007f806182d000 JavaThread "C2 CompilerThread0" daemon [_thread_blocked, id=16643, stack(0x00000001210e5000,0x00000001211e5000)]
  0x00007f806182a000 JavaThread "Signal Dispatcher" daemon [_thread_blocked, id=16403, stack(0x0000000120fe2000,0x00000001210e2000)]
  0x00007f8061010000 JavaThread "Finalizer" daemon [_thread_blocked, id=11523, stack(0x000000011f5bb000,0x000000011f6bb000)]
  0x00007f806280e000 JavaThread "Reference Handler" daemon [_thread_blocked, id=11011, stack(0x000000011f4b8000,0x000000011f5b8000)]
  0x00007f8061006800 JavaThread "main" [_thread_blocked, id=4867, stack(0x0000000108ce9000,0x0000000108de9000)]

Other Threads:
  0x00007f8062014800 VMThread [stack: 0x000000011f3b5000,0x000000011f4b5000] [id=10499]
  0x00007f806281b800 WatcherThread [stack: 0x00000001214f1000,0x00000001215f1000] [id=18691]

VM state:not at safepoint (normal execution)

VM Mutex/Monitor currently owned by a thread: None

Heap:
 PSYoungGen      total 40448K, used 23792K [0x0000000795580000, 0x0000000798e80000, 0x00000007c0000000)
  eden space 31744K, 48% used [0x0000000795580000,0x00000007964877f0,0x0000000797480000)
  from space 8704K, 96% used [0x0000000797500000,0x0000000797d34b50,0x0000000797d80000)
  to   space 13312K, 0% used [0x0000000798180000,0x0000000798180000,0x0000000798e80000)
 ParOldGen       total 72192K, used 16512K [0x0000000740000000, 0x0000000744680000, 0x0000000795580000)
  object space 72192K, 22% used [0x0000000740000000,0x0000000741020020,0x0000000744680000)
 Metaspace       used 25141K, capacity 26674K, committed 26752K, reserved 1073152K
  class space    used 3448K, capacity 3707K, committed 3712K, reserved 1048576K

Card table byte_map: [0x0000000118a06000,0x0000000118e07000] byte_map_base: 0x0000000115006000

Marking Bits: (ParMarkBitMap*) 0x0000000108626e20
 Begin Bits: [0x00000001194be000, 0x000000011b4be000)
 End Bits:   [0x000000011b4be000, 0x000000011d4be000)

Polling page: 0x0000000108df9000

CodeCache: size=245760Kb used=13503Kb max_used=13503Kb free=232256Kb
 bounds [0x0000000109646000, 0x000000010a396000, 0x0000000118646000]
 total_blobs=5127 nmethods=4342 adapters=697
 compilation: enabled

Compilation events (10 events):
Event: 244.976 Thread 0x00007f8061856800 4973       3       java.util.regex.Pattern$Node::match (27 bytes)
Event: 244.976 Thread 0x00007f8061856800 nmethod 4973 0x000000010a3794d0 code [0x000000010a379640, 0x000000010a3797f0]
Event: 244.976 Thread 0x00007f8061856800 4974       3       java.util.regex.Pattern$CharProperty::match (56 bytes)
Event: 244.977 Thread 0x00007f8061856800 nmethod 4974 0x000000010a379910 code [0x000000010a379ac0, 0x000000010a379fa8]
Event: 244.977 Thread 0x00007f8061856800 4975       3       java.util.regex.Pattern$Dot::isSatisfiedBy (34 bytes)
Event: 244.977 Thread 0x00007f8061856800 nmethod 4975 0x000000010a37a110 code [0x000000010a37a280, 0x000000010a37a4f0]
Event: 244.978 Thread 0x00007f8061856800 4976       3       com.sun.javafx.iio.png.PNGImageLoader2::doUpFilter (33 bytes)
Event: 244.978 Thread 0x00007f806182d000 nmethod 4971 0x000000010a37d6d0 code [0x000000010a37d880, 0x000000010a37ddb8]
Event: 244.979 Thread 0x00007f8061856800 nmethod 4976 0x000000010a37d190 code [0x000000010a37d300, 0x000000010a37d550]
Event: 244.979 Thread 0x00007f806204b800 4977 %     4       com.sun.javafx.iio.png.PNGImageLoader2::doUpFilter @ 6 (33 bytes)

GC Heap History (10 events):
Event: 6.170 GC heap before
{Heap before GC invocations=4 (full 1):
 PSYoungGen      total 38400K, used 33280K [0x0000000795580000, 0x0000000798000000, 0x00000007c0000000)
  eden space 33280K, 100% used [0x0000000795580000,0x0000000797600000,0x0000000797600000)
  from space 5120K, 0% used [0x0000000797b00000,0x0000000797b00000,0x0000000798000000)
  to   space 5120K, 0% used [0x0000000797600000,0x0000000797600000,0x0000000797b00000)
 ParOldGen       total 72192K, used 10134K [0x0000000740000000, 0x0000000744680000, 0x0000000795580000)
  object space 72192K, 14% used [0x0000000740000000,0x00000007409e5a08,0x0000000744680000)
 Metaspace       used 22721K, capacity 24044K, committed 24320K, reserved 1071104K
  class space    used 3274K, capacity 3530K, committed 3584K, reserved 1048576K
Event: 6.178 GC heap after
Heap after GC invocations=4 (full 1):
 PSYoungGen      total 38400K, used 4960K [0x0000000795580000, 0x0000000798c80000, 0x00000007c0000000)
  eden space 33280K, 0% used [0x0000000795580000,0x0000000795580000,0x0000000797600000)
  from space 5120K, 96% used [0x0000000797600000,0x0000000797ad8260,0x0000000797b00000)
  to   space 5120K, 0% used [0x0000000798780000,0x0000000798780000,0x0000000798c80000)
 ParOldGen       total 72192K, used 10142K [0x0000000740000000, 0x0000000744680000, 0x0000000795580000)
  object space 72192K, 14% used [0x0000000740000000,0x00000007409e7a08,0x0000000744680000)
 Metaspace       used 22721K, capacity 24044K, committed 24320K, reserved 1071104K
  class space    used 3274K, capacity 3530K, committed 3584K, reserved 1048576K
}
Event: 193.812 GC heap before
{Heap before GC invocations=5 (full 1):
 PSYoungGen      total 38400K, used 38239K [0x0000000795580000, 0x0000000798c80000, 0x00000007c0000000)
  eden space 33280K, 99% used [0x0000000795580000,0x00000007975ffa08,0x0000000797600000)
  from space 5120K, 96% used [0x0000000797600000,0x0000000797ad8260,0x0000000797b00000)
  to   space 5120K, 0% used [0x0000000798780000,0x0000000798780000,0x0000000798c80000)
 ParOldGen       total 72192K, used 10142K [0x0000000740000000, 0x0000000744680000, 0x0000000795580000)
  object space 72192K, 14% used [0x0000000740000000,0x00000007409e7a08,0x0000000744680000)
 Metaspace       used 24009K, capacity 25430K, committed 25728K, reserved 1071104K
  class space    used 3413K, capacity 3657K, committed 3712K, reserved 1048576K
Event: 193.826 GC heap after
Heap after GC invocations=5 (full 1):
 PSYoungGen      total 38400K, used 5118K [0x0000000795580000, 0x0000000798c80000, 0x00000007c0000000)
  eden space 33280K, 0% used [0x0000000795580000,0x0000000795580000,0x0000000797600000)
  from space 5120K, 99% used [0x0000000798780000,0x0000000798c7f870,0x0000000798c80000)
  to   space 5120K, 0% used [0x0000000797600000,0x0000000797600000,0x0000000797b00000)
 ParOldGen       total 72192K, used 11681K [0x0000000740000000, 0x0000000744680000, 0x0000000795580000)
  object space 72192K, 16% used [0x0000000740000000,0x0000000740b68458,0x0000000744680000)
 Metaspace       used 24009K, capacity 25430K, committed 25728K, reserved 1071104K
  class space    used 3413K, capacity 3657K, committed 3712K, reserved 1048576K
}
Event: 203.317 GC heap before
{Heap before GC invocations=6 (full 1):
 PSYoungGen      total 38400K, used 38304K [0x0000000795580000, 0x0000000798c80000, 0x00000007c0000000)
  eden space 33280K, 99% used [0x0000000795580000,0x00000007975e8970,0x0000000797600000)
  from space 5120K, 99% used [0x0000000798780000,0x0000000798c7f870,0x0000000798c80000)
  to   space 5120K, 0% used [0x0000000797600000,0x0000000797600000,0x0000000797b00000)
 ParOldGen       total 72192K, used 11681K [0x0000000740000000, 0x0000000744680000, 0x0000000795580000)
  object space 72192K, 16% used [0x0000000740000000,0x0000000740b68458,0x0000000744680000)
 Metaspace       used 24519K, capacity 25972K, committed 25984K, reserved 1071104K
  class space    used 3437K, capacity 3700K, committed 3712K, reserved 1048576K
Event: 203.329 GC heap after
Heap after GC invocations=6 (full 1):
 PSYoungGen      total 37888K, used 5116K [0x0000000795580000, 0x0000000799080000, 0x00000007c0000000)
  eden space 32768K, 0% used [0x0000000795580000,0x0000000795580000,0x0000000797580000)
  from space 5120K, 99% used [0x0000000797600000,0x0000000797aff358,0x0000000797b00000)
  to   space 13824K, 0% used [0x0000000798300000,0x0000000798300000,0x0000000799080000)
 ParOldGen       total 72192K, used 16496K [0x0000000740000000, 0x0000000744680000, 0x0000000795580000)
  object space 72192K, 22% used [0x0000000740000000,0x000000074101c020,0x0000000744680000)
 Metaspace       used 24519K, capacity 25972K, committed 25984K, reserved 1071104K
  class space    used 3437K, capacity 3700K, committed 3712K, reserved 1048576K
}
Event: 211.126 GC heap before
{Heap before GC invocations=7 (full 1):
 PSYoungGen      total 37888K, used 37830K [0x0000000795580000, 0x0000000799080000, 0x00000007c0000000)
  eden space 32768K, 99% used [0x0000000795580000,0x0000000797572570,0x0000000797580000)
  from space 5120K, 99% used [0x0000000797600000,0x0000000797aff358,0x0000000797b00000)
  to   space 13824K, 0% used [0x0000000798300000,0x0000000798300000,0x0000000799080000)
 ParOldGen       total 72192K, used 16496K [0x0000000740000000, 0x0000000744680000, 0x0000000795580000)
  object space 72192K, 22% used [0x0000000740000000,0x000000074101c020,0x0000000744680000)
 Metaspace       used 24687K, capacity 26164K, committed 26240K, reserved 1071104K
  class space    used 3437K, capacity 3700K, committed 3712K, reserved 1048576K
Event: 211.142 GC heap after
Heap after GC invocations=7 (full 1):
 PSYoungGen      total 45568K, used 9636K [0x0000000795580000, 0x0000000799000000, 0x00000007c0000000)
  eden space 32256K, 0% used [0x0000000795580000,0x0000000795580000,0x0000000797500000)
  from space 13312K, 72% used [0x0000000798300000,0x0000000798c69070,0x0000000799000000)
  to   space 13824K, 0% used [0x0000000797500000,0x0000000797500000,0x0000000798280000)
 ParOldGen       total 72192K, used 16504K [0x0000000740000000, 0x0000000744680000, 0x0000000795580000)
  object space 72192K, 22% used [0x0000000740000000,0x000000074101e020,0x0000000744680000)
 Metaspace       used 24687K, capacity 26164K, committed 26240K, reserved 1071104K
  class space    used 3437K, capacity 3700K, committed 3712K, reserved 1048576K
}
Event: 215.400 GC heap before
{Heap before GC invocations=8 (full 1):
 PSYoungGen      total 45568K, used 41892K [0x0000000795580000, 0x0000000799000000, 0x00000007c0000000)
  eden space 32256K, 100% used [0x0000000795580000,0x0000000797500000,0x0000000797500000)
  from space 13312K, 72% used [0x0000000798300000,0x0000000798c69070,0x0000000799000000)
  to   space 13824K, 0% used [0x0000000797500000,0x0000000797500000,0x0000000798280000)
 ParOldGen       total 72192K, used 16504K [0x0000000740000000, 0x0000000744680000, 0x0000000795580000)
  object space 72192K, 22% used [0x0000000740000000,0x000000074101e020,0x0000000744680000)
 Metaspace       used 24855K, capacity 26328K, committed 26496K, reserved 1073152K
  class space    used 3437K, capacity 3700K, committed 3712K, reserved 1048576K
Event: 215.405 GC heap after
Heap after GC invocations=8 (full 1):
 PSYoungGen      total 40448K, used 8402K [0x0000000795580000, 0x0000000798e80000, 0x00000007c0000000)
  eden space 31744K, 0% used [0x0000000795580000,0x0000000795580000,0x0000000797480000)
  from space 8704K, 96% used [0x0000000797500000,0x0000000797d34b50,0x0000000797d80000)
  to   space 13312K, 0% used [0x0000000798180000,0x0000000798180000,0x0000000798e80000)
 ParOldGen       total 72192K, used 16512K [0x0000000740000000, 0x0000000744680000, 0x0000000795580000)
  object space 72192K, 22% used [0x0000000740000000,0x0000000741020020,0x0000000744680000)
 Metaspace       used 24855K, capacity 26328K, committed 26496K, reserved 1073152K
  class space    used 3437K, capacity 3700K, committed 3712K, reserved 1048576K
}

Deoptimization events (10 events):
Event: 222.787 Thread 0x00007f8062036800 Uncommon trap: reason=unstable_if action=reinterpret pc=0x000000010a15f044 method=com.sun.javafx.geom.BoxBounds.deriveWithNewBounds(FFFFFF)Lcom/sun/javafx/geom/BaseBounds; @ 4
Event: 222.787 Thread 0x00007f8062036800 Uncommon trap: reason=unstable_if action=reinterpret pc=0x000000010a16181c method=com.sun.javafx.geom.BoxBounds.isEmpty()Z @ 9
Event: 222.787 Thread 0x00007f8062036800 Uncommon trap: reason=unstable_if action=reinterpret pc=0x000000010a158ff8 method=com.sun.javafx.geom.RectBounds.intersects(Lcom/sun/javafx/geom/BaseBounds;)Z @ 8
Event: 223.288 Thread 0x00007f8062036800 Uncommon trap: reason=unstable_if action=reinterpret pc=0x000000010a157f24 method=com.sun.javafx.geom.BoxBounds.deriveWithNewBounds(FFFFFF)Lcom/sun/javafx/geom/BaseBounds; @ 4
Event: 223.288 Thread 0x00007f8062036800 Uncommon trap: reason=unstable_if action=reinterpret pc=0x000000010a149e38 method=com.sun.javafx.geom.BoxBounds.isEmpty()Z @ 9
Event: 223.790 Thread 0x00007f8062036800 Uncommon trap: reason=unstable_if action=reinterpret pc=0x000000010a149ab8 method=com.sun.javafx.geom.BoxBounds.isEmpty()Z @ 9
Event: 224.868 Thread 0x00007f8062909800 Uncommon trap: reason=unstable_if action=reinterpret pc=0x0000000109907c84 method=java.lang.Integer.equals(Ljava/lang/Object;)Z @ 18
Event: 224.876 Thread 0x00007f8062909800 Uncommon trap: reason=unstable_if action=reinterpret pc=0x0000000109debc38 method=javafx.scene.Node.updateBounds()V @ 27
Event: 225.213 Thread 0x00007f8062909800 Uncommon trap: reason=unstable_if action=reinterpret pc=0x0000000109d1bc84 method=com.sun.javafx.text.TextRun.getPosX(I)F @ 75
Event: 244.964 Thread 0x00007f8062909800 Uncommon trap: reason=class_check action=maybe_recompile pc=0x000000010a1fa8fc method=java.util.regex.Pattern$Slice.match(Ljava/util/regex/Matcher;ILjava/lang/CharSequence;)Z @ 75

Internal exceptions (10 events):
Event: 6.591 Thread 0x00007f8062036800 Implicit null exception at 0x000000010994b9fe to 0x000000010994ba3d
Event: 6.591 Thread 0x00007f8062036800 Exception <a 'java/lang/NullPointerException'> (0x0000000796253d28) thrown at [/Users/java_re/workspace/8-2-build-macosx-x86_64/jdk8u60/4407/hotspot/src/share/vm/runtime/sharedRuntime.cpp, line 605]
Event: 6.592 Thread 0x00007f8062036800 Implicit null exception at 0x000000010994b9fe to 0x000000010994ba3d
Event: 6.592 Thread 0x00007f8062036800 Exception <a 'java/lang/NullPointerException'> (0x00000007962546c8) thrown at [/Users/java_re/workspace/8-2-build-macosx-x86_64/jdk8u60/4407/hotspot/src/share/vm/runtime/sharedRuntime.cpp, line 605]
Event: 6.592 Thread 0x00007f8062036800 Implicit null exception at 0x000000010994b9fe to 0x000000010994ba3d
Event: 6.592 Thread 0x00007f8062036800 Exception <a 'java/lang/NullPointerException'> (0x0000000796255068) thrown at [/Users/java_re/workspace/8-2-build-macosx-x86_64/jdk8u60/4407/hotspot/src/share/vm/runtime/sharedRuntime.cpp, line 605]
Event: 167.266 Thread 0x00007f8062909800 Implicit null exception at 0x00000001098c06f5 to 0x00000001098c07a9
Event: 167.274 Thread 0x00007f8062909800 Implicit null exception at 0x0000000109e2f5b8 to 0x0000000109e2fffd
Event: 203.351 Thread 0x00007f8062036800 Implicit null exception at 0x0000000109c51195 to 0x0000000109c511d5
Event: 203.352 Thread 0x00007f8062036800 Implicit null exception at 0x0000000109d9092c to 0x0000000109d90975

Events (10 events):
Event: 244.970 loading class javafx/event/Event done
Event: 244.970 loading class javafx/scene/control/Button
Event: 244.970 loading class javafx/scene/control/Button done
Event: 244.970 loading class javafx/concurrent/WorkerStateEvent
Event: 244.970 loading class javafx/concurrent/WorkerStateEvent done
Event: 244.970 loading class javafx/scene/control/Button
Event: 244.970 loading class javafx/scene/control/Button done
Event: 244.970 Thread 0x00007f8062edc000 Thread added: 0x00007f8062edc000
Event: 244.971 loading class gmapsfx/javascript/object/LatLongBounds
Event: 244.971 loading class gmapsfx/javascript/object/LatLongBounds done


Dynamic libraries:
0x0000000008911000 	/System/Library/Frameworks/Cocoa.framework/Versions/A/Cocoa
0x0000000008911000 	/System/Library/Frameworks/Security.framework/Versions/A/Security
0x0000000008911000 	/System/Library/Frameworks/ApplicationServices.framework/Versions/A/ApplicationServices
0x0000000008911000 	/usr/lib/libz.1.dylib
0x0000000008911000 	/usr/lib/libSystem.B.dylib
0x0000000008911000 	/usr/lib/libobjc.A.dylib
0x0000000008911000 	/System/Library/Frameworks/CoreFoundation.framework/Versions/A/CoreFoundation
0x0000000008911000 	/System/Library/Frameworks/Foundation.framework/Versions/C/Foundation
0x0000000008911000 	/System/Library/Frameworks/AppKit.framework/Versions/C/AppKit
0x0000000008911000 	/System/Library/Frameworks/CoreData.framework/Versions/A/CoreData
0x0000000008911000 	/System/Library/PrivateFrameworks/RemoteViewServices.framework/Versions/A/RemoteViewServices
0x0000000008911000 	/System/Library/PrivateFrameworks/UIFoundation.framework/Versions/A/UIFoundation
0x0000000008911000 	/System/Library/Frameworks/IOSurface.framework/Versions/A/IOSurface
0x0000000008911000 	/System/Library/Frameworks/AudioToolbox.framework/Versions/A/AudioToolbox
0x0000000008911000 	/System/Library/Frameworks/AudioUnit.framework/Versions/A/AudioUnit
0x0000000008911000 	/System/Library/PrivateFrameworks/DataDetectorsCore.framework/Versions/A/DataDetectorsCore
0x0000000008911000 	/System/Library/PrivateFrameworks/DesktopServicesPriv.framework/Versions/A/DesktopServicesPriv
0x0000000008911000 	/System/Library/Frameworks/Carbon.framework/Versions/A/Frameworks/HIToolbox.framework/Versions/A/HIToolbox
0x0000000008911000 	/System/Library/Frameworks/QuartzCore.framework/Versions/A/QuartzCore
0x0000000008911000 	/System/Library/Frameworks/Carbon.framework/Versions/A/Frameworks/SpeechRecognition.framework/Versions/A/SpeechRecognition
0x0000000008911000 	/usr/lib/libauto.dylib
0x0000000008911000 	/usr/lib/libicucore.A.dylib
0x0000000008911000 	/usr/lib/libxml2.2.dylib
0x0000000008911000 	/System/Library/PrivateFrameworks/CoreUI.framework/Versions/A/CoreUI
0x0000000008911000 	/System/Library/Frameworks/CoreAudio.framework/Versions/A/CoreAudio
0x0000000008911000 	/System/Library/Frameworks/DiskArbitration.framework/Versions/A/DiskArbitration
0x0000000008911000 	/usr/lib/liblangid.dylib
0x0000000008911000 	/System/Library/PrivateFrameworks/MultitouchSupport.framework/Versions/A/MultitouchSupport
0x0000000008911000 	/System/Library/Frameworks/IOKit.framework/Versions/A/IOKit
0x0000000008911000 	/usr/lib/libDiagnosticMessagesClient.dylib
0x0000000008911000 	/System/Library/Frameworks/CoreServices.framework/Versions/A/CoreServices
0x0000000008911000 	/System/Library/PrivateFrameworks/PerformanceAnalysis.framework/Versions/A/PerformanceAnalysis
0x0000000008911000 	/System/Library/PrivateFrameworks/GenerationalStorage.framework/Versions/A/GenerationalStorage
0x0000000008911000 	/System/Library/Frameworks/OpenGL.framework/Versions/A/OpenGL
0x0000000008911000 	/System/Library/PrivateFrameworks/Sharing.framework/Versions/A/Sharing
0x0000000008911000 	/System/Library/Frameworks/CoreGraphics.framework/Versions/A/CoreGraphics
0x0000000008911000 	/System/Library/Frameworks/CoreText.framework/Versions/A/CoreText
0x0000000008911000 	/System/Library/Frameworks/ImageIO.framework/Versions/A/ImageIO
0x0000000008911000 	/usr/lib/libextension.dylib
0x0000000008911000 	/System/Library/PrivateFrameworks/Backup.framework/Versions/A/Backup
0x0000000008911000 	/usr/lib/libarchive.2.dylib
0x0000000008911000 	/System/Library/Frameworks/CFNetwork.framework/Versions/A/CFNetwork
0x0000000008911000 	/System/Library/Frameworks/SystemConfiguration.framework/Versions/A/SystemConfiguration
0x0000000008911000 	/usr/lib/libCRFSuite.dylib
0x0000000008911000 	/usr/lib/libc++.1.dylib
0x0000000008911000 	/usr/lib/libc++abi.dylib
0x0000000008911000 	/usr/lib/system/libcache.dylib
0x0000000008911000 	/usr/lib/system/libcommonCrypto.dylib
0x0000000008911000 	/usr/lib/system/libcompiler_rt.dylib
0x0000000008911000 	/usr/lib/system/libcopyfile.dylib
0x0000000008911000 	/usr/lib/system/libcorecrypto.dylib
0x0000000008911000 	/usr/lib/system/libdispatch.dylib
0x0000000008911000 	/usr/lib/system/libdyld.dylib
0x0000000008911000 	/usr/lib/system/libkeymgr.dylib
0x0000000008911000 	/usr/lib/system/liblaunch.dylib
0x0000000008911000 	/usr/lib/system/libmacho.dylib
0x0000000008911000 	/usr/lib/system/libquarantine.dylib
0x0000000008911000 	/usr/lib/system/libremovefile.dylib
0x0000000008911000 	/usr/lib/system/libsystem_asl.dylib
0x0000000008911000 	/usr/lib/system/libsystem_blocks.dylib
0x0000000008911000 	/usr/lib/system/libsystem_c.dylib
0x0000000008911000 	/usr/lib/system/libsystem_configuration.dylib
0x0000000008911000 	/usr/lib/system/libsystem_coreservices.dylib
0x0000000008911000 	/usr/lib/system/libsystem_coretls.dylib
0x0000000008911000 	/usr/lib/system/libsystem_dnssd.dylib
0x0000000008911000 	/usr/lib/system/libsystem_info.dylib
0x0000000008911000 	/usr/lib/system/libsystem_kernel.dylib
0x0000000008911000 	/usr/lib/system/libsystem_m.dylib
0x0000000008911000 	/usr/lib/system/libsystem_malloc.dylib
0x0000000008911000 	/usr/lib/system/libsystem_network.dylib
0x0000000008911000 	/usr/lib/system/libsystem_networkextension.dylib
0x0000000008911000 	/usr/lib/system/libsystem_notify.dylib
0x0000000008911000 	/usr/lib/system/libsystem_platform.dylib
0x0000000008911000 	/usr/lib/system/libsystem_pthread.dylib
0x0000000008911000 	/usr/lib/system/libsystem_sandbox.dylib
0x0000000008911000 	/usr/lib/system/libsystem_secinit.dylib
0x0000000008911000 	/usr/lib/system/libsystem_stats.dylib
0x0000000008911000 	/usr/lib/system/libsystem_trace.dylib
0x0000000008911000 	/usr/lib/system/libunc.dylib
0x0000000008911000 	/usr/lib/system/libunwind.dylib
0x0000000008911000 	/usr/lib/system/libxpc.dylib
0x0000000008911000 	/usr/lib/libbz2.1.0.dylib
0x0000000008911000 	/usr/lib/liblzma.5.dylib
0x0000000008911000 	/usr/lib/libbsm.0.dylib
0x0000000008911000 	/usr/lib/libsqlite3.dylib
0x0000000008911000 	/usr/lib/system/libkxld.dylib
0x0000000008911000 	/usr/lib/libxar.1.dylib
0x0000000008911000 	/usr/lib/libpam.2.dylib
0x0000000008911000 	/usr/lib/libOpenScriptingUtil.dylib
0x0000000008911000 	/System/Library/Frameworks/CoreServices.framework/Versions/A/Frameworks/FSEvents.framework/Versions/A/FSEvents
0x0000000008911000 	/System/Library/Frameworks/CoreServices.framework/Versions/A/Frameworks/CarbonCore.framework/Versions/A/CarbonCore
0x0000000008911000 	/System/Library/Frameworks/CoreServices.framework/Versions/A/Frameworks/Metadata.framework/Versions/A/Metadata
0x0000000008911000 	/System/Library/Frameworks/CoreServices.framework/Versions/A/Frameworks/OSServices.framework/Versions/A/OSServices
0x0000000008911000 	/System/Library/Frameworks/CoreServices.framework/Versions/A/Frameworks/SearchKit.framework/Versions/A/SearchKit
0x0000000008911000 	/System/Library/Frameworks/CoreServices.framework/Versions/A/Frameworks/AE.framework/Versions/A/AE
0x0000000008911000 	/System/Library/Frameworks/CoreServices.framework/Versions/A/Frameworks/LaunchServices.framework/Versions/A/LaunchServices
0x0000000008911000 	/System/Library/Frameworks/CoreServices.framework/Versions/A/Frameworks/DictionaryServices.framework/Versions/A/DictionaryServices
0x0000000008911000 	/System/Library/Frameworks/NetFS.framework/Versions/A/NetFS
0x0000000008911000 	/System/Library/PrivateFrameworks/NetAuth.framework/Versions/A/NetAuth
0x0000000008911000 	/System/Library/PrivateFrameworks/login.framework/Versions/A/Frameworks/loginsupport.framework/Versions/A/loginsupport
0x0000000008911000 	/System/Library/PrivateFrameworks/TCC.framework/Versions/A/TCC
0x0000000008911000 	/usr/lib/libmecabra.dylib
0x0000000008911000 	/System/Library/Frameworks/ApplicationServices.framework/Versions/A/Frameworks/ATS.framework/Versions/A/ATS
0x0000000008911000 	/System/Library/Frameworks/ApplicationServices.framework/Versions/A/Frameworks/ColorSync.framework/Versions/A/ColorSync
0x0000000008911000 	/System/Library/Frameworks/ApplicationServices.framework/Versions/A/Frameworks/HIServices.framework/Versions/A/HIServices
0x0000000008911000 	/System/Library/Frameworks/ApplicationServices.framework/Versions/A/Frameworks/LangAnalysis.framework/Versions/A/LangAnalysis
0x0000000008911000 	/System/Library/Frameworks/ApplicationServices.framework/Versions/A/Frameworks/PrintCore.framework/Versions/A/PrintCore
0x0000000008911000 	/System/Library/Frameworks/ApplicationServices.framework/Versions/A/Frameworks/QD.framework/Versions/A/QD
0x0000000008911000 	/System/Library/Frameworks/ApplicationServices.framework/Versions/A/Frameworks/SpeechSynthesis.framework/Versions/A/SpeechSynthesis
0x0000000008911000 	/System/Library/Frameworks/Accelerate.framework/Versions/A/Accelerate
0x0000000008911000 	/System/Library/Frameworks/Accelerate.framework/Versions/A/Frameworks/vImage.framework/Versions/A/vImage
0x0000000008911000 	/System/Library/Frameworks/Accelerate.framework/Versions/A/Frameworks/vecLib.framework/Versions/A/vecLib
0x0000000008911000 	/System/Library/Frameworks/Accelerate.framework/Versions/A/Frameworks/vecLib.framework/Versions/A/libvDSP.dylib
0x0000000008911000 	/System/Library/Frameworks/Accelerate.framework/Versions/A/Frameworks/vecLib.framework/Versions/A/libvMisc.dylib
0x0000000008911000 	/System/Library/Frameworks/Accelerate.framework/Versions/A/Frameworks/vecLib.framework/Versions/A/libLAPACK.dylib
0x0000000008911000 	/System/Library/Frameworks/Accelerate.framework/Versions/A/Frameworks/vecLib.framework/Versions/A/libBLAS.dylib
0x0000000008911000 	/System/Library/Frameworks/Accelerate.framework/Versions/A/Frameworks/vecLib.framework/Versions/A/libLinearAlgebra.dylib
0x0000000008911000 	/System/Library/Frameworks/ApplicationServices.framework/Versions/A/Frameworks/ATS.framework/Versions/A/Resources/libFontParser.dylib
0x0000000008911000 	/System/Library/Frameworks/ApplicationServices.framework/Versions/A/Frameworks/ATS.framework/Versions/A/Resources/libFontRegistry.dylib
0x0000000008911000 	/System/Library/PrivateFrameworks/AppleVPA.framework/Versions/A/AppleVPA
0x0000000008911000 	/System/Library/PrivateFrameworks/AppleJPEG.framework/Versions/A/AppleJPEG
0x0000000008911000 	/System/Library/Frameworks/ImageIO.framework/Versions/A/Resources/libJPEG.dylib
0x0000000008911000 	/System/Library/Frameworks/ImageIO.framework/Versions/A/Resources/libTIFF.dylib
0x0000000008911000 	/System/Library/Frameworks/ImageIO.framework/Versions/A/Resources/libPng.dylib
0x0000000008911000 	/System/Library/Frameworks/ImageIO.framework/Versions/A/Resources/libGIF.dylib
0x0000000008911000 	/System/Library/Frameworks/ImageIO.framework/Versions/A/Resources/libJP2.dylib
0x0000000008911000 	/System/Library/Frameworks/ImageIO.framework/Versions/A/Resources/libRadiance.dylib
0x0000000008911000 	/System/Library/Frameworks/CoreVideo.framework/Versions/A/CoreVideo
0x0000000008911000 	/System/Library/Frameworks/OpenGL.framework/Versions/A/Libraries/libGLU.dylib
0x0000000008911000 	/System/Library/Frameworks/OpenGL.framework/Versions/A/Libraries/libGFXShared.dylib
0x0000000008911000 	/System/Library/Frameworks/OpenGL.framework/Versions/A/Libraries/libGL.dylib
0x0000000008911000 	/System/Library/Frameworks/OpenGL.framework/Versions/A/Libraries/libGLImage.dylib
0x0000000008911000 	/System/Library/Frameworks/OpenGL.framework/Versions/A/Libraries/libCVMSPluginSupport.dylib
0x0000000008911000 	/System/Library/Frameworks/OpenGL.framework/Versions/A/Libraries/libCoreVMClient.dylib
0x0000000008911000 	/usr/lib/libcups.2.dylib
0x0000000008911000 	/System/Library/Frameworks/Kerberos.framework/Versions/A/Kerberos
0x0000000008911000 	/System/Library/Frameworks/GSS.framework/Versions/A/GSS
0x0000000008911000 	/usr/lib/libresolv.9.dylib
0x0000000008911000 	/usr/lib/libiconv.2.dylib
0x0000000008911000 	/System/Library/PrivateFrameworks/Heimdal.framework/Versions/A/Heimdal
0x0000000008911000 	/usr/lib/libheimdal-asn1.dylib
0x0000000008911000 	/System/Library/Frameworks/OpenDirectory.framework/Versions/A/OpenDirectory
0x0000000008911000 	/System/Library/PrivateFrameworks/CommonAuth.framework/Versions/A/CommonAuth
0x0000000008911000 	/System/Library/Frameworks/OpenDirectory.framework/Versions/A/Frameworks/CFOpenDirectory.framework/Versions/A/CFOpenDirectory
0x0000000008911000 	/System/Library/Frameworks/SecurityFoundation.framework/Versions/A/SecurityFoundation
0x0000000008911000 	/System/Library/PrivateFrameworks/LanguageModeling.framework/Versions/A/LanguageModeling
0x0000000008911000 	/usr/lib/libcmph.dylib
0x0000000008911000 	/System/Library/Frameworks/ServiceManagement.framework/Versions/A/ServiceManagement
0x0000000008911000 	/usr/lib/libxslt.1.dylib
0x0000000008911000 	/System/Library/Frameworks/Carbon.framework/Versions/A/Frameworks/Ink.framework/Versions/A/Ink
0x0000000008911000 	/System/Library/Frameworks/QuartzCore.framework/Versions/A/Frameworks/CoreImage.framework/Versions/A/CoreImage
0x0000000008911000 	/System/Library/PrivateFrameworks/CrashReporterSupport.framework/Versions/A/CrashReporterSupport
0x0000000008911000 	/System/Library/Frameworks/OpenCL.framework/Versions/A/OpenCL
0x0000000008911000 	/System/Library/PrivateFrameworks/FaceCore.framework/Versions/A/FaceCore
0x0000000008911000 	/System/Library/PrivateFrameworks/Ubiquity.framework/Versions/A/Ubiquity
0x0000000008911000 	/System/Library/PrivateFrameworks/IconServices.framework/Versions/A/IconServices
0x0000000008911000 	/System/Library/PrivateFrameworks/ChunkingLibrary.framework/Versions/A/ChunkingLibrary
0x0000000008911000 	/System/Library/PrivateFrameworks/Apple80211.framework/Versions/A/Apple80211
0x0000000008911000 	/System/Library/Frameworks/CoreWLAN.framework/Versions/A/CoreWLAN
0x0000000008911000 	/System/Library/Frameworks/IOBluetooth.framework/Versions/A/IOBluetooth
0x0000000008911000 	/System/Library/PrivateFrameworks/CoreWiFi.framework/Versions/A/CoreWiFi
0x0000000008911000 	/System/Library/Frameworks/CoreBluetooth.framework/Versions/A/CoreBluetooth
0x0000000008911000 	/System/Library/PrivateFrameworks/DebugSymbols.framework/Versions/A/DebugSymbols
0x0000000008911000 	/System/Library/PrivateFrameworks/CoreSymbolication.framework/Versions/A/CoreSymbolication
0x0000000008911000 	/System/Library/PrivateFrameworks/Symbolication.framework/Versions/A/Symbolication
0x0000000008911000 	/System/Library/PrivateFrameworks/SpeechRecognitionCore.framework/Versions/A/SpeechRecognitionCore
0x0000000107d48000 	/Library/Java/JavaVirtualMachines/jdk1.8.0_60.jdk/Contents/Home/jre/lib/server/libjvm.dylib
0x0000000008911000 	/usr/lib/libstdc++.6.dylib
0x0000000108deb000 	/Library/Java/JavaVirtualMachines/jdk1.8.0_60.jdk/Contents/Home/jre/lib/libverify.dylib
0x0000000109600000 	/Library/Java/JavaVirtualMachines/jdk1.8.0_60.jdk/Contents/Home/jre/lib/libjava.dylib
0x000000010963d000 	/Library/Java/JavaVirtualMachines/jdk1.8.0_60.jdk/Contents/Home/jre/lib/libzip.dylib
0x000000011f6bd000 	/System/Library/Frameworks/JavaVM.framework/Frameworks/JavaRuntimeSupport.framework/JavaRuntimeSupport
0x000000011f6d3000 	/System/Library/Frameworks/JavaVM.framework/Versions/A/Frameworks/JavaNativeFoundation.framework/Versions/A/JavaNativeFoundation
0x000000011f6e7000 	/System/Library/Frameworks/JavaVM.framework/Versions/A/JavaVM
0x0000000008911000 	/System/Library/Frameworks/Carbon.framework/Versions/A/Carbon
0x000000011f6f3000 	/System/Library/PrivateFrameworks/JavaLaunching.framework/Versions/A/JavaLaunching
0x0000000008911000 	/System/Library/Frameworks/Carbon.framework/Versions/A/Frameworks/CommonPanels.framework/Versions/A/CommonPanels
0x0000000008911000 	/System/Library/Frameworks/Carbon.framework/Versions/A/Frameworks/Help.framework/Versions/A/Help
0x0000000008911000 	/System/Library/Frameworks/Carbon.framework/Versions/A/Frameworks/ImageCapture.framework/Versions/A/ImageCapture
0x0000000008911000 	/System/Library/Frameworks/Carbon.framework/Versions/A/Frameworks/OpenScripting.framework/Versions/A/OpenScripting
0x0000000008911000 	/System/Library/Frameworks/Carbon.framework/Versions/A/Frameworks/Print.framework/Versions/A/Print
0x0000000008911000 	/System/Library/Frameworks/Carbon.framework/Versions/A/Frameworks/SecurityHI.framework/Versions/A/SecurityHI
0x000000012178c000 	/Library/Java/JavaVirtualMachines/jdk1.8.0_60.jdk/Contents/Home/jre/lib/libprism_es2.dylib
0x0000000008911000 	/System/Library/Frameworks/OpenGL.framework/Versions/A/Resources/GLEngine.bundle/GLEngine
0x0000000008911000 	/System/Library/Frameworks/OpenGL.framework/Versions/A/Libraries/libGLProgrammability.dylib
0x0000000121806000 	/System/Library/Extensions/AppleIntelHD4000GraphicsGLDriver.bundle/Contents/MacOS/AppleIntelHD4000GraphicsGLDriver
0x0000000008911000 	/System/Library/PrivateFrameworks/IOAccelerator.framework/Versions/A/IOAccelerator
0x0000000008911000 	/System/Library/PrivateFrameworks/GPUSupport.framework/Versions/A/Libraries/libGPUSupportMercury.dylib
0x0000000008911000 	/System/Library/Frameworks/OpenGL.framework/Versions/A/Resources/GLRendererFloat.bundle/GLRendererFloat
0x0000000008911000 	/System/Library/Frameworks/OpenCL.framework/Versions/A/Libraries/libcldcpuengine.dylib
0x0000000008911000 	/System/Library/PrivateFrameworks/DiskImages.framework/Versions/A/DiskImages
0x0000000008911000 	/System/Library/Frameworks/DiscRecording.framework/Versions/A/DiscRecording
0x0000000008911000 	/usr/lib/libcsfde.dylib
0x0000000008911000 	/usr/lib/libcurl.4.dylib
0x0000000008911000 	/System/Library/PrivateFrameworks/MediaKit.framework/Versions/A/MediaKit
0x0000000008911000 	/System/Library/PrivateFrameworks/ProtectedCloudStorage.framework/Versions/A/ProtectedCloudStorage
0x0000000008911000 	/usr/lib/libCoreStorage.dylib
0x0000000008911000 	/System/Library/PrivateFrameworks/EFILogin.framework/Versions/A/EFILogin
0x0000000008911000 	/usr/lib/libutil.dylib
0x0000000008911000 	/System/Library/PrivateFrameworks/FindMyDevice.framework/Versions/A/FindMyDevice
0x0000000008911000 	/System/Library/Frameworks/LDAP.framework/Versions/A/LDAP
0x0000000008911000 	/usr/lib/libsasl2.2.dylib
0x0000000008911000 	/System/Library/PrivateFrameworks/CoreDaemon.framework/Versions/B/CoreDaemon
0x0000000008911000 	/usr/lib/libcrypto.0.9.8.dylib
0x0000000008911000 	/System/Library/PrivateFrameworks/AppleSRP.framework/Versions/A/AppleSRP
0x0000000008911000 	/System/Library/PrivateFrameworks/TrustEvaluationAgent.framework/Versions/A/TrustEvaluationAgent
0x0000000122293000 	/Library/Java/JavaVirtualMachines/jdk1.8.0_60.jdk/Contents/Home/jre/lib/libglass.dylib
0x0000000008911000 	/System/Library/PrivateFrameworks/CoreServicesInternal.framework/Versions/A/CoreServicesInternal
0x0000000008911000 	/System/Library/PrivateFrameworks/CloudDocs.framework/Versions/A/CloudDocs
0x0000000008911000 	/System/Library/PrivateFrameworks/CoreDuet.framework/Versions/A/CoreDuet
0x0000000008911000 	/System/Library/Frameworks/CloudKit.framework/Versions/A/CloudKit
0x0000000008911000 	/System/Library/PrivateFrameworks/ProtocolBuffer.framework/Versions/A/ProtocolBuffer
0x0000000008911000 	/System/Library/PrivateFrameworks/CoreDuetDaemonProtocol.framework/Versions/A/CoreDuetDaemonProtocol
0x0000000008911000 	/System/Library/PrivateFrameworks/CoreDuetDebugLogging.framework/Versions/A/CoreDuetDebugLogging
0x0000000008911000 	/System/Library/PrivateFrameworks/MMCS.framework/Versions/A/MMCS
0x0000000008911000 	/System/Library/Frameworks/CoreLocation.framework/Versions/A/CoreLocation
0x0000000008911000 	/System/Library/PrivateFrameworks/GeoServices.framework/Versions/A/GeoServices
0x0000000008911000 	/System/Library/Frameworks/CoreGraphics.framework/Versions/A/Resources/libCGCMS.A.dylib
0x0000000008911000 	/System/Library/CoreServices/RawCamera.bundle/Contents/MacOS/RawCamera
0x0000000008911000 	/System/Library/Frameworks/CoreGraphics.framework/Versions/A/Resources/libRIP.A.dylib
0x0000000008911000 	/System/Library/PrivateFrameworks/FamilyControls.framework/Versions/A/FamilyControls
0x0000000008911000 	/System/Library/PrivateFrameworks/CommerceKit.framework/Versions/A/Frameworks/CommerceCore.framework/Versions/A/CommerceCore
0x0000000008911000 	/System/Library/PrivateFrameworks/SystemAdministration.framework/Versions/A/SystemAdministration
0x0000000008911000 	/System/Library/PrivateFrameworks/AppContainer.framework/Versions/A/AppContainer
0x0000000008911000 	/System/Library/PrivateFrameworks/SecCodeWrapper.framework/Versions/A/SecCodeWrapper
0x0000000008911000 	/System/Library/Frameworks/DirectoryService.framework/Versions/A/DirectoryService
0x0000000008911000 	/System/Library/PrivateFrameworks/LoginUIKit.framework/Versions/A/Frameworks/LoginUICore.framework/Versions/A/LoginUICore
0x0000000008911000 	/usr/lib/libodfde.dylib
0x00000001269ea000 	/Library/Java/JavaVirtualMachines/jdk1.8.0_60.jdk/Contents/Home/jre/lib/libjfxwebkit.dylib
0x0000000129233000 	/Library/Java/JavaVirtualMachines/jdk1.8.0_60.jdk/Contents/Home/jre/lib/libnio.dylib
0x0000000129243000 	/Library/Java/JavaVirtualMachines/jdk1.8.0_60.jdk/Contents/Home/jre/lib/./libnet.dylib
0x00000001295cb000 	/Library/Java/JavaVirtualMachines/jdk1.8.0_60.jdk/Contents/Home/jre/lib/libjavafx_font.dylib
0x0000000008911000 	/System/Library/Frameworks/CoreGraphics.framework/Versions/A/Resources/libCGXType.A.dylib
0x000000012cd5f000 	cl_kernels
0x000000012e5e4000 	/System/Library/Frameworks/OpenCL.framework/Versions/A/Libraries/ImageFormats/unorm8_bgra.dylib
0x000000012cd95000 	cl_kernels
0x0000000123fcf000 	/Library/Java/JavaVirtualMachines/jdk1.8.0_60.jdk/Contents/Home/jre/lib/libprism_common.dylib
0x000000012adb0000 	/Library/Java/JavaVirtualMachines/jdk1.8.0_60.jdk/Contents/Home/jre/lib/libsunec.dylib

VM Arguments:
jvm_args: -Dfile.encoding=UTF-8 
java_command: application.MapApp
java_class_path (initial): /Users/miaminneskemp/Documents/GitHubLocal/Course3/Course3Solutions/bin:/Users/miaminneskemp/Documents/GitHubLocal/Course3/Course3Solutions/libs/javax.json-1.0.4.jar
Launcher Type: SUN_STANDARD

Environment Variables:
PATH=/usr/bin:/bin:/usr/sbin:/sbin
SHELL=/bin/bash

Signal Handlers:
SIGSEGV: [libjvm.dylib+0x5a6d31], sa_mask[0]=11111111011111110111111111111111, sa_flags=SA_ONSTACK|SA_RESTART|SA_SIGINFO
SIGBUS: [libjvm.dylib+0x5a6d31], sa_mask[0]=11111111011111110111111111111111, sa_flags=SA_RESTART|SA_SIGINFO
SIGFPE: [libjvm.dylib+0x480a4c], sa_mask[0]=11111111011111110111111111111111, sa_flags=SA_RESTART|SA_SIGINFO
SIGPIPE: [libjvm.dylib+0x480a4c], sa_mask[0]=11111111011111110111111111111111, sa_flags=SA_RESTART|SA_SIGINFO
SIGXFSZ: [libjvm.dylib+0x480a4c], sa_mask[0]=11111111011111110111111111111111, sa_flags=SA_RESTART|SA_SIGINFO
SIGILL: [libjvm.dylib+0x480a4c], sa_mask[0]=11111111011111110111111111111111, sa_flags=SA_RESTART|SA_SIGINFO
SIGUSR1: SIG_DFL, sa_mask[0]=00000000000000000000000000000000, sa_flags=none
SIGUSR2: [libjvm.dylib+0x48056a], sa_mask[0]=00100000000000000000000000000000, sa_flags=SA_RESTART|SA_SIGINFO
SIGHUP: [libjvm.dylib+0x47eb41], sa_mask[0]=11111111011111110111111111111111, sa_flags=SA_RESTART|SA_SIGINFO
SIGINT: [libjvm.dylib+0x47eb41], sa_mask[0]=11111111011111110111111111111111, sa_flags=SA_RESTART|SA_SIGINFO
SIGTERM: [libjvm.dylib+0x47eb41], sa_mask[0]=11111111011111110111111111111111, sa_flags=SA_RESTART|SA_SIGINFO
SIGQUIT: [libjvm.dylib+0x47eb41], sa_mask[0]=11111111011111110111111111111111, sa_flags=SA_RESTART|SA_SIGINFO


---------------  S Y S T E M  ---------------

OS:Bsduname:Darwin 14.5.0 Darwin Kernel Version 14.5.0: Tue Sep  1 21:23:09 PDT 2015; root:xnu-2782.50.1~1/RELEASE_X86_64 x86_64
rlimit: STACK 8192k, CORE 0k, NPROC 709, NOFILE 10240, AS infinity
load average:2.40 2.79 2.49

CPU:total 4 (2 cores per cpu, 2 threads per core) family 6 model 58 stepping 9, cmov, cx8, fxsr, mmx, sse, sse2, sse3, ssse3, sse4.1, sse4.2, popcnt, avx, aes, clmul, erms, ht, tsc, tscinvbit, tscinv

Memory: 4k page, physical 8388608k(349388k free)

/proc/meminfo:


vm_info: Java HotSpot(TM) 64-Bit Server VM (25.60-b23) for bsd-amd64 JRE (1.8.0_60-b27), built on Aug  4 2015 10:47:24 by "java_re" with gcc 4.2.1 (Based on Apple Inc. build 5658) (LLVM build 2336.11.00)

time: Mon Dec 14 13:52:13 2015
elapsed time: 245 seconds (0d 0h 4m 5s)

