#
# A fatal error has been detected by the Java Runtime Environment:
#
#  SIGSEGV (0xb) at pc=0x0000000129d898ae, pid=3399, tid=86331
#
# JRE version: Java(TM) SE Runtime Environment (8.0_60-b27) (build 1.8.0_60-b27)
# Java VM: Java HotSpot(TM) 64-Bit Server VM (25.60-b23 mixed mode bsd-amd64 compressed oops)
# Problematic frame:
# C  [libjfxwebkit.dylib+0xe2e8ae]  WTFCrash+0x3e
#
# Failed to write core dump. Core dumps have been disabled. To enable core dumping, try "ulimit -c unlimited" before starting Java again
#
# If you would like to submit a bug report, please visit:
#   http://bugreport.java.com/bugreport/crash.jsp
# The crash happened outside the Java Virtual Machine in native code.
# See problematic frame for where to report the bug.
#

---------------  T H R E A D  ---------------

Current thread (0x00007fd732918000):  JavaThread "Thread-90" [_thread_in_native, id=86331, stack(0x0000000131b07000,0x0000000131c07000)]

siginfo: si_signo: 11 (SIGSEGV), si_code: 1 (SEGV_MAPERR), si_addr: 0x00000000bbadbeef

Registers:
RAX=0x00000000bbadbeef, RBX=0x0000000131c06160, RCX=0x0000000000000000, RDX=0x00007fff7a00d1f8
RSP=0x0000000131c06020, RBP=0x0000000131c06130, RSI=0x0000080000000800, RDI=0x0000000000000000
R8 =0x0000000131c05e10, R9 =0x0000000131c07000, R10=0x0000000000000000, R11=0x0000000000000246
R12=0x00000001318efeb0, R13=0x0000000000000001, R14=0x00007fd732a42a00, R15=0x000000013189f9b0
RIP=0x0000000129d898ae, EFLAGS=0x0000000000010206, ERR=0x0000000000000006
  TRAPNO=0x000000000000000e

Top of Stack: (sp=0x0000000131c06020)
0x0000000131c06020:   0000000129d8989a 000000012a08008e
0x0000000131c06030:   000000012a08219c 0000000129f37090
0x0000000131c06040:   000000012a066fde 000000012a0d5560
0x0000000131c06050:   000000012a0d9fab 00000001299c6286
0x0000000131c06060:   000000010bc53954 000000010bc459d0
0x0000000131c06070:   0000000000000001 00007fd736718700
0x0000000131c06080:   00007fd736700000 000000000a25000c
0x0000000131c06090:   000000010a259000 000000000000000b
0x0000000131c060a0:   000000013543d910 ffffffffffffffff
0x0000000131c060b0:   000000013543d958 0000000131c06138
0x0000000131c060c0:   0000000131c061a0 000000012a146459
0x0000000131c060d0:   00007fd732918000 00007fd732a42a18
0x0000000131c060e0:   0000000232918000 00000000000001b2
0x0000000131c060f0:   00007fd736751c20 0000000100000006
0x0000000131c06100:   00007fd732918001 00007fd733f4ef10
0x0000000131c06110:   0000000135fd6910 0000000131c06200
0x0000000131c06120:   00007fd732a42a00 000000013189f9b0
0x0000000131c06130:   0000000131c06150 000000012a08008e
0x0000000131c06140:   0000000131890000 000000013189f9b0
0x0000000131c06150:   0000000131c06180 000000012a08219c
0x0000000131c06160:   00007fd732a42a00 00007fd732a42a00
0x0000000131c06170:   00007fd732a42a00 0000000000000001
0x0000000131c06180:   0000000131c06250 0000000129f37090
0x0000000131c06190:   000000013543d910 00007fd732a42a00
0x0000000131c061a0:   0000000131c061f0 00000001353ffd70
0x0000000131c061b0:   0000000131c062c0 00000001318efeb0
0x0000000131c061c0:   0000000131c06238 0000000131c06244
0x0000000131c061d0:   000000013189f9b0 0000000131c06244
0x0000000131c061e0:   000000013188ffe0 00007fd7314d7490
0x0000000131c061f0:   0000000131c06270 0000000128f8de43
0x0000000131c06200:   00007fd732a42a00 000000013189f970
0x0000000131c06210:   00000001318efe00 000000013189f970 

Instructions: (pc=0x0000000129d898ae)
0x0000000129d8988e:   ff ff be 21 00 00 00 e8 1e fd 49 00 48 8d bd 00
0x0000000129d8989e:   ff ff ff 8d 70 fe e8 d7 fe ff ff b8 ef be ad bb
0x0000000129d898ae:   c7 00 00 00 00 00 0f 0b 66 2e 0f 1f 84 00 00 00
0x0000000129d898be:   00 00 55 48 89 e5 48 81 ec 10 01 00 00 48 8b 05 

Register to memory mapping:

RAX=0x00000000bbadbeef is an unknown value
RBX=0x0000000131c06160 is pointing into the stack for thread: 0x00007fd732918000
RCX=0x0000000000000000 is an unknown value
RDX=0x00007fff7a00d1f8: __sFX+0x1c8 in /usr/lib/system/libsystem_c.dylib at 0x00007fff93728000
RSP=0x0000000131c06020 is pointing into the stack for thread: 0x00007fd732918000
RBP=0x0000000131c06130 is pointing into the stack for thread: 0x00007fd732918000
RSI=0x0000080000000800 is an unknown value
RDI=0x0000000000000000 is an unknown value
R8 =0x0000000131c05e10 is pointing into the stack for thread: 0x00007fd732918000
R9 =0x0000000131c07000 is pointing into the stack for thread: 0x00007fd732918000
R10=0x0000000000000000 is an unknown value
R11=0x0000000000000246 is an unknown value
R12=0x00000001318efeb0 is an unknown value
R13=0x0000000000000001 is an unknown value
R14=0x00007fd732a42a00 is an unknown value
R15=0x000000013189f9b0 is an unknown value


Stack: [0x0000000131b07000,0x0000000131c07000],  sp=0x0000000131c06020,  free space=1020k
Native frames: (J=compiled Java code, j=interpreted, Vv=VM code, C=native code)
C  [libjfxwebkit.dylib+0xe2e8ae]  WTFCrash+0x3e
C  [libjfxwebkit.dylib+0x112508e]  _ZN3JSC18ErrorHandlingScopeC1ERNS_2VME+0x3e
C  [libjfxwebkit.dylib+0x112719c]  _ZN3JSC23throwStackOverflowErrorEPNS_9ExecStateE+0x2c
C  [libjfxwebkit.dylib+0xfdc090]  _ZN3JSC11Interpreter11executeCallEPNS_9ExecStateEPNS_8JSObjectENS_8CallTypeERKNS_8CallDataENS_7JSValueERKNS_7ArgListE+0xb0
C  [libjfxwebkit.dylib+0x110bfde]  _ZN3JSC4callEPNS_9ExecStateENS_7JSValueENS_8CallTypeERKNS_8CallDataES2_RKNS_7ArgListE+0x3e
C  [libjfxwebkit.dylib+0x117a560]  _ZN3JSC8JSObject12defaultValueEPKS0_PNS_9ExecStateENS_22PreferredPrimitiveTypeE+0x190
C  [libjfxwebkit.dylib+0x117efab]  _ZNK3JSC8JSObject8toStringEPNS_9ExecStateE+0x4b
C  [libjfxwebkit.dylib+0xa6b286]  Java_com_sun_webkit_dom_JSObject_toStringImpl+0x76
j  com.sun.webkit.dom.JSObject.toStringImpl(JI)Ljava/lang/String;+0
j  com.sun.webkit.dom.JSObject.toString()Ljava/lang/String;+8
j  java.lang.String.valueOf(Ljava/lang/Object;)Ljava/lang/String;+10
j  java.io.PrintStream.println(Ljava/lang/Object;)V+1
j  gmapsfx.javascript.JavascriptObject.invokeJavascript(Ljava/lang/String;)Ljava/lang/Object;+7
j  gmapsfx.javascript.JavascriptObject.invokeJavascriptReturnValue(Ljava/lang/String;Ljava/lang/Class;)Ljava/lang/Object;+2
j  gmapsfx.javascript.object.GoogleMap.getBounds()Lgmapsfx/javascript/object/LatLongBounds;+5
j  application.services.GeneralService.getBoundsArray()[F+4
j  application.services.GeneralService.writeDataToFile(Ljava/lang/String;)Z+1
j  application.services.GeneralService$1.call()Ljava/lang/String;+16
j  application.services.GeneralService$1.call()Ljava/lang/Object;+1
j  javafx.concurrent.Task$TaskCallable.call()Ljava/lang/Object;+26
j  java.util.concurrent.FutureTask.run()V+42
j  java.lang.Thread.run()V+11
v  ~StubRoutines::call_stub
V  [libjvm.dylib+0x2eab0e]
V  [libjvm.dylib+0x2eb29c]
V  [libjvm.dylib+0x2eb448]
V  [libjvm.dylib+0x345965]
V  [libjvm.dylib+0x5612d3]
V  [libjvm.dylib+0x5629ce]
V  [libjvm.dylib+0x48343a]
C  [libsystem_pthread.dylib+0x405a]  _pthread_body+0x83
C  [libsystem_pthread.dylib+0x3fd7]  _pthread_body+0x0
C  [libsystem_pthread.dylib+0x13ed]  thread_start+0xd
C  0x0000000000000000

Java frames: (J=compiled Java code, j=interpreted, Vv=VM code)
j  com.sun.webkit.dom.JSObject.toStringImpl(JI)Ljava/lang/String;+0
j  com.sun.webkit.dom.JSObject.toString()Ljava/lang/String;+8
j  java.lang.String.valueOf(Ljava/lang/Object;)Ljava/lang/String;+10
j  java.io.PrintStream.println(Ljava/lang/Object;)V+1
j  gmapsfx.javascript.JavascriptObject.invokeJavascript(Ljava/lang/String;)Ljava/lang/Object;+7
j  gmapsfx.javascript.JavascriptObject.invokeJavascriptReturnValue(Ljava/lang/String;Ljava/lang/Class;)Ljava/lang/Object;+2
j  gmapsfx.javascript.object.GoogleMap.getBounds()Lgmapsfx/javascript/object/LatLongBounds;+5
j  application.services.GeneralService.getBoundsArray()[F+4
j  application.services.GeneralService.writeDataToFile(Ljava/lang/String;)Z+1
j  application.services.GeneralService$1.call()Ljava/lang/String;+16
j  application.services.GeneralService$1.call()Ljava/lang/Object;+1
j  javafx.concurrent.Task$TaskCallable.call()Ljava/lang/Object;+26
j  java.util.concurrent.FutureTask.run()V+42
j  java.lang.Thread.run()V+11
v  ~StubRoutines::call_stub

---------------  P R O C E S S  ---------------

Java Threads: ( => current thread )
=>0x00007fd732918000 JavaThread "Thread-90" [_thread_in_native, id=86331, stack(0x0000000131b07000,0x0000000131c07000)]
  0x00007fd731d7d800 JavaThread "URL-Loader-20" daemon [_thread_blocked, id=71683, stack(0x0000000136c84000,0x0000000136d84000)]
  0x00007fd7321dc800 JavaThread "URL-Loader-19" daemon [_thread_blocked, id=71171, stack(0x0000000136b81000,0x0000000136c81000)]
  0x00007fd73334a800 JavaThread "URL-Loader-18" daemon [_thread_blocked, id=70659, stack(0x0000000136a64000,0x0000000136b64000)]
  0x00007fd73221c800 JavaThread "URL-Loader-17" daemon [_thread_blocked, id=70147, stack(0x0000000136761000,0x0000000136861000)]
  0x00007fd732cb9800 JavaThread "URL-Loader-16" daemon [_thread_blocked, id=69635, stack(0x0000000136481000,0x0000000136581000)]
  0x00007fd73336e800 JavaThread "URL-Loader-15" daemon [_thread_blocked, id=69123, stack(0x0000000136364000,0x0000000136464000)]
  0x00007fd733361000 JavaThread "URL-Loader-14" daemon [_thread_blocked, id=68611, stack(0x0000000136261000,0x0000000136361000)]
  0x00007fd733352000 JavaThread "URL-Loader-13" daemon [_thread_blocked, id=68099, stack(0x0000000136141000,0x0000000136241000)]
  0x00007fd732cb4000 JavaThread "URL-Loader-12" daemon [_thread_blocked, id=67587, stack(0x0000000136011000,0x0000000136111000)]
  0x00007fd732cb1800 JavaThread "URL-Loader-11" daemon [_thread_blocked, id=67075, stack(0x0000000135eb4000,0x0000000135fb4000)]
  0x00007fd731ccf800 JavaThread "URL-Loader-10" daemon [_thread_blocked, id=66567, stack(0x0000000135db1000,0x0000000135eb1000)]
  0x00007fd731b45000 JavaThread "URL-Loader-9" daemon [_thread_blocked, id=66051, stack(0x0000000135a4a000,0x0000000135b4a000)]
  0x00007fd731b41000 JavaThread "URL-Loader-8" daemon [_thread_blocked, id=65539, stack(0x0000000135947000,0x0000000135a47000)]
  0x00007fd732d19000 JavaThread "URL-Loader-7" daemon [_thread_blocked, id=65031, stack(0x0000000135844000,0x0000000135944000)]
  0x00007fd732d38800 JavaThread "URL-Loader-6" daemon [_thread_blocked, id=64003, stack(0x0000000135624000,0x0000000135724000)]
  0x00007fd731cb6000 JavaThread "URL-Loader-5" daemon [_thread_blocked, id=63495, stack(0x0000000135521000,0x0000000135621000)]
  0x00007fd731c4d000 JavaThread "Watchdog-Timer-1" daemon [_thread_blocked, id=63279, stack(0x00000001352eb000,0x00000001353eb000)]
  0x00007fd731b8f000 JavaThread "URL-Loader-4" daemon [_thread_blocked, id=61187, stack(0x00000001316cd000,0x00000001317cd000)]
  0x00007fd732172800 JavaThread "URL-Loader-3" daemon [_thread_blocked, id=60679, stack(0x00000001315ca000,0x00000001316ca000)]
  0x00007fd731b83800 JavaThread "URL-Loader-2" daemon [_thread_blocked, id=59439, stack(0x00000001314c7000,0x00000001315c7000)]
  0x00007fd731a82000 JavaThread "Prism Font Disposer" daemon [_thread_blocked, id=52511, stack(0x000000012c9fd000,0x000000012cafd000)]
  0x00007fd732a54800 JavaThread "Keep-Alive-Timer" daemon [_thread_blocked, id=51463, stack(0x000000012bb3c000,0x000000012bc3c000)]
  0x00007fd7319e5800 JavaThread "URL-Loader-1" daemon [_thread_blocked, id=49923, stack(0x000000012b813000,0x000000012b913000)]
  0x00007fd732a4f800 JavaThread "Disposer" daemon [_thread_blocked, id=49411, stack(0x000000012b4a1000,0x000000012b5a1000)]
  0x00007fd732a10000 JavaThread "JavaFX-Launcher" [_thread_blocked, id=44547, stack(0x0000000128da5000,0x0000000128ea5000)]
  0x00007fd732a0e000 JavaThread "Thread-3" daemon [_thread_in_native, id=36099, stack(0x0000000127bcb000,0x0000000127c4b000)]
  0x00007fd731958800 JavaThread "JavaFX Application Thread" [_thread_in_vm, id=1811, stack(0x00007fff551c2000,0x00007fff559c2000)]
  0x00007fd731955800 JavaThread "Thread-1" daemon [_thread_blocked, id=24087, stack(0x00000001248e8000,0x00000001249e8000)]
  0x00007fd732972800 JavaThread "QuantumRenderer-0" daemon [_thread_blocked, id=18947, stack(0x0000000123bf4000,0x0000000123cf4000)]
  0x00007fd733035000 JavaThread "Service Thread" daemon [_thread_blocked, id=17923, stack(0x0000000123958000,0x0000000123a58000)]
  0x00007fd73181d000 JavaThread "C1 CompilerThread2" daemon [_thread_in_native, id=17411, stack(0x0000000123855000,0x0000000123955000)]
  0x00007fd732010800 JavaThread "C2 CompilerThread1" daemon [_thread_blocked, id=16899, stack(0x0000000123752000,0x0000000123852000)]
  0x00007fd73200f000 JavaThread "C2 CompilerThread0" daemon [_thread_blocked, id=16155, stack(0x000000012364f000,0x000000012374f000)]
  0x00007fd73200e000 JavaThread "Signal Dispatcher" daemon [_thread_blocked, id=13579, stack(0x000000012354c000,0x000000012364c000)]
  0x00007fd73302b000 JavaThread "Finalizer" daemon [_thread_blocked, id=11523, stack(0x0000000121bb3000,0x0000000121cb3000)]
  0x00007fd732008800 JavaThread "Reference Handler" daemon [_thread_blocked, id=11011, stack(0x0000000121ab0000,0x0000000121bb0000)]
  0x00007fd73180e800 JavaThread "main" [_thread_blocked, id=4867, stack(0x000000010b2de000,0x000000010b3de000)]

Other Threads:
  0x00007fd73302a800 VMThread [stack: 0x00000001219ad000,0x0000000121aad000] [id=10499]
  0x00007fd732006000 WatcherThread [stack: 0x0000000123a5b000,0x0000000123b5b000] [id=18435]

VM state:not at safepoint (normal execution)

VM Mutex/Monitor currently owned by a thread: None

Heap:
 PSYoungGen      total 51200K, used 36786K [0x0000000795580000, 0x0000000798c80000, 0x00000007c0000000)
  eden space 46080K, 79% used [0x0000000795580000,0x000000079796cb10,0x0000000798280000)
  from space 5120K, 0% used [0x0000000798280000,0x0000000798280000,0x0000000798780000)
  to   space 5120K, 0% used [0x0000000798780000,0x0000000798780000,0x0000000798c80000)
 ParOldGen       total 69120K, used 17761K [0x0000000740000000, 0x0000000744380000, 0x0000000795580000)
  object space 69120K, 25% used [0x0000000740000000,0x0000000741158560,0x0000000744380000)
 Metaspace       used 24718K, capacity 26150K, committed 26240K, reserved 1071104K
  class space    used 3428K, capacity 3695K, committed 3712K, reserved 1048576K

Card table byte_map: [0x000000011affe000,0x000000011b3ff000] byte_map_base: 0x00000001175fe000

Marking Bits: (ParMarkBitMap*) 0x000000010ac1be20
 Begin Bits: [0x000000011bab6000, 0x000000011dab6000)
 End Bits:   [0x000000011dab6000, 0x000000011fab6000)

Polling page: 0x000000010b3ee000

CodeCache: size=245760Kb used=11872Kb max_used=11872Kb free=233887Kb
 bounds [0x000000010bc3e000, 0x000000010c7ee000, 0x000000011ac3e000]
 total_blobs=4505 nmethods=3720 adapters=697
 compilation: enabled

Compilation events (10 events):
Event: 24.661 Thread 0x00007fd73181d000 4142       3       javafx.scene.Node::sceneProperty (8 bytes)
Event: 24.662 Thread 0x00007fd73181d000 nmethod 4142 0x000000010c7dda50 code [0x000000010c7ddbe0, 0x000000010c7de0d0]
Event: 24.662 Thread 0x00007fd73181d000 4148       1       javafx.scene.paint.LinearGradient::isOpaque (5 bytes)
Event: 24.662 Thread 0x00007fd73181d000 nmethod 4148 0x000000010c7c3dd0 code [0x000000010c7c3f20, 0x000000010c7c4030]
Event: 24.662 Thread 0x00007fd73181d000 4139       1       javafx.scene.Node::access$000 (5 bytes)
Event: 24.662 Thread 0x00007fd73181d000 nmethod 4139 0x000000010c7c3b10 code [0x000000010c7c3c60, 0x000000010c7c3d50]
Event: 24.662 Thread 0x00007fd73181d000 4140       1       javafx.scene.Node::access$100 (5 bytes)
Event: 24.662 Thread 0x00007fd73181d000 nmethod 4140 0x000000010c7c37d0 code [0x000000010c7c3920, 0x000000010c7c3a10]
Event: 24.662 Thread 0x00007fd73181d000 4143       1       javafx.scene.Parent::access$600 (5 bytes)
Event: 24.662 Thread 0x00007fd73181d000 nmethod 4143 0x000000010c7de390 code [0x000000010c7de4e0, 0x000000010c7de5d0]

GC Heap History (10 events):
Event: 17.492 GC heap before
{Heap before GC invocations=323 (full 160):
 PSYoungGen      total 51200K, used 1152K [0x0000000795580000, 0x0000000798c80000, 0x00000007c0000000)
  eden space 46080K, 0% used [0x0000000795580000,0x0000000795580000,0x0000000798280000)
  from space 5120K, 22% used [0x0000000798280000,0x00000007983a0010,0x0000000798780000)
  to   space 5120K, 0% used [0x0000000798780000,0x0000000798780000,0x0000000798c80000)
 ParOldGen       total 69120K, used 18316K [0x0000000740000000, 0x0000000744380000, 0x0000000795580000)
  object space 69120K, 26% used [0x0000000740000000,0x00000007411e3090,0x0000000744380000)
 Metaspace       used 24002K, capacity 25378K, committed 25728K, reserved 1071104K
  class space    used 3347K, capacity 3607K, committed 3712K, reserved 1048576K
Event: 17.532 GC heap after
Heap after GC invocations=323 (full 160):
 PSYoungGen      total 51200K, used 0K [0x0000000795580000, 0x0000000798c80000, 0x00000007c0000000)
  eden space 46080K, 0% used [0x0000000795580000,0x0000000795580000,0x0000000798280000)
  from space 5120K, 0% used [0x0000000798280000,0x0000000798280000,0x0000000798780000)
  to   space 5120K, 0% used [0x0000000798780000,0x0000000798780000,0x0000000798c80000)
 ParOldGen       total 69120K, used 17608K [0x0000000740000000, 0x0000000744380000, 0x0000000795580000)
  object space 69120K, 25% used [0x0000000740000000,0x0000000741132368,0x0000000744380000)
 Metaspace       used 24002K, capacity 25378K, committed 25728K, reserved 1071104K
  class space    used 3347K, capacity 3607K, committed 3712K, reserved 1048576K
}
Event: 17.606 GC heap before
{Heap before GC invocations=324 (full 160):
 PSYoungGen      total 51200K, used 8190K [0x0000000795580000, 0x0000000798c80000, 0x00000007c0000000)
  eden space 46080K, 17% used [0x0000000795580000,0x0000000795d7f880,0x0000000798280000)
  from space 5120K, 0% used [0x0000000798280000,0x0000000798280000,0x0000000798780000)
  to   space 5120K, 0% used [0x0000000798780000,0x0000000798780000,0x0000000798c80000)
 ParOldGen       total 69120K, used 17608K [0x0000000740000000, 0x0000000744380000, 0x0000000795580000)
  object space 69120K, 25% used [0x0000000740000000,0x0000000741132368,0x0000000744380000)
 Metaspace       used 24019K, capacity 25384K, committed 25728K, reserved 1071104K
  class space    used 3347K, capacity 3608K, committed 3712K, reserved 1048576K
Event: 17.607 GC heap after
Heap after GC invocations=324 (full 160):
 PSYoungGen      total 51200K, used 776K [0x0000000795580000, 0x0000000798c80000, 0x00000007c0000000)
  eden space 46080K, 0% used [0x0000000795580000,0x0000000795580000,0x0000000798280000)
  from space 5120K, 15% used [0x0000000798780000,0x0000000798842158,0x0000000798c80000)
  to   space 5120K, 0% used [0x0000000798280000,0x0000000798280000,0x0000000798780000)
 ParOldGen       total 69120K, used 17608K [0x0000000740000000, 0x0000000744380000, 0x0000000795580000)
  object space 69120K, 25% used [0x0000000740000000,0x0000000741132368,0x0000000744380000)
 Metaspace       used 24019K, capacity 25384K, committed 25728K, reserved 1071104K
  class space    used 3347K, capacity 3608K, committed 3712K, reserved 1048576K
}
Event: 17.607 GC heap before
{Heap before GC invocations=325 (full 161):
 PSYoungGen      total 51200K, used 776K [0x0000000795580000, 0x0000000798c80000, 0x00000007c0000000)
  eden space 46080K, 0% used [0x0000000795580000,0x0000000795580000,0x0000000798280000)
  from space 5120K, 15% used [0x0000000798780000,0x0000000798842158,0x0000000798c80000)
  to   space 5120K, 0% used [0x0000000798280000,0x0000000798280000,0x0000000798780000)
 ParOldGen       total 69120K, used 17608K [0x0000000740000000, 0x0000000744380000, 0x0000000795580000)
  object space 69120K, 25% used [0x0000000740000000,0x0000000741132368,0x0000000744380000)
 Metaspace       used 24019K, capacity 25384K, committed 25728K, reserved 1071104K
  class space    used 3347K, capacity 3608K, committed 3712K, reserved 1048576K
Event: 17.657 GC heap after
Heap after GC invocations=325 (full 161):
 PSYoungGen      total 51200K, used 0K [0x0000000795580000, 0x0000000798c80000, 0x00000007c0000000)
  eden space 46080K, 0% used [0x0000000795580000,0x0000000795580000,0x0000000798280000)
  from space 5120K, 0% used [0x0000000798780000,0x0000000798780000,0x0000000798c80000)
  to   space 5120K, 0% used [0x0000000798280000,0x0000000798280000,0x0000000798780000)
 ParOldGen       total 69120K, used 17235K [0x0000000740000000, 0x0000000744380000, 0x0000000795580000)
  object space 69120K, 24% used [0x0000000740000000,0x00000007410d4f20,0x0000000744380000)
 Metaspace       used 24019K, capacity 25384K, committed 25728K, reserved 1071104K
  class space    used 3347K, capacity 3608K, committed 3712K, reserved 1048576K
}
Event: 17.658 GC heap before
{Heap before GC invocations=326 (full 161):
 PSYoungGen      total 51200K, used 2228K [0x0000000795580000, 0x0000000798c80000, 0x00000007c0000000)
  eden space 46080K, 4% used [0x0000000795580000,0x00000007957ad2a8,0x0000000798280000)
  from space 5120K, 0% used [0x0000000798780000,0x0000000798780000,0x0000000798c80000)
  to   space 5120K, 0% used [0x0000000798280000,0x0000000798280000,0x0000000798780000)
 ParOldGen       total 69120K, used 17235K [0x0000000740000000, 0x0000000744380000, 0x0000000795580000)
  object space 69120K, 24% used [0x0000000740000000,0x00000007410d4f20,0x0000000744380000)
 Metaspace       used 24019K, capacity 25384K, committed 25728K, reserved 1071104K
  class space    used 3347K, capacity 3608K, committed 3712K, reserved 1048576K
Event: 17.659 GC heap after
Heap after GC invocations=326 (full 161):
 PSYoungGen      total 51200K, used 1346K [0x0000000795580000, 0x0000000798c80000, 0x00000007c0000000)
  eden space 46080K, 0% used [0x0000000795580000,0x0000000795580000,0x0000000798280000)
  from space 5120K, 26% used [0x0000000798280000,0x00000007983d08f0,0x0000000798780000)
  to   space 5120K, 0% used [0x0000000798780000,0x0000000798780000,0x0000000798c80000)
 ParOldGen       total 69120K, used 17235K [0x0000000740000000, 0x0000000744380000, 0x0000000795580000)
  object space 69120K, 24% used [0x0000000740000000,0x00000007410d4f20,0x0000000744380000)
 Metaspace       used 24019K, capacity 25384K, committed 25728K, reserved 1071104K
  class space    used 3347K, capacity 3608K, committed 3712K, reserved 1048576K
}
Event: 17.659 GC heap before
{Heap before GC invocations=327 (full 162):
 PSYoungGen      total 51200K, used 1346K [0x0000000795580000, 0x0000000798c80000, 0x00000007c0000000)
  eden space 46080K, 0% used [0x0000000795580000,0x0000000795580000,0x0000000798280000)
  from space 5120K, 26% used [0x0000000798280000,0x00000007983d08f0,0x0000000798780000)
  to   space 5120K, 0% used [0x0000000798780000,0x0000000798780000,0x0000000798c80000)
 ParOldGen       total 69120K, used 17235K [0x0000000740000000, 0x0000000744380000, 0x0000000795580000)
  object space 69120K, 24% used [0x0000000740000000,0x00000007410d4f20,0x0000000744380000)
 Metaspace       used 24019K, capacity 25384K, committed 25728K, reserved 1071104K
  class space    used 3347K, capacity 3608K, committed 3712K, reserved 1048576K
Event: 17.690 GC heap after
Heap after GC invocations=327 (full 162):
 PSYoungGen      total 51200K, used 0K [0x0000000795580000, 0x0000000798c80000, 0x00000007c0000000)
  eden space 46080K, 0% used [0x0000000795580000,0x0000000795580000,0x0000000798280000)
  from space 5120K, 0% used [0x0000000798280000,0x0000000798280000,0x0000000798780000)
  to   space 5120K, 0% used [0x0000000798780000,0x0000000798780000,0x0000000798c80000)
 ParOldGen       total 69120K, used 17761K [0x0000000740000000, 0x0000000744380000, 0x0000000795580000)
  object space 69120K, 25% used [0x0000000740000000,0x0000000741158560,0x0000000744380000)
 Metaspace       used 24019K, capacity 25384K, committed 25728K, reserved 1071104K
  class space    used 3347K, capacity 3608K, committed 3712K, reserved 1048576K
}

Deoptimization events (10 events):
Event: 5.909 Thread 0x00007fd731958800 Uncommon trap: reason=bimorphic action=maybe_recompile pc=0x000000010c21df00 method=java.io.FilterInputStream.read([B)I @ 5
Event: 5.912 Thread 0x00007fd731958800 Uncommon trap: reason=unstable_if action=reinterpret pc=0x000000010c20a054 method=com.sun.javafx.iio.png.PNGImageLoader2.copy([B[BIII)V @ 10
Event: 11.283 Thread 0x00007fd732972800 Uncommon trap: reason=null_check action=make_not_entrant pc=0x000000010c5fcd20 method=com.sun.prism.impl.BaseResourcePool$WeakLinkedList.getResource()Lcom/sun/prism/impl/ManagedResource; @ 7
Event: 11.283 Thread 0x00007fd732972800 Uncommon trap: reason=unstable_if action=reinterpret pc=0x000000010be79e44 method=com.sun.prism.impl.ManagedResource._isgone(Lcom/sun/prism/impl/ManagedResource;)Z @ 1
Event: 17.452 Thread 0x00007fd732972800 Uncommon trap: reason=unstable_if action=reinterpret pc=0x000000010c2dbdf4 method=java.util.regex.Matcher.reset()Ljava/util/regex/Matcher; @ 47
Event: 17.452 Thread 0x00007fd732972800 Uncommon trap: reason=unstable_if action=reinterpret pc=0x000000010c2f3c84 method=java.util.regex.Matcher.reset()Ljava/util/regex/Matcher; @ 47
Event: 17.452 Thread 0x00007fd732972800 Uncommon trap: reason=unstable_if action=reinterpret pc=0x000000010c35bcbc method=java.util.regex.Pattern$Branch.match(Ljava/util/regex/Matcher;ILjava/lang/CharSequence;)Z @ 19
Event: 17.490 Thread 0x00007fd732972800 Uncommon trap: reason=unstable_if action=reinterpret pc=0x000000010c0182f4 method=com.sun.prism.impl.BaseResourcePool.cleanup(Lcom/sun/prism/impl/BaseResourcePool$Predicate;)V @ 25
Event: 20.820 Thread 0x00007fd731958800 Uncommon trap: reason=unstable_if action=reinterpret pc=0x000000010c29b584 method=java.lang.Integer.equals(Ljava/lang/Object;)Z @ 18
Event: 20.821 Thread 0x00007fd731958800 Uncommon trap: reason=unstable_if action=reinterpret pc=0x000000010c573eb8 method=javafx.scene.Node.updateBounds()V @ 27

Internal exceptions (10 events):
Event: 11.196 Thread 0x00007fd732972800 Exception <a 'java/lang/NullPointerException'> (0x000000079730df60) thrown at [/Users/java_re/workspace/8-2-build-macosx-x86_64/jdk8u60/4407/hotspot/src/share/vm/runtime/sharedRuntime.cpp, line 605]
Event: 11.196 Thread 0x00007fd732972800 Implicit null exception at 0x000000010c2d70f5 to 0x000000010c2d8d4e
Event: 11.197 Thread 0x00007fd732972800 Exception <a 'java/lang/NullPointerException'> (0x000000079730e900) thrown at [/Users/java_re/workspace/8-2-build-macosx-x86_64/jdk8u60/4407/hotspot/src/share/vm/runtime/sharedRuntime.cpp, line 605]
Event: 11.283 Thread 0x00007fd732972800 Implicit null exception at 0x000000010c5fccd5 to 0x000000010c5fcd15
Event: 11.283 Thread 0x00007fd732972800 Implicit null exception at 0x000000010be79dec to 0x000000010be79e35
Event: 17.357 Thread 0x00007fd732972800 Implicit null exception at 0x000000010c495668 to 0x000000010c496804
Event: 17.358 Thread 0x00007fd732972800 Exception <a 'java/lang/NullPointerException'> (0x0000000795580030) thrown at [/Users/java_re/workspace/8-2-build-macosx-x86_64/jdk8u60/4407/hotspot/src/share/vm/runtime/sharedRuntime.cpp, line 605]
Event: 17.448 Thread 0x00007fd732972800 Implicit null exception at 0x000000010c495668 to 0x000000010c496804
Event: 17.448 Thread 0x00007fd732972800 Exception <a 'java/lang/NullPointerException'> (0x0000000795580030) thrown at [/Users/java_re/workspace/8-2-build-macosx-x86_64/jdk8u60/4407/hotspot/src/share/vm/runtime/sharedRuntime.cpp, line 605]
Event: 17.490 Thread 0x00007fd732972800 Implicit null exception at 0x000000010c018188 to 0x000000010c0182dd

Events (10 events):
Event: 24.659 loading class javafx/event/Event done
Event: 24.659 loading class javafx/scene/control/Button
Event: 24.659 loading class javafx/scene/control/Button done
Event: 24.659 loading class javafx/concurrent/WorkerStateEvent
Event: 24.659 loading class javafx/concurrent/WorkerStateEvent done
Event: 24.659 loading class javafx/scene/control/Button
Event: 24.659 loading class javafx/scene/control/Button done
Event: 24.660 Thread 0x00007fd732918000 Thread added: 0x00007fd732918000
Event: 24.660 loading class gmapsfx/javascript/object/LatLongBounds
Event: 24.660 loading class gmapsfx/javascript/object/LatLongBounds done


Dynamic libraries:
0x0000000008911000 	/System/Library/Frameworks/Cocoa.framework/Versions/A/Cocoa
0x0000000008911000 	/System/Library/Frameworks/Security.framework/Versions/A/Security
0x0000000008911000 	/System/Library/Frameworks/ApplicationServices.framework/Versions/A/ApplicationServices
0x0000000008911000 	/usr/lib/libz.1.dylib
0x0000000008911000 	/usr/lib/libSystem.B.dylib
0x0000000008911000 	/usr/lib/libobjc.A.dylib
0x0000000008911000 	/System/Library/Frameworks/CoreFoundation.framework/Versions/A/CoreFoundation
0x0000000008911000 	/System/Library/Frameworks/Foundation.framework/Versions/C/Foundation
0x0000000008911000 	/System/Library/Frameworks/AppKit.framework/Versions/C/AppKit
0x0000000008911000 	/System/Library/Frameworks/CoreData.framework/Versions/A/CoreData
0x0000000008911000 	/System/Library/PrivateFrameworks/RemoteViewServices.framework/Versions/A/RemoteViewServices
0x0000000008911000 	/System/Library/PrivateFrameworks/UIFoundation.framework/Versions/A/UIFoundation
0x0000000008911000 	/System/Library/Frameworks/IOSurface.framework/Versions/A/IOSurface
0x0000000008911000 	/System/Library/Frameworks/AudioToolbox.framework/Versions/A/AudioToolbox
0x0000000008911000 	/System/Library/Frameworks/AudioUnit.framework/Versions/A/AudioUnit
0x0000000008911000 	/System/Library/PrivateFrameworks/DataDetectorsCore.framework/Versions/A/DataDetectorsCore
0x0000000008911000 	/System/Library/PrivateFrameworks/DesktopServicesPriv.framework/Versions/A/DesktopServicesPriv
0x0000000008911000 	/System/Library/Frameworks/Carbon.framework/Versions/A/Frameworks/HIToolbox.framework/Versions/A/HIToolbox
0x0000000008911000 	/System/Library/Frameworks/QuartzCore.framework/Versions/A/QuartzCore
0x0000000008911000 	/System/Library/Frameworks/Carbon.framework/Versions/A/Frameworks/SpeechRecognition.framework/Versions/A/SpeechRecognition
0x0000000008911000 	/usr/lib/libauto.dylib
0x0000000008911000 	/usr/lib/libicucore.A.dylib
0x0000000008911000 	/usr/lib/libxml2.2.dylib
0x0000000008911000 	/System/Library/PrivateFrameworks/CoreUI.framework/Versions/A/CoreUI
0x0000000008911000 	/System/Library/Frameworks/CoreAudio.framework/Versions/A/CoreAudio
0x0000000008911000 	/System/Library/Frameworks/DiskArbitration.framework/Versions/A/DiskArbitration
0x0000000008911000 	/usr/lib/liblangid.dylib
0x0000000008911000 	/System/Library/PrivateFrameworks/MultitouchSupport.framework/Versions/A/MultitouchSupport
0x0000000008911000 	/System/Library/Frameworks/IOKit.framework/Versions/A/IOKit
0x0000000008911000 	/usr/lib/libDiagnosticMessagesClient.dylib
0x0000000008911000 	/System/Library/Frameworks/CoreServices.framework/Versions/A/CoreServices
0x0000000008911000 	/System/Library/PrivateFrameworks/PerformanceAnalysis.framework/Versions/A/PerformanceAnalysis
0x0000000008911000 	/System/Library/PrivateFrameworks/GenerationalStorage.framework/Versions/A/GenerationalStorage
0x0000000008911000 	/System/Library/Frameworks/OpenGL.framework/Versions/A/OpenGL
0x0000000008911000 	/System/Library/PrivateFrameworks/Sharing.framework/Versions/A/Sharing
0x0000000008911000 	/System/Library/Frameworks/CoreGraphics.framework/Versions/A/CoreGraphics
0x0000000008911000 	/System/Library/Frameworks/CoreText.framework/Versions/A/CoreText
0x0000000008911000 	/System/Library/Frameworks/ImageIO.framework/Versions/A/ImageIO
0x0000000008911000 	/usr/lib/libextension.dylib
0x0000000008911000 	/System/Library/PrivateFrameworks/Backup.framework/Versions/A/Backup
0x0000000008911000 	/usr/lib/libarchive.2.dylib
0x0000000008911000 	/System/Library/Frameworks/CFNetwork.framework/Versions/A/CFNetwork
0x0000000008911000 	/System/Library/Frameworks/SystemConfiguration.framework/Versions/A/SystemConfiguration
0x0000000008911000 	/usr/lib/libCRFSuite.dylib
0x0000000008911000 	/usr/lib/libc++.1.dylib
0x0000000008911000 	/usr/lib/libc++abi.dylib
0x0000000008911000 	/usr/lib/system/libcache.dylib
0x0000000008911000 	/usr/lib/system/libcommonCrypto.dylib
0x0000000008911000 	/usr/lib/system/libcompiler_rt.dylib
0x0000000008911000 	/usr/lib/system/libcopyfile.dylib
0x0000000008911000 	/usr/lib/system/libcorecrypto.dylib
0x0000000008911000 	/usr/lib/system/libdispatch.dylib
0x0000000008911000 	/usr/lib/system/libdyld.dylib
0x0000000008911000 	/usr/lib/system/libkeymgr.dylib
0x0000000008911000 	/usr/lib/system/liblaunch.dylib
0x0000000008911000 	/usr/lib/system/libmacho.dylib
0x0000000008911000 	/usr/lib/system/libquarantine.dylib
0x0000000008911000 	/usr/lib/system/libremovefile.dylib
0x0000000008911000 	/usr/lib/system/libsystem_asl.dylib
0x0000000008911000 	/usr/lib/system/libsystem_blocks.dylib
0x0000000008911000 	/usr/lib/system/libsystem_c.dylib
0x0000000008911000 	/usr/lib/system/libsystem_configuration.dylib
0x0000000008911000 	/usr/lib/system/libsystem_coreservices.dylib
0x0000000008911000 	/usr/lib/system/libsystem_coretls.dylib
0x0000000008911000 	/usr/lib/system/libsystem_dnssd.dylib
0x0000000008911000 	/usr/lib/system/libsystem_info.dylib
0x0000000008911000 	/usr/lib/system/libsystem_kernel.dylib
0x0000000008911000 	/usr/lib/system/libsystem_m.dylib
0x0000000008911000 	/usr/lib/system/libsystem_malloc.dylib
0x0000000008911000 	/usr/lib/system/libsystem_network.dylib
0x0000000008911000 	/usr/lib/system/libsystem_networkextension.dylib
0x0000000008911000 	/usr/lib/system/libsystem_notify.dylib
0x0000000008911000 	/usr/lib/system/libsystem_platform.dylib
0x0000000008911000 	/usr/lib/system/libsystem_pthread.dylib
0x0000000008911000 	/usr/lib/system/libsystem_sandbox.dylib
0x0000000008911000 	/usr/lib/system/libsystem_secinit.dylib
0x0000000008911000 	/usr/lib/system/libsystem_stats.dylib
0x0000000008911000 	/usr/lib/system/libsystem_trace.dylib
0x0000000008911000 	/usr/lib/system/libunc.dylib
0x0000000008911000 	/usr/lib/system/libunwind.dylib
0x0000000008911000 	/usr/lib/system/libxpc.dylib
0x0000000008911000 	/usr/lib/libbz2.1.0.dylib
0x0000000008911000 	/usr/lib/liblzma.5.dylib
0x0000000008911000 	/usr/lib/libbsm.0.dylib
0x0000000008911000 	/usr/lib/libsqlite3.dylib
0x0000000008911000 	/usr/lib/system/libkxld.dylib
0x0000000008911000 	/usr/lib/libxar.1.dylib
0x0000000008911000 	/usr/lib/libpam.2.dylib
0x0000000008911000 	/usr/lib/libOpenScriptingUtil.dylib
0x0000000008911000 	/System/Library/Frameworks/CoreServices.framework/Versions/A/Frameworks/FSEvents.framework/Versions/A/FSEvents
0x0000000008911000 	/System/Library/Frameworks/CoreServices.framework/Versions/A/Frameworks/CarbonCore.framework/Versions/A/CarbonCore
0x0000000008911000 	/System/Library/Frameworks/CoreServices.framework/Versions/A/Frameworks/Metadata.framework/Versions/A/Metadata
0x0000000008911000 	/System/Library/Frameworks/CoreServices.framework/Versions/A/Frameworks/OSServices.framework/Versions/A/OSServices
0x0000000008911000 	/System/Library/Frameworks/CoreServices.framework/Versions/A/Frameworks/SearchKit.framework/Versions/A/SearchKit
0x0000000008911000 	/System/Library/Frameworks/CoreServices.framework/Versions/A/Frameworks/AE.framework/Versions/A/AE
0x0000000008911000 	/System/Library/Frameworks/CoreServices.framework/Versions/A/Frameworks/LaunchServices.framework/Versions/A/LaunchServices
0x0000000008911000 	/System/Library/Frameworks/CoreServices.framework/Versions/A/Frameworks/DictionaryServices.framework/Versions/A/DictionaryServices
0x0000000008911000 	/System/Library/Frameworks/NetFS.framework/Versions/A/NetFS
0x0000000008911000 	/System/Library/PrivateFrameworks/NetAuth.framework/Versions/A/NetAuth
0x0000000008911000 	/System/Library/PrivateFrameworks/login.framework/Versions/A/Frameworks/loginsupport.framework/Versions/A/loginsupport
0x0000000008911000 	/System/Library/PrivateFrameworks/TCC.framework/Versions/A/TCC
0x0000000008911000 	/usr/lib/libmecabra.dylib
0x0000000008911000 	/System/Library/Frameworks/ApplicationServices.framework/Versions/A/Frameworks/ATS.framework/Versions/A/ATS
0x0000000008911000 	/System/Library/Frameworks/ApplicationServices.framework/Versions/A/Frameworks/ColorSync.framework/Versions/A/ColorSync
0x0000000008911000 	/System/Library/Frameworks/ApplicationServices.framework/Versions/A/Frameworks/HIServices.framework/Versions/A/HIServices
0x0000000008911000 	/System/Library/Frameworks/ApplicationServices.framework/Versions/A/Frameworks/LangAnalysis.framework/Versions/A/LangAnalysis
0x0000000008911000 	/System/Library/Frameworks/ApplicationServices.framework/Versions/A/Frameworks/PrintCore.framework/Versions/A/PrintCore
0x0000000008911000 	/System/Library/Frameworks/ApplicationServices.framework/Versions/A/Frameworks/QD.framework/Versions/A/QD
0x0000000008911000 	/System/Library/Frameworks/ApplicationServices.framework/Versions/A/Frameworks/SpeechSynthesis.framework/Versions/A/SpeechSynthesis
0x0000000008911000 	/System/Library/Frameworks/Accelerate.framework/Versions/A/Accelerate
0x0000000008911000 	/System/Library/Frameworks/Accelerate.framework/Versions/A/Frameworks/vImage.framework/Versions/A/vImage
0x0000000008911000 	/System/Library/Frameworks/Accelerate.framework/Versions/A/Frameworks/vecLib.framework/Versions/A/vecLib
0x0000000008911000 	/System/Library/Frameworks/Accelerate.framework/Versions/A/Frameworks/vecLib.framework/Versions/A/libvDSP.dylib
0x0000000008911000 	/System/Library/Frameworks/Accelerate.framework/Versions/A/Frameworks/vecLib.framework/Versions/A/libvMisc.dylib
0x0000000008911000 	/System/Library/Frameworks/Accelerate.framework/Versions/A/Frameworks/vecLib.framework/Versions/A/libLAPACK.dylib
0x0000000008911000 	/System/Library/Frameworks/Accelerate.framework/Versions/A/Frameworks/vecLib.framework/Versions/A/libBLAS.dylib
0x0000000008911000 	/System/Library/Frameworks/Accelerate.framework/Versions/A/Frameworks/vecLib.framework/Versions/A/libLinearAlgebra.dylib
0x0000000008911000 	/System/Library/Frameworks/ApplicationServices.framework/Versions/A/Frameworks/ATS.framework/Versions/A/Resources/libFontParser.dylib
0x0000000008911000 	/System/Library/Frameworks/ApplicationServices.framework/Versions/A/Frameworks/ATS.framework/Versions/A/Resources/libFontRegistry.dylib
0x0000000008911000 	/System/Library/PrivateFrameworks/AppleVPA.framework/Versions/A/AppleVPA
0x0000000008911000 	/System/Library/PrivateFrameworks/AppleJPEG.framework/Versions/A/AppleJPEG
0x0000000008911000 	/System/Library/Frameworks/ImageIO.framework/Versions/A/Resources/libJPEG.dylib
0x0000000008911000 	/System/Library/Frameworks/ImageIO.framework/Versions/A/Resources/libTIFF.dylib
0x0000000008911000 	/System/Library/Frameworks/ImageIO.framework/Versions/A/Resources/libPng.dylib
0x0000000008911000 	/System/Library/Frameworks/ImageIO.framework/Versions/A/Resources/libGIF.dylib
0x0000000008911000 	/System/Library/Frameworks/ImageIO.framework/Versions/A/Resources/libJP2.dylib
0x0000000008911000 	/System/Library/Frameworks/ImageIO.framework/Versions/A/Resources/libRadiance.dylib
0x0000000008911000 	/System/Library/Frameworks/CoreVideo.framework/Versions/A/CoreVideo
0x0000000008911000 	/System/Library/Frameworks/OpenGL.framework/Versions/A/Libraries/libGLU.dylib
0x0000000008911000 	/System/Library/Frameworks/OpenGL.framework/Versions/A/Libraries/libGFXShared.dylib
0x0000000008911000 	/System/Library/Frameworks/OpenGL.framework/Versions/A/Libraries/libGL.dylib
0x0000000008911000 	/System/Library/Frameworks/OpenGL.framework/Versions/A/Libraries/libGLImage.dylib
0x0000000008911000 	/System/Library/Frameworks/OpenGL.framework/Versions/A/Libraries/libCVMSPluginSupport.dylib
0x0000000008911000 	/System/Library/Frameworks/OpenGL.framework/Versions/A/Libraries/libCoreVMClient.dylib
0x0000000008911000 	/usr/lib/libcups.2.dylib
0x0000000008911000 	/System/Library/Frameworks/Kerberos.framework/Versions/A/Kerberos
0x0000000008911000 	/System/Library/Frameworks/GSS.framework/Versions/A/GSS
0x0000000008911000 	/usr/lib/libresolv.9.dylib
0x0000000008911000 	/usr/lib/libiconv.2.dylib
0x0000000008911000 	/System/Library/PrivateFrameworks/Heimdal.framework/Versions/A/Heimdal
0x0000000008911000 	/usr/lib/libheimdal-asn1.dylib
0x0000000008911000 	/System/Library/Frameworks/OpenDirectory.framework/Versions/A/OpenDirectory
0x0000000008911000 	/System/Library/PrivateFrameworks/CommonAuth.framework/Versions/A/CommonAuth
0x0000000008911000 	/System/Library/Frameworks/OpenDirectory.framework/Versions/A/Frameworks/CFOpenDirectory.framework/Versions/A/CFOpenDirectory
0x0000000008911000 	/System/Library/Frameworks/SecurityFoundation.framework/Versions/A/SecurityFoundation
0x0000000008911000 	/System/Library/PrivateFrameworks/LanguageModeling.framework/Versions/A/LanguageModeling
0x0000000008911000 	/usr/lib/libcmph.dylib
0x0000000008911000 	/System/Library/Frameworks/ServiceManagement.framework/Versions/A/ServiceManagement
0x0000000008911000 	/usr/lib/libxslt.1.dylib
0x0000000008911000 	/System/Library/Frameworks/Carbon.framework/Versions/A/Frameworks/Ink.framework/Versions/A/Ink
0x0000000008911000 	/System/Library/Frameworks/QuartzCore.framework/Versions/A/Frameworks/CoreImage.framework/Versions/A/CoreImage
0x0000000008911000 	/System/Library/PrivateFrameworks/CrashReporterSupport.framework/Versions/A/CrashReporterSupport
0x0000000008911000 	/System/Library/Frameworks/OpenCL.framework/Versions/A/OpenCL
0x0000000008911000 	/System/Library/PrivateFrameworks/FaceCore.framework/Versions/A/FaceCore
0x0000000008911000 	/System/Library/PrivateFrameworks/Ubiquity.framework/Versions/A/Ubiquity
0x0000000008911000 	/System/Library/PrivateFrameworks/IconServices.framework/Versions/A/IconServices
0x0000000008911000 	/System/Library/PrivateFrameworks/ChunkingLibrary.framework/Versions/A/ChunkingLibrary
0x0000000008911000 	/System/Library/PrivateFrameworks/Apple80211.framework/Versions/A/Apple80211
0x0000000008911000 	/System/Library/Frameworks/CoreWLAN.framework/Versions/A/CoreWLAN
0x0000000008911000 	/System/Library/Frameworks/IOBluetooth.framework/Versions/A/IOBluetooth
0x0000000008911000 	/System/Library/PrivateFrameworks/CoreWiFi.framework/Versions/A/CoreWiFi
0x0000000008911000 	/System/Library/Frameworks/CoreBluetooth.framework/Versions/A/CoreBluetooth
0x0000000008911000 	/System/Library/PrivateFrameworks/DebugSymbols.framework/Versions/A/DebugSymbols
0x0000000008911000 	/System/Library/PrivateFrameworks/CoreSymbolication.framework/Versions/A/CoreSymbolication
0x0000000008911000 	/System/Library/PrivateFrameworks/Symbolication.framework/Versions/A/Symbolication
0x0000000008911000 	/System/Library/PrivateFrameworks/SpeechRecognitionCore.framework/Versions/A/SpeechRecognitionCore
0x000000010a33d000 	/Library/Java/JavaVirtualMachines/jdk1.8.0_60.jdk/Contents/Home/jre/lib/server/libjvm.dylib
0x0000000008911000 	/usr/lib/libstdc++.6.dylib
0x000000010b3e0000 	/Library/Java/JavaVirtualMachines/jdk1.8.0_60.jdk/Contents/Home/jre/lib/libverify.dylib
0x000000010bc00000 	/Library/Java/JavaVirtualMachines/jdk1.8.0_60.jdk/Contents/Home/jre/lib/libjava.dylib
0x000000010bc35000 	/Library/Java/JavaVirtualMachines/jdk1.8.0_60.jdk/Contents/Home/jre/lib/libzip.dylib
0x0000000121cb5000 	/System/Library/Frameworks/JavaVM.framework/Frameworks/JavaRuntimeSupport.framework/JavaRuntimeSupport
0x0000000121ccb000 	/System/Library/Frameworks/JavaVM.framework/Versions/A/Frameworks/JavaNativeFoundation.framework/Versions/A/JavaNativeFoundation
0x0000000121cdf000 	/System/Library/Frameworks/JavaVM.framework/Versions/A/JavaVM
0x0000000008911000 	/System/Library/Frameworks/Carbon.framework/Versions/A/Carbon
0x0000000121ceb000 	/System/Library/PrivateFrameworks/JavaLaunching.framework/Versions/A/JavaLaunching
0x0000000008911000 	/System/Library/Frameworks/Carbon.framework/Versions/A/Frameworks/CommonPanels.framework/Versions/A/CommonPanels
0x0000000008911000 	/System/Library/Frameworks/Carbon.framework/Versions/A/Frameworks/Help.framework/Versions/A/Help
0x0000000008911000 	/System/Library/Frameworks/Carbon.framework/Versions/A/Frameworks/ImageCapture.framework/Versions/A/ImageCapture
0x0000000008911000 	/System/Library/Frameworks/Carbon.framework/Versions/A/Frameworks/OpenScripting.framework/Versions/A/OpenScripting
0x0000000008911000 	/System/Library/Frameworks/Carbon.framework/Versions/A/Frameworks/Print.framework/Versions/A/Print
0x0000000008911000 	/System/Library/Frameworks/Carbon.framework/Versions/A/Frameworks/SecurityHI.framework/Versions/A/SecurityHI
0x0000000123cf6000 	/Library/Java/JavaVirtualMachines/jdk1.8.0_60.jdk/Contents/Home/jre/lib/libprism_es2.dylib
0x0000000008911000 	/System/Library/Frameworks/OpenGL.framework/Versions/A/Resources/GLEngine.bundle/GLEngine
0x0000000008911000 	/System/Library/Frameworks/OpenGL.framework/Versions/A/Libraries/libGLProgrammability.dylib
0x0000000123d77000 	/System/Library/Extensions/AppleIntelHD4000GraphicsGLDriver.bundle/Contents/MacOS/AppleIntelHD4000GraphicsGLDriver
0x0000000008911000 	/System/Library/PrivateFrameworks/IOAccelerator.framework/Versions/A/IOAccelerator
0x0000000008911000 	/System/Library/PrivateFrameworks/GPUSupport.framework/Versions/A/Libraries/libGPUSupportMercury.dylib
0x0000000008911000 	/System/Library/Frameworks/OpenGL.framework/Versions/A/Resources/GLRendererFloat.bundle/GLRendererFloat
0x0000000008911000 	/System/Library/Frameworks/OpenCL.framework/Versions/A/Libraries/libcldcpuengine.dylib
0x0000000008911000 	/System/Library/PrivateFrameworks/DiskImages.framework/Versions/A/DiskImages
0x0000000008911000 	/System/Library/Frameworks/DiscRecording.framework/Versions/A/DiscRecording
0x0000000008911000 	/usr/lib/libcsfde.dylib
0x0000000008911000 	/usr/lib/libcurl.4.dylib
0x0000000008911000 	/System/Library/PrivateFrameworks/MediaKit.framework/Versions/A/MediaKit
0x0000000008911000 	/System/Library/PrivateFrameworks/ProtectedCloudStorage.framework/Versions/A/ProtectedCloudStorage
0x0000000008911000 	/usr/lib/libCoreStorage.dylib
0x0000000008911000 	/System/Library/PrivateFrameworks/EFILogin.framework/Versions/A/EFILogin
0x0000000008911000 	/usr/lib/libutil.dylib
0x0000000008911000 	/System/Library/PrivateFrameworks/FindMyDevice.framework/Versions/A/FindMyDevice
0x0000000008911000 	/System/Library/Frameworks/LDAP.framework/Versions/A/LDAP
0x0000000008911000 	/usr/lib/libsasl2.2.dylib
0x0000000008911000 	/System/Library/PrivateFrameworks/CoreDaemon.framework/Versions/B/CoreDaemon
0x0000000008911000 	/usr/lib/libcrypto.0.9.8.dylib
0x0000000008911000 	/System/Library/PrivateFrameworks/AppleSRP.framework/Versions/A/AppleSRP
0x0000000008911000 	/System/Library/PrivateFrameworks/TrustEvaluationAgent.framework/Versions/A/TrustEvaluationAgent
0x0000000124888000 	/Library/Java/JavaVirtualMachines/jdk1.8.0_60.jdk/Contents/Home/jre/lib/libglass.dylib
0x0000000008911000 	/System/Library/PrivateFrameworks/CoreServicesInternal.framework/Versions/A/CoreServicesInternal
0x0000000008911000 	/System/Library/PrivateFrameworks/CloudDocs.framework/Versions/A/CloudDocs
0x0000000008911000 	/System/Library/PrivateFrameworks/CoreDuet.framework/Versions/A/CoreDuet
0x0000000008911000 	/System/Library/Frameworks/CloudKit.framework/Versions/A/CloudKit
0x0000000008911000 	/System/Library/PrivateFrameworks/ProtocolBuffer.framework/Versions/A/ProtocolBuffer
0x0000000008911000 	/System/Library/PrivateFrameworks/CoreDuetDaemonProtocol.framework/Versions/A/CoreDuetDaemonProtocol
0x0000000008911000 	/System/Library/PrivateFrameworks/CoreDuetDebugLogging.framework/Versions/A/CoreDuetDebugLogging
0x0000000008911000 	/System/Library/PrivateFrameworks/MMCS.framework/Versions/A/MMCS
0x0000000008911000 	/System/Library/Frameworks/CoreLocation.framework/Versions/A/CoreLocation
0x0000000008911000 	/System/Library/PrivateFrameworks/GeoServices.framework/Versions/A/GeoServices
0x0000000008911000 	/System/Library/Frameworks/CoreGraphics.framework/Versions/A/Resources/libCGCMS.A.dylib
0x0000000008911000 	/System/Library/CoreServices/RawCamera.bundle/Contents/MacOS/RawCamera
0x0000000008911000 	/System/Library/Frameworks/CoreGraphics.framework/Versions/A/Resources/libRIP.A.dylib
0x0000000008911000 	/System/Library/PrivateFrameworks/FamilyControls.framework/Versions/A/FamilyControls
0x0000000008911000 	/System/Library/PrivateFrameworks/CommerceKit.framework/Versions/A/Frameworks/CommerceCore.framework/Versions/A/CommerceCore
0x0000000008911000 	/System/Library/PrivateFrameworks/SystemAdministration.framework/Versions/A/SystemAdministration
0x0000000008911000 	/System/Library/PrivateFrameworks/AppContainer.framework/Versions/A/AppContainer
0x0000000008911000 	/System/Library/PrivateFrameworks/SecCodeWrapper.framework/Versions/A/SecCodeWrapper
0x0000000008911000 	/System/Library/Frameworks/DirectoryService.framework/Versions/A/DirectoryService
0x0000000008911000 	/System/Library/PrivateFrameworks/LoginUIKit.framework/Versions/A/Frameworks/LoginUICore.framework/Versions/A/LoginUICore
0x0000000008911000 	/usr/lib/libodfde.dylib
0x0000000128f5b000 	/Library/Java/JavaVirtualMachines/jdk1.8.0_60.jdk/Contents/Home/jre/lib/libjfxwebkit.dylib
0x000000012b7a3000 	/Library/Java/JavaVirtualMachines/jdk1.8.0_60.jdk/Contents/Home/jre/lib/libnio.dylib
0x000000012b7b3000 	/Library/Java/JavaVirtualMachines/jdk1.8.0_60.jdk/Contents/Home/jre/lib/./libnet.dylib
0x000000012bc3e000 	/Library/Java/JavaVirtualMachines/jdk1.8.0_60.jdk/Contents/Home/jre/lib/libjavafx_font.dylib
0x0000000008911000 	/System/Library/Frameworks/CoreGraphics.framework/Versions/A/Resources/libCGXType.A.dylib
0x000000012ebbe000 	cl_kernels
0x0000000130438000 	/System/Library/Frameworks/OpenCL.framework/Versions/A/Libraries/ImageFormats/unorm8_bgra.dylib
0x000000012ebb0000 	cl_kernels
0x0000000131371000 	/Library/Java/JavaVirtualMachines/jdk1.8.0_60.jdk/Contents/Home/jre/lib/libprism_common.dylib
0x0000000131940000 	/Library/Java/JavaVirtualMachines/jdk1.8.0_60.jdk/Contents/Home/jre/lib/libsunec.dylib

VM Arguments:
jvm_args: -Dfile.encoding=UTF-8 
java_command: application.MapApp
java_class_path (initial): /Users/miaminneskemp/Documents/GitHubLocal/Course3/Course3Solutions/bin:/Users/miaminneskemp/Documents/GitHubLocal/Course3/Course3Solutions/libs/javax.json-1.0.4.jar
Launcher Type: SUN_STANDARD

Environment Variables:
PATH=/usr/bin:/bin:/usr/sbin:/sbin
SHELL=/bin/bash

Signal Handlers:
SIGSEGV: [libjvm.dylib+0x5a6d31], sa_mask[0]=11111111011111110111111111111111, sa_flags=SA_ONSTACK|SA_RESTART|SA_SIGINFO
SIGBUS: [libjvm.dylib+0x5a6d31], sa_mask[0]=11111111011111110111111111111111, sa_flags=SA_RESTART|SA_SIGINFO
SIGFPE: [libjvm.dylib+0x480a4c], sa_mask[0]=11111111011111110111111111111111, sa_flags=SA_RESTART|SA_SIGINFO
SIGPIPE: [libjvm.dylib+0x480a4c], sa_mask[0]=11111111011111110111111111111111, sa_flags=SA_RESTART|SA_SIGINFO
SIGXFSZ: [libjvm.dylib+0x480a4c], sa_mask[0]=11111111011111110111111111111111, sa_flags=SA_RESTART|SA_SIGINFO
SIGILL: [libjvm.dylib+0x480a4c], sa_mask[0]=11111111011111110111111111111111, sa_flags=SA_RESTART|SA_SIGINFO
SIGUSR1: SIG_DFL, sa_mask[0]=00000000000000000000000000000000, sa_flags=none
SIGUSR2: [libjvm.dylib+0x48056a], sa_mask[0]=00100000000000000000000000000000, sa_flags=SA_RESTART|SA_SIGINFO
SIGHUP: [libjvm.dylib+0x47eb41], sa_mask[0]=11111111011111110111111111111111, sa_flags=SA_RESTART|SA_SIGINFO
SIGINT: [libjvm.dylib+0x47eb41], sa_mask[0]=11111111011111110111111111111111, sa_flags=SA_RESTART|SA_SIGINFO
SIGTERM: [libjvm.dylib+0x47eb41], sa_mask[0]=11111111011111110111111111111111, sa_flags=SA_RESTART|SA_SIGINFO
SIGQUIT: [libjvm.dylib+0x47eb41], sa_mask[0]=11111111011111110111111111111111, sa_flags=SA_RESTART|SA_SIGINFO


---------------  S Y S T E M  ---------------

OS:Bsduname:Darwin 14.5.0 Darwin Kernel Version 14.5.0: Tue Sep  1 21:23:09 PDT 2015; root:xnu-2782.50.1~1/RELEASE_X86_64 x86_64
rlimit: STACK 8192k, CORE 0k, NPROC 709, NOFILE 10240, AS infinity
load average:2.10 1.52 1.33

CPU:total 4 (2 cores per cpu, 2 threads per core) family 6 model 58 stepping 9, cmov, cx8, fxsr, mmx, sse, sse2, sse3, ssse3, sse4.1, sse4.2, popcnt, avx, aes, clmul, erms, ht, tsc, tscinvbit, tscinv

Memory: 4k page, physical 8388608k(529560k free)

/proc/meminfo:


vm_info: Java HotSpot(TM) 64-Bit Server VM (25.60-b23) for bsd-amd64 JRE (1.8.0_60-b27), built on Aug  4 2015 10:47:24 by "java_re" with gcc 4.2.1 (Based on Apple Inc. build 5658) (LLVM build 2336.11.00)

time: Mon Dec 14 15:19:45 2015
elapsed time: 24 seconds (0d 0h 0m 24s)

