#
# A fatal error has been detected by the Java Runtime Environment:
#
#  SIGSEGV (0xb) at pc=0x00000001256fb8ae, pid=3093, tid=87307
#
# JRE version: Java(TM) SE Runtime Environment (8.0_60-b27) (build 1.8.0_60-b27)
# Java VM: Java HotSpot(TM) 64-Bit Server VM (25.60-b23 mixed mode bsd-amd64 compressed oops)
# Problematic frame:
# C  [libjfxwebkit.dylib+0xe2e8ae]  WTFCrash+0x3e
#
# Failed to write core dump. Core dumps have been disabled. To enable core dumping, try "ulimit -c unlimited" before starting Java again
#
# If you would like to submit a bug report, please visit:
#   http://bugreport.java.com/bugreport/crash.jsp
# The crash happened outside the Java Virtual Machine in native code.
# See problematic frame for where to report the bug.
#

---------------  T H R E A D  ---------------

Current thread (0x00007fc7a78c1800):  JavaThread "Thread-157" [_thread_in_native, id=87307, stack(0x00000001307bc000,0x00000001308bc000)]

siginfo: si_signo: 11 (SIGSEGV), si_code: 1 (SEGV_MAPERR), si_addr: 0x00000000bbadbeef

Registers:
RAX=0x00000000bbadbeef, RBX=0x00000001308bb160, RCX=0x0000000000000000, RDX=0x00007fff7a00d1f8
RSP=0x00000001308bb020, RBP=0x00000001308bb130, RSI=0x0000080000000800, RDI=0x0000000000000000
R8 =0x00000001308bae10, R9 =0x00000001308bc000, R10=0x0000000000000000, R11=0x0000000000000246
R12=0x000000012d42feb0, R13=0x0000000000000001, R14=0x00007fc7a3961400, R15=0x000000012d3ef9b0
RIP=0x00000001256fb8ae, EFLAGS=0x0000000000010206, ERR=0x0000000000000006
  TRAPNO=0x000000000000000e

Top of Stack: (sp=0x00000001308bb020)
0x00000001308bb020:   00000001256fb89a 00000001259f208e
0x00000001308bb030:   00000001259f419c 00000001258a9090
0x00000001308bb040:   00000001259d8fde 0000000125a47560
0x00000001308bb050:   0000000125a4bfab 0000000125338286
0x00000001308bb060:   000000010754d954 000000010753f9d0
0x00000001308bb070:   01007fc7a78c1800 00000001308bb3c8
0x00000001308bb080:   00000007c00c1150 00000001308bb1b0
0x00000001308bb090:   00000007c00bfce8 00007fc7a78c1800
0x00000001308bb0a0:   000000011bbe8000 00007fc7a78c1800
0x00000001308bb0b0:   000000011bbe8000 000000000000000f
0x00000001308bb0c0:   00000001308bb1f0 0000000105ff39ae
0x00000001308bb0d0:   00007fc7a78c1800 00000001270f0080
0x00000001308bb0e0:   01007fc7a78c1800 00000001308bb438
0x00000001308bb0f0:   00000007c00bfce8 000000011bbe7d80
0x00000001308bb100:   00007fc7a78c1800 000000011bbe7d80
0x00000001308bb110:   0000000132af1820 00000001308bb200
0x00000001308bb120:   00007fc7a3961400 000000012d3ef9b0
0x00000001308bb130:   00000001308bb150 00000001259f208e
0x00000001308bb140:   000000012d3e0000 000000012d3ef9b0
0x00000001308bb150:   00000001308bb180 00000001259f419c
0x00000001308bb160:   00007fc7a3961400 00007fc7a3961400
0x00000001308bb170:   00007fc7a3961400 0000000000000001
0x00000001308bb180:   00000001308bb250 00000001258a9090
0x00000001308bb190:   00007fc7a78c1800 00000007c00c1150
0x00000001308bb1a0:   00000001308bb1f0 00000001246cfd70
0x00000001308bb1b0:   00000001308bb2c0 000000012d42feb0
0x00000001308bb1c0:   00000001308bb238 00000001308bb244
0x00000001308bb1d0:   000000012d3ef9b0 00000001308bb244
0x00000001308bb1e0:   000000012d3dffe0 00007fc7a24a6ef0
0x00000001308bb1f0:   00000001308bb270 00000001248ffe43
0x00000001308bb200:   00007fc7a3961400 000000012d3ef970
0x00000001308bb210:   000000012d42fe00 000000012d3ef970 

Instructions: (pc=0x00000001256fb8ae)
0x00000001256fb88e:   ff ff be 21 00 00 00 e8 1e fd 49 00 48 8d bd 00
0x00000001256fb89e:   ff ff ff 8d 70 fe e8 d7 fe ff ff b8 ef be ad bb
0x00000001256fb8ae:   c7 00 00 00 00 00 0f 0b 66 2e 0f 1f 84 00 00 00
0x00000001256fb8be:   00 00 55 48 89 e5 48 81 ec 10 01 00 00 48 8b 05 

Register to memory mapping:

RAX=0x00000000bbadbeef is an unknown value
RBX=0x00000001308bb160 is pointing into the stack for thread: 0x00007fc7a78c1800
RCX=0x0000000000000000 is an unknown value
RDX=0x00007fff7a00d1f8: __sFX+0x1c8 in /usr/lib/system/libsystem_c.dylib at 0x00007fff93728000
RSP=0x00000001308bb020 is pointing into the stack for thread: 0x00007fc7a78c1800
RBP=0x00000001308bb130 is pointing into the stack for thread: 0x00007fc7a78c1800
RSI=0x0000080000000800 is an unknown value
RDI=0x0000000000000000 is an unknown value
R8 =0x00000001308bae10 is pointing into the stack for thread: 0x00007fc7a78c1800
R9 =0x00000001308bc000 is pointing into the stack for thread: 0x00007fc7a78c1800
R10=0x0000000000000000 is an unknown value
R11=0x0000000000000246 is an unknown value
R12=0x000000012d42feb0 is an unknown value
R13=0x0000000000000001 is an unknown value
R14=0x00007fc7a3961400 is an unknown value
R15=0x000000012d3ef9b0 is an unknown value


Stack: [0x00000001307bc000,0x00000001308bc000],  sp=0x00000001308bb020,  free space=1020k
Native frames: (J=compiled Java code, j=interpreted, Vv=VM code, C=native code)
C  [libjfxwebkit.dylib+0xe2e8ae]  WTFCrash+0x3e
C  [libjfxwebkit.dylib+0x112508e]  _ZN3JSC18ErrorHandlingScopeC1ERNS_2VME+0x3e
C  [libjfxwebkit.dylib+0x112719c]  _ZN3JSC23throwStackOverflowErrorEPNS_9ExecStateE+0x2c
C  [libjfxwebkit.dylib+0xfdc090]  _ZN3JSC11Interpreter11executeCallEPNS_9ExecStateEPNS_8JSObjectENS_8CallTypeERKNS_8CallDataENS_7JSValueERKNS_7ArgListE+0xb0
C  [libjfxwebkit.dylib+0x110bfde]  _ZN3JSC4callEPNS_9ExecStateENS_7JSValueENS_8CallTypeERKNS_8CallDataES2_RKNS_7ArgListE+0x3e
C  [libjfxwebkit.dylib+0x117a560]  _ZN3JSC8JSObject12defaultValueEPKS0_PNS_9ExecStateENS_22PreferredPrimitiveTypeE+0x190
C  [libjfxwebkit.dylib+0x117efab]  _ZNK3JSC8JSObject8toStringEPNS_9ExecStateE+0x4b
C  [libjfxwebkit.dylib+0xa6b286]  Java_com_sun_webkit_dom_JSObject_toStringImpl+0x76
j  com.sun.webkit.dom.JSObject.toStringImpl(JI)Ljava/lang/String;+0
j  com.sun.webkit.dom.JSObject.toString()Ljava/lang/String;+8
j  java.lang.String.valueOf(Ljava/lang/Object;)Ljava/lang/String;+10
j  java.io.PrintStream.println(Ljava/lang/Object;)V+1
j  gmapsfx.javascript.JavascriptObject.invokeJavascript(Ljava/lang/String;)Ljava/lang/Object;+7
j  gmapsfx.javascript.JavascriptObject.invokeJavascriptReturnValue(Ljava/lang/String;Ljava/lang/Class;)Ljava/lang/Object;+2
j  gmapsfx.javascript.object.GoogleMap.getBounds()Lgmapsfx/javascript/object/LatLongBounds;+5
j  application.services.GeneralService.getBoundsArray()[F+4
j  application.services.GeneralService.writeDataToFile(Ljava/lang/String;)Z+1
j  application.services.GeneralService$1.call()Ljava/lang/String;+16
j  application.services.GeneralService$1.call()Ljava/lang/Object;+1
j  javafx.concurrent.Task$TaskCallable.call()Ljava/lang/Object;+26
j  java.util.concurrent.FutureTask.run()V+42
j  java.lang.Thread.run()V+11
v  ~StubRoutines::call_stub
V  [libjvm.dylib+0x2eab0e]
V  [libjvm.dylib+0x2eb29c]
V  [libjvm.dylib+0x2eb448]
V  [libjvm.dylib+0x345965]
V  [libjvm.dylib+0x5612d3]
V  [libjvm.dylib+0x5629ce]
V  [libjvm.dylib+0x48343a]
C  [libsystem_pthread.dylib+0x405a]  _pthread_body+0x83
C  [libsystem_pthread.dylib+0x3fd7]  _pthread_body+0x0
C  [libsystem_pthread.dylib+0x13ed]  thread_start+0xd
C  0x0000000000000000

Java frames: (J=compiled Java code, j=interpreted, Vv=VM code)
j  com.sun.webkit.dom.JSObject.toStringImpl(JI)Ljava/lang/String;+0
j  com.sun.webkit.dom.JSObject.toString()Ljava/lang/String;+8
j  java.lang.String.valueOf(Ljava/lang/Object;)Ljava/lang/String;+10
j  java.io.PrintStream.println(Ljava/lang/Object;)V+1
j  gmapsfx.javascript.JavascriptObject.invokeJavascript(Ljava/lang/String;)Ljava/lang/Object;+7
j  gmapsfx.javascript.JavascriptObject.invokeJavascriptReturnValue(Ljava/lang/String;Ljava/lang/Class;)Ljava/lang/Object;+2
j  gmapsfx.javascript.object.GoogleMap.getBounds()Lgmapsfx/javascript/object/LatLongBounds;+5
j  application.services.GeneralService.getBoundsArray()[F+4
j  application.services.GeneralService.writeDataToFile(Ljava/lang/String;)Z+1
j  application.services.GeneralService$1.call()Ljava/lang/String;+16
j  application.services.GeneralService$1.call()Ljava/lang/Object;+1
j  javafx.concurrent.Task$TaskCallable.call()Ljava/lang/Object;+26
j  java.util.concurrent.FutureTask.run()V+42
j  java.lang.Thread.run()V+11
v  ~StubRoutines::call_stub

---------------  P R O C E S S  ---------------

Java Threads: ( => current thread )
=>0x00007fc7a78c1800 JavaThread "Thread-157" [_thread_in_native, id=87307, stack(0x00000001307bc000,0x00000001308bc000)]
  0x00007fc7a43c0800 JavaThread "URL-Loader-20" daemon [_thread_blocked, id=71171, stack(0x0000000132751000,0x0000000132851000)]
  0x00007fc7a44ec000 JavaThread "URL-Loader-19" daemon [_thread_blocked, id=70659, stack(0x00000001325f7000,0x00000001326f7000)]
  0x00007fc7a3cd3800 JavaThread "URL-Loader-18" daemon [_thread_blocked, id=70151, stack(0x00000001324f4000,0x00000001325f4000)]
  0x00007fc7a7807000 JavaThread "URL-Loader-17" daemon [_thread_blocked, id=69643, stack(0x00000001323f1000,0x00000001324f1000)]
  0x00007fc7a3c9e000 JavaThread "URL-Loader-16" daemon [_thread_blocked, id=69123, stack(0x00000001321b8000,0x00000001322b8000)]
  0x00007fc7a2c60000 JavaThread "URL-Loader-15" daemon [_thread_blocked, id=68611, stack(0x00000001320b5000,0x00000001321b5000)]
  0x00007fc7a3cc5800 JavaThread "URL-Loader-14" daemon [_thread_blocked, id=68099, stack(0x0000000131fb2000,0x00000001320b2000)]
  0x00007fc7a37e6000 JavaThread "URL-Loader-13" daemon [_thread_blocked, id=67587, stack(0x0000000131eaf000,0x0000000131faf000)]
  0x00007fc7a3bde000 JavaThread "URL-Loader-12" daemon [_thread_blocked, id=67075, stack(0x0000000131dac000,0x0000000131eac000)]
  0x00007fc7a376a000 JavaThread "URL-Loader-11" daemon [_thread_blocked, id=66567, stack(0x0000000131ca9000,0x0000000131da9000)]
  0x00007fc7a3a4a800 JavaThread "URL-Loader-10" daemon [_thread_blocked, id=64519, stack(0x0000000131ba6000,0x0000000131ca6000)]
  0x00007fc7a34c9800 JavaThread "URL-Loader-9" daemon [_thread_blocked, id=66051, stack(0x0000000131aa3000,0x0000000131ba3000)]
  0x00007fc7a3693800 JavaThread "URL-Loader-8" daemon [_thread_blocked, id=65539, stack(0x00000001319a0000,0x0000000131aa0000)]
  0x00007fc7a3acb000 JavaThread "URL-Loader-7" daemon [_thread_blocked, id=65031, stack(0x000000013189d000,0x000000013199d000)]
  0x00007fc7a3335800 JavaThread "URL-Loader-6" daemon [_thread_blocked, id=64003, stack(0x0000000131697000,0x0000000131797000)]
  0x00007fc7a3a50800 JavaThread "URL-Loader-5" daemon [_thread_blocked, id=63491, stack(0x0000000131594000,0x0000000131694000)]
  0x00007fc7a347f800 JavaThread "Watchdog-Timer-1" daemon [_thread_blocked, id=62979, stack(0x0000000131491000,0x0000000131591000)]
  0x00007fc7a3a50000 JavaThread "Keep-Alive-Timer" daemon [_thread_blocked, id=62731, stack(0x000000013138e000,0x000000013148e000)]
  0x00007fc7a3326000 JavaThread "URL-Loader-4" daemon [_thread_blocked, id=59907, stack(0x000000012d294000,0x000000012d394000)]
  0x00007fc7a2c4d800 JavaThread "URL-Loader-3" daemon [_thread_blocked, id=58919, stack(0x000000012d191000,0x000000012d291000)]
  0x00007fc7a3324800 JavaThread "URL-Loader-2" daemon [_thread_blocked, id=59683, stack(0x000000012d08e000,0x000000012d18e000)]
  0x00007fc7a29cf800 JavaThread "Prism Font Disposer" daemon [_thread_blocked, id=51487, stack(0x000000012825b000,0x000000012835b000)]
  0x00007fc7a3977000 JavaThread "URL-Loader-1" daemon [_thread_blocked, id=50179, stack(0x0000000127183000,0x0000000127283000)]
  0x00007fc7a31d3000 JavaThread "Disposer" daemon [_thread_blocked, id=49667, stack(0x0000000126e11000,0x0000000126f11000)]
  0x00007fc7a40b2800 JavaThread "JavaFX-Launcher" [_thread_blocked, id=48643, stack(0x00000001247cb000,0x00000001248cb000)]
  0x00007fc7a40bf000 JavaThread "Thread-3" daemon [_thread_in_native, id=36355, stack(0x0000000123549000,0x00000001235c9000)]
  0x00007fc7a28a0000 JavaThread "JavaFX Application Thread" [_thread_in_Java, id=1811, stack(0x00007fff598d4000,0x00007fff5a0d4000)]
  0x00007fc7a38a8800 JavaThread "Thread-1" daemon [_thread_blocked, id=24083, stack(0x00000001201d6000,0x00000001202d6000)]
  0x00007fc7a3827000 JavaThread "QuantumRenderer-0" daemon [_thread_blocked, id=19203, stack(0x000000011f570000,0x000000011f670000)]
  0x00007fc7a3034800 JavaThread "Service Thread" daemon [_thread_blocked, id=18179, stack(0x000000011f2d4000,0x000000011f3d4000)]
  0x00007fc7a281c000 JavaThread "C1 CompilerThread2" daemon [_thread_blocked, id=17667, stack(0x000000011f1d1000,0x000000011f2d1000)]
  0x00007fc7a3872800 JavaThread "C2 CompilerThread1" daemon [_thread_in_native, id=17155, stack(0x000000011f0ce000,0x000000011f1ce000)]
  0x00007fc7a381d800 JavaThread "C2 CompilerThread0" daemon [_thread_in_native, id=16643, stack(0x000000011efcb000,0x000000011f0cb000)]
  0x00007fc7a381c800 JavaThread "Signal Dispatcher" daemon [_thread_blocked, id=16391, stack(0x000000011eec8000,0x000000011efc8000)]
  0x00007fc7a302f800 JavaThread "Finalizer" daemon [_thread_blocked, id=11523, stack(0x000000011d4ad000,0x000000011d5ad000)]
  0x00007fc7a3029000 JavaThread "Reference Handler" daemon [_thread_blocked, id=11011, stack(0x000000011d3aa000,0x000000011d4aa000)]
  0x00007fc7a4007000 JavaThread "main" [_thread_blocked, id=4867, stack(0x0000000107401000,0x0000000107501000)]

Other Threads:
  0x00007fc7a3028800 VMThread [stack: 0x000000011d2a7000,0x000000011d3a7000] [id=10499]
  0x00007fc7a2816000 WatcherThread [stack: 0x000000011f3d7000,0x000000011f4d7000] [id=18691]

VM state:not at safepoint (normal execution)

VM Mutex/Monitor currently owned by a thread: None

Heap:
 PSYoungGen      total 52736K, used 35822K [0x0000000795580000, 0x000000079ba00000, 0x00000007c0000000)
  eden space 47616K, 64% used [0x0000000795580000,0x000000079737f7a0,0x0000000798400000)
  from space 5120K, 99% used [0x0000000798400000,0x00000007988fc148,0x0000000798900000)
  to   space 18432K, 0% used [0x000000079a800000,0x000000079a800000,0x000000079ba00000)
 ParOldGen       total 70656K, used 25144K [0x0000000740000000, 0x0000000744500000, 0x0000000795580000)
  object space 70656K, 35% used [0x0000000740000000,0x000000074188e238,0x0000000744500000)
 Metaspace       used 24755K, capacity 26198K, committed 26496K, reserved 1073152K
  class space    used 3400K, capacity 3665K, committed 3712K, reserved 1048576K

Card table byte_map: [0x00000001168f8000,0x0000000116cf9000] byte_map_base: 0x0000000112ef8000

Marking Bits: (ParMarkBitMap*) 0x0000000106509e20
 Begin Bits: [0x00000001173b0000, 0x00000001193b0000)
 End Bits:   [0x00000001193b0000, 0x000000011b3b0000)

Polling page: 0x0000000106bd9000

CodeCache: size=245760Kb used=12675Kb max_used=12675Kb free=233084Kb
 bounds [0x0000000107538000, 0x00000001081a8000, 0x0000000116538000]
 total_blobs=4834 nmethods=4041 adapters=704
 compilation: enabled

Compilation events (10 events):
Event: 22.433 Thread 0x00007fc7a281c000 4458       3       java.lang.invoke.ConstantCallSite::<init> (11 bytes)
Event: 22.439 Thread 0x00007fc7a281c000 nmethod 4458 0x0000000108191690 code [0x0000000108191800, 0x0000000108191ad0]
Event: 22.439 Thread 0x00007fc7a281c000 4465       1       javafx.scene.paint.LinearGradient::isOpaque (5 bytes)
Event: 22.439 Thread 0x00007fc7a281c000 nmethod 4465 0x00000001081913d0 code [0x0000000108191520, 0x0000000108191630]
Event: 22.439 Thread 0x00007fc7a281c000 4459       1       javafx.scene.Node::access$000 (5 bytes)
Event: 22.439 Thread 0x00007fc7a281c000 nmethod 4459 0x0000000108191110 code [0x0000000108191260, 0x0000000108191350]
Event: 22.439 Thread 0x00007fc7a281c000 4460       1       javafx.scene.Node::access$100 (5 bytes)
Event: 22.439 Thread 0x00007fc7a281c000 nmethod 4460 0x0000000108190e50 code [0x0000000108190fa0, 0x0000000108191090]
Event: 22.439 Thread 0x00007fc7a281c000 4461       1       javafx.scene.Parent::access$600 (5 bytes)
Event: 22.443 Thread 0x00007fc7a281c000 nmethod 4461 0x00000001081a6490 code [0x00000001081a65e0, 0x00000001081a66d0]

GC Heap History (10 events):
Event: 2.743 GC heap before
{Heap before GC invocations=2 (full 0):
 PSYoungGen      total 38400K, used 23588K [0x0000000795580000, 0x0000000798000000, 0x00000007c0000000)
  eden space 33280K, 57% used [0x0000000795580000,0x00000007968391e0,0x0000000797600000)
  from space 5120K, 86% used [0x0000000797600000,0x0000000797a50040,0x0000000797b00000)
  to   space 5120K, 0% used [0x0000000797b00000,0x0000000797b00000,0x0000000798000000)
 ParOldGen       total 87552K, used 8K [0x0000000740000000, 0x0000000745580000, 0x0000000795580000)
  object space 87552K, 0% used [0x0000000740000000,0x0000000740002000,0x0000000745580000)
 Metaspace       used 19911K, capacity 21138K, committed 21248K, reserved 1067008K
  class space    used 2960K, capacity 3232K, committed 3328K, reserved 1048576K
Event: 2.766 GC heap after
Heap after GC invocations=2 (full 0):
 PSYoungGen      total 38400K, used 5088K [0x0000000795580000, 0x000000079a080000, 0x00000007c0000000)
  eden space 33280K, 0% used [0x0000000795580000,0x0000000795580000,0x0000000797600000)
  from space 5120K, 99% used [0x0000000797b00000,0x0000000797ff8050,0x0000000798000000)
  to   space 5120K, 0% used [0x0000000797600000,0x0000000797600000,0x0000000797b00000)
 ParOldGen       total 87552K, used 7850K [0x0000000740000000, 0x0000000745580000, 0x0000000795580000)
  object space 87552K, 8% used [0x0000000740000000,0x00000007407aa9d8,0x0000000745580000)
 Metaspace       used 19911K, capacity 21138K, committed 21248K, reserved 1067008K
  class space    used 2960K, capacity 3232K, committed 3328K, reserved 1048576K
}
Event: 2.766 GC heap before
{Heap before GC invocations=3 (full 1):
 PSYoungGen      total 38400K, used 5088K [0x0000000795580000, 0x000000079a080000, 0x00000007c0000000)
  eden space 33280K, 0% used [0x0000000795580000,0x0000000795580000,0x0000000797600000)
  from space 5120K, 99% used [0x0000000797b00000,0x0000000797ff8050,0x0000000798000000)
  to   space 5120K, 0% used [0x0000000797600000,0x0000000797600000,0x0000000797b00000)
 ParOldGen       total 87552K, used 7850K [0x0000000740000000, 0x0000000745580000, 0x0000000795580000)
  object space 87552K, 8% used [0x0000000740000000,0x00000007407aa9d8,0x0000000745580000)
 Metaspace       used 19911K, capacity 21138K, committed 21248K, reserved 1067008K
  class space    used 2960K, capacity 3232K, committed 3328K, reserved 1048576K
Event: 2.805 GC heap after
Heap after GC invocations=3 (full 1):
 PSYoungGen      total 38400K, used 0K [0x0000000795580000, 0x000000079a080000, 0x00000007c0000000)
  eden space 33280K, 0% used [0x0000000795580000,0x0000000795580000,0x0000000797600000)
  from space 5120K, 0% used [0x0000000797b00000,0x0000000797b00000,0x0000000798000000)
  to   space 5120K, 0% used [0x0000000797600000,0x0000000797600000,0x0000000797b00000)
 ParOldGen       total 70656K, used 10056K [0x0000000740000000, 0x0000000744500000, 0x0000000795580000)
  object space 70656K, 14% used [0x0000000740000000,0x00000007409d21a0,0x0000000744500000)
 Metaspace       used 19911K, capacity 21138K, committed 21248K, reserved 1067008K
  class space    used 2960K, capacity 3232K, committed 3328K, reserved 1048576K
}
Event: 5.665 GC heap before
{Heap before GC invocations=4 (full 1):
 PSYoungGen      total 38400K, used 33280K [0x0000000795580000, 0x000000079a080000, 0x00000007c0000000)
  eden space 33280K, 100% used [0x0000000795580000,0x0000000797600000,0x0000000797600000)
  from space 5120K, 0% used [0x0000000797b00000,0x0000000797b00000,0x0000000798000000)
  to   space 5120K, 0% used [0x0000000797600000,0x0000000797600000,0x0000000797b00000)
 ParOldGen       total 70656K, used 10056K [0x0000000740000000, 0x0000000744500000, 0x0000000795580000)
  object space 70656K, 14% used [0x0000000740000000,0x00000007409d21a0,0x0000000744500000)
 Metaspace       used 22777K, capacity 24096K, committed 24320K, reserved 1071104K
  class space    used 3276K, capacity 3530K, committed 3584K, reserved 1048576K
Event: 5.680 GC heap after
Heap after GC invocations=4 (full 1):
 PSYoungGen      total 38400K, used 5091K [0x0000000795580000, 0x0000000798e00000, 0x00000007c0000000)
  eden space 33280K, 0% used [0x0000000795580000,0x0000000795580000,0x0000000797600000)
  from space 5120K, 99% used [0x0000000797600000,0x0000000797af8fa0,0x0000000797b00000)
  to   space 5120K, 0% used [0x0000000798900000,0x0000000798900000,0x0000000798e00000)
 ParOldGen       total 70656K, used 10064K [0x0000000740000000, 0x0000000744500000, 0x0000000795580000)
  object space 70656K, 14% used [0x0000000740000000,0x00000007409d41a0,0x0000000744500000)
 Metaspace       used 22777K, capacity 24096K, committed 24320K, reserved 1071104K
  class space    used 3276K, capacity 3530K, committed 3584K, reserved 1048576K
}
Event: 9.055 GC heap before
{Heap before GC invocations=5 (full 1):
 PSYoungGen      total 38400K, used 38371K [0x0000000795580000, 0x0000000798e00000, 0x00000007c0000000)
  eden space 33280K, 100% used [0x0000000795580000,0x0000000797600000,0x0000000797600000)
  from space 5120K, 99% used [0x0000000797600000,0x0000000797af8fa0,0x0000000797b00000)
  to   space 5120K, 0% used [0x0000000798900000,0x0000000798900000,0x0000000798e00000)
 ParOldGen       total 70656K, used 10235K [0x0000000740000000, 0x0000000744500000, 0x0000000795580000)
  object space 70656K, 14% used [0x0000000740000000,0x00000007409fefb0,0x0000000744500000)
 Metaspace       used 23571K, capacity 24976K, committed 25088K, reserved 1071104K
  class space    used 3308K, capacity 3578K, committed 3584K, reserved 1048576K
Event: 9.087 GC heap after
Heap after GC invocations=5 (full 1):
 PSYoungGen      total 52736K, used 5119K [0x0000000795580000, 0x0000000798e00000, 0x00000007c0000000)
  eden space 47616K, 0% used [0x0000000795580000,0x0000000795580000,0x0000000798400000)
  from space 5120K, 99% used [0x0000000798900000,0x0000000798dfff00,0x0000000798e00000)
  to   space 5120K, 0% used [0x0000000798400000,0x0000000798400000,0x0000000798900000)
 ParOldGen       total 70656K, used 15175K [0x0000000740000000, 0x0000000744500000, 0x0000000795580000)
  object space 70656K, 21% used [0x0000000740000000,0x0000000740ed1e30,0x0000000744500000)
 Metaspace       used 23571K, capacity 24976K, committed 25088K, reserved 1071104K
  class space    used 3308K, capacity 3578K, committed 3584K, reserved 1048576K
}
Event: 11.840 GC heap before
{Heap before GC invocations=6 (full 1):
 PSYoungGen      total 52736K, used 52735K [0x0000000795580000, 0x0000000798e00000, 0x00000007c0000000)
  eden space 47616K, 100% used [0x0000000795580000,0x0000000798400000,0x0000000798400000)
  from space 5120K, 99% used [0x0000000798900000,0x0000000798dfff00,0x0000000798e00000)
  to   space 5120K, 0% used [0x0000000798400000,0x0000000798400000,0x0000000798900000)
 ParOldGen       total 70656K, used 15178K [0x0000000740000000, 0x0000000744500000, 0x0000000795580000)
  object space 70656K, 21% used [0x0000000740000000,0x0000000740ed2b40,0x0000000744500000)
 Metaspace       used 23889K, capacity 25296K, committed 25344K, reserved 1071104K
  class space    used 3309K, capacity 3578K, committed 3584K, reserved 1048576K
Event: 11.853 GC heap after
Heap after GC invocations=6 (full 1):
 PSYoungGen      total 52736K, used 5104K [0x0000000795580000, 0x000000079ba00000, 0x00000007c0000000)
  eden space 47616K, 0% used [0x0000000795580000,0x0000000795580000,0x0000000798400000)
  from space 5120K, 99% used [0x0000000798400000,0x00000007988fc148,0x0000000798900000)
  to   space 18432K, 0% used [0x000000079a800000,0x000000079a800000,0x000000079ba00000)
 ParOldGen       total 70656K, used 25144K [0x0000000740000000, 0x0000000744500000, 0x0000000795580000)
  object space 70656K, 35% used [0x0000000740000000,0x000000074188e238,0x0000000744500000)
 Metaspace       used 23889K, capacity 25296K, committed 25344K, reserved 1071104K
  class space    used 3309K, capacity 3578K, committed 3584K, reserved 1048576K
}

Deoptimization events (10 events):
Event: 17.020 Thread 0x00007fc7a3827000 Uncommon trap: reason=bimorphic action=maybe_recompile pc=0x00000001080fec68 method=com.sun.javafx.sg.prism.NGGroup.markCullRegions(Lcom/sun/javafx/geom/DirtyRegionContainer;ILcom/sun/javafx/geom/transform/BaseTransform;Lcom/sun/javafx/geom/transform/Gene
Event: 17.020 Thread 0x00007fc7a3827000 Uncommon trap: reason=unstable_if action=reinterpret pc=0x0000000108016144 method=com.sun.javafx.geom.BoxBounds.deriveWithNewBounds(FFFFFF)Lcom/sun/javafx/geom/BaseBounds; @ 4
Event: 17.020 Thread 0x00007fc7a3827000 Uncommon trap: reason=unstable_if action=reinterpret pc=0x0000000107f59e78 method=com.sun.javafx.geom.BoxBounds.isEmpty()Z @ 9
Event: 17.021 Thread 0x00007fc7a3827000 Uncommon trap: reason=unstable_if action=reinterpret pc=0x0000000107fbf358 method=com.sun.javafx.geom.RectBounds.intersects(Lcom/sun/javafx/geom/BaseBounds;)Z @ 8
Event: 17.021 Thread 0x00007fc7a3827000 Uncommon trap: reason=bimorphic action=maybe_recompile pc=0x00000001080fec20 method=com.sun.javafx.sg.prism.NGGroup.markCullRegions(Lcom/sun/javafx/geom/DirtyRegionContainer;ILcom/sun/javafx/geom/transform/BaseTransform;Lcom/sun/javafx/geom/transform/Gene
Event: 17.522 Thread 0x00007fc7a3827000 Uncommon trap: reason=bimorphic action=maybe_recompile pc=0x00000001080fec68 method=com.sun.javafx.sg.prism.NGGroup.markCullRegions(Lcom/sun/javafx/geom/DirtyRegionContainer;ILcom/sun/javafx/geom/transform/BaseTransform;Lcom/sun/javafx/geom/transform/Gene
Event: 17.522 Thread 0x00007fc7a3827000 Uncommon trap: reason=bimorphic action=maybe_recompile pc=0x00000001080fec20 method=com.sun.javafx.sg.prism.NGGroup.markCullRegions(Lcom/sun/javafx/geom/DirtyRegionContainer;ILcom/sun/javafx/geom/transform/BaseTransform;Lcom/sun/javafx/geom/transform/Gene
Event: 17.828 Thread 0x00007fc7a28a0000 Uncommon trap: reason=unstable_if action=reinterpret pc=0x0000000107a932c4 method=java.lang.Integer.equals(Ljava/lang/Object;)Z @ 18
Event: 17.829 Thread 0x00007fc7a28a0000 Uncommon trap: reason=unstable_if action=reinterpret pc=0x0000000107dbd378 method=javafx.scene.Node.updateBounds()V @ 27
Event: 22.005 Thread 0x00007fc7a3827000 Uncommon trap: reason=class_check action=maybe_recompile pc=0x000000010814b9e8 method=com.sun.javafx.sg.prism.NGNode.markCullRegions(Lcom/sun/javafx/geom/DirtyRegionContainer;ILcom/sun/javafx/geom/transform/BaseTransform;Lcom/sun/javafx/geom/transform/Gen

Internal exceptions (10 events):
Event: 0.264 Thread 0x00007fc7a4007000 Exception <a 'java/lang/NullPointerException'> (0x00000007958e80d8) thrown at [/Users/java_re/workspace/8-2-build-macosx-x86_64/jdk8u60/4407/hotspot/src/share/vm/interpreter/linkResolver.cpp, line 1178]
Event: 0.668 Thread 0x00007fc7a28a0000 Exception <a 'java/lang/NullPointerException'> (0x000000079620e4e8) thrown at [/Users/java_re/workspace/8-2-build-macosx-x86_64/jdk8u60/4407/hotspot/src/share/vm/interpreter/linkResolver.cpp, line 1178]
Event: 0.668 Thread 0x00007fc7a28a0000 Exception <a 'java/lang/NullPointerException'> (0x000000079620e4e8) thrown at [/Users/java_re/workspace/8-2-build-macosx-x86_64/jdk8u60/4407/hotspot/src/share/vm/prims/jvm.cpp, line 1390]
Event: 0.912 Thread 0x00007fc7a28a0000 Exception <a 'sun/nio/fs/UnixException'> (0x0000000796808108) thrown at [/Users/java_re/workspace/8-2-build-macosx-x86_64/jdk8u60/4407/hotspot/src/share/vm/prims/jni.cpp, line 709]
Event: 0.913 Thread 0x00007fc7a28a0000 Exception <a 'sun/nio/fs/UnixException'> (0x0000000796809f68) thrown at [/Users/java_re/workspace/8-2-build-macosx-x86_64/jdk8u60/4407/hotspot/src/share/vm/prims/jni.cpp, line 709]
Event: 0.921 Thread 0x00007fc7a28a0000 Implicit null exception at 0x0000000107736ff3 to 0x0000000107737375
Event: 3.935 Thread 0x00007fc7a3335800 Exception <a 'java/lang/ClassNotFoundException': sun/net/www/protocol/data/Handler> (0x0000000795f1b228) thrown at [/Users/java_re/workspace/8-2-build-macosx-x86_64/jdk8u60/4407/hotspot/src/share/vm/classfile/systemDictionary.cpp, line 210]
Event: 3.937 Thread 0x00007fc7a3335800 Exception <a 'java/lang/ClassNotFoundException': sun/net/www/protocol/data/Handler> (0x0000000795f23fc0) thrown at [/Users/java_re/workspace/8-2-build-macosx-x86_64/jdk8u60/4407/hotspot/src/share/vm/classfile/systemDictionary.cpp, line 210]
Event: 9.098 Thread 0x00007fc7a3827000 Implicit null exception at 0x0000000107e04815 to 0x0000000107e04855
Event: 9.099 Thread 0x00007fc7a3827000 Implicit null exception at 0x0000000107e031ec to 0x0000000107e03235

Events (10 events):
Event: 22.427 loading class javafx/event/Event done
Event: 22.427 loading class javafx/scene/control/Button
Event: 22.427 loading class javafx/scene/control/Button done
Event: 22.427 loading class javafx/concurrent/WorkerStateEvent
Event: 22.427 loading class javafx/concurrent/WorkerStateEvent done
Event: 22.427 loading class javafx/scene/control/Button
Event: 22.427 loading class javafx/scene/control/Button done
Event: 22.428 Thread 0x00007fc7a78c1800 Thread added: 0x00007fc7a78c1800
Event: 22.431 loading class gmapsfx/javascript/object/LatLongBounds
Event: 22.431 loading class gmapsfx/javascript/object/LatLongBounds done


Dynamic libraries:
0x0000000008911000 	/System/Library/Frameworks/Cocoa.framework/Versions/A/Cocoa
0x0000000008911000 	/System/Library/Frameworks/Security.framework/Versions/A/Security
0x0000000008911000 	/System/Library/Frameworks/ApplicationServices.framework/Versions/A/ApplicationServices
0x0000000008911000 	/usr/lib/libz.1.dylib
0x0000000008911000 	/usr/lib/libSystem.B.dylib
0x0000000008911000 	/usr/lib/libobjc.A.dylib
0x0000000008911000 	/System/Library/Frameworks/CoreFoundation.framework/Versions/A/CoreFoundation
0x0000000008911000 	/System/Library/Frameworks/Foundation.framework/Versions/C/Foundation
0x0000000008911000 	/System/Library/Frameworks/AppKit.framework/Versions/C/AppKit
0x0000000008911000 	/System/Library/Frameworks/CoreData.framework/Versions/A/CoreData
0x0000000008911000 	/System/Library/PrivateFrameworks/RemoteViewServices.framework/Versions/A/RemoteViewServices
0x0000000008911000 	/System/Library/PrivateFrameworks/UIFoundation.framework/Versions/A/UIFoundation
0x0000000008911000 	/System/Library/Frameworks/IOSurface.framework/Versions/A/IOSurface
0x0000000008911000 	/System/Library/Frameworks/AudioToolbox.framework/Versions/A/AudioToolbox
0x0000000008911000 	/System/Library/Frameworks/AudioUnit.framework/Versions/A/AudioUnit
0x0000000008911000 	/System/Library/PrivateFrameworks/DataDetectorsCore.framework/Versions/A/DataDetectorsCore
0x0000000008911000 	/System/Library/PrivateFrameworks/DesktopServicesPriv.framework/Versions/A/DesktopServicesPriv
0x0000000008911000 	/System/Library/Frameworks/Carbon.framework/Versions/A/Frameworks/HIToolbox.framework/Versions/A/HIToolbox
0x0000000008911000 	/System/Library/Frameworks/QuartzCore.framework/Versions/A/QuartzCore
0x0000000008911000 	/System/Library/Frameworks/Carbon.framework/Versions/A/Frameworks/SpeechRecognition.framework/Versions/A/SpeechRecognition
0x0000000008911000 	/usr/lib/libauto.dylib
0x0000000008911000 	/usr/lib/libicucore.A.dylib
0x0000000008911000 	/usr/lib/libxml2.2.dylib
0x0000000008911000 	/System/Library/PrivateFrameworks/CoreUI.framework/Versions/A/CoreUI
0x0000000008911000 	/System/Library/Frameworks/CoreAudio.framework/Versions/A/CoreAudio
0x0000000008911000 	/System/Library/Frameworks/DiskArbitration.framework/Versions/A/DiskArbitration
0x0000000008911000 	/usr/lib/liblangid.dylib
0x0000000008911000 	/System/Library/PrivateFrameworks/MultitouchSupport.framework/Versions/A/MultitouchSupport
0x0000000008911000 	/System/Library/Frameworks/IOKit.framework/Versions/A/IOKit
0x0000000008911000 	/usr/lib/libDiagnosticMessagesClient.dylib
0x0000000008911000 	/System/Library/Frameworks/CoreServices.framework/Versions/A/CoreServices
0x0000000008911000 	/System/Library/PrivateFrameworks/PerformanceAnalysis.framework/Versions/A/PerformanceAnalysis
0x0000000008911000 	/System/Library/PrivateFrameworks/GenerationalStorage.framework/Versions/A/GenerationalStorage
0x0000000008911000 	/System/Library/Frameworks/OpenGL.framework/Versions/A/OpenGL
0x0000000008911000 	/System/Library/PrivateFrameworks/Sharing.framework/Versions/A/Sharing
0x0000000008911000 	/System/Library/Frameworks/CoreGraphics.framework/Versions/A/CoreGraphics
0x0000000008911000 	/System/Library/Frameworks/CoreText.framework/Versions/A/CoreText
0x0000000008911000 	/System/Library/Frameworks/ImageIO.framework/Versions/A/ImageIO
0x0000000008911000 	/usr/lib/libextension.dylib
0x0000000008911000 	/System/Library/PrivateFrameworks/Backup.framework/Versions/A/Backup
0x0000000008911000 	/usr/lib/libarchive.2.dylib
0x0000000008911000 	/System/Library/Frameworks/CFNetwork.framework/Versions/A/CFNetwork
0x0000000008911000 	/System/Library/Frameworks/SystemConfiguration.framework/Versions/A/SystemConfiguration
0x0000000008911000 	/usr/lib/libCRFSuite.dylib
0x0000000008911000 	/usr/lib/libc++.1.dylib
0x0000000008911000 	/usr/lib/libc++abi.dylib
0x0000000008911000 	/usr/lib/system/libcache.dylib
0x0000000008911000 	/usr/lib/system/libcommonCrypto.dylib
0x0000000008911000 	/usr/lib/system/libcompiler_rt.dylib
0x0000000008911000 	/usr/lib/system/libcopyfile.dylib
0x0000000008911000 	/usr/lib/system/libcorecrypto.dylib
0x0000000008911000 	/usr/lib/system/libdispatch.dylib
0x0000000008911000 	/usr/lib/system/libdyld.dylib
0x0000000008911000 	/usr/lib/system/libkeymgr.dylib
0x0000000008911000 	/usr/lib/system/liblaunch.dylib
0x0000000008911000 	/usr/lib/system/libmacho.dylib
0x0000000008911000 	/usr/lib/system/libquarantine.dylib
0x0000000008911000 	/usr/lib/system/libremovefile.dylib
0x0000000008911000 	/usr/lib/system/libsystem_asl.dylib
0x0000000008911000 	/usr/lib/system/libsystem_blocks.dylib
0x0000000008911000 	/usr/lib/system/libsystem_c.dylib
0x0000000008911000 	/usr/lib/system/libsystem_configuration.dylib
0x0000000008911000 	/usr/lib/system/libsystem_coreservices.dylib
0x0000000008911000 	/usr/lib/system/libsystem_coretls.dylib
0x0000000008911000 	/usr/lib/system/libsystem_dnssd.dylib
0x0000000008911000 	/usr/lib/system/libsystem_info.dylib
0x0000000008911000 	/usr/lib/system/libsystem_kernel.dylib
0x0000000008911000 	/usr/lib/system/libsystem_m.dylib
0x0000000008911000 	/usr/lib/system/libsystem_malloc.dylib
0x0000000008911000 	/usr/lib/system/libsystem_network.dylib
0x0000000008911000 	/usr/lib/system/libsystem_networkextension.dylib
0x0000000008911000 	/usr/lib/system/libsystem_notify.dylib
0x0000000008911000 	/usr/lib/system/libsystem_platform.dylib
0x0000000008911000 	/usr/lib/system/libsystem_pthread.dylib
0x0000000008911000 	/usr/lib/system/libsystem_sandbox.dylib
0x0000000008911000 	/usr/lib/system/libsystem_secinit.dylib
0x0000000008911000 	/usr/lib/system/libsystem_stats.dylib
0x0000000008911000 	/usr/lib/system/libsystem_trace.dylib
0x0000000008911000 	/usr/lib/system/libunc.dylib
0x0000000008911000 	/usr/lib/system/libunwind.dylib
0x0000000008911000 	/usr/lib/system/libxpc.dylib
0x0000000008911000 	/usr/lib/libbz2.1.0.dylib
0x0000000008911000 	/usr/lib/liblzma.5.dylib
0x0000000008911000 	/usr/lib/libbsm.0.dylib
0x0000000008911000 	/usr/lib/libsqlite3.dylib
0x0000000008911000 	/usr/lib/system/libkxld.dylib
0x0000000008911000 	/usr/lib/libxar.1.dylib
0x0000000008911000 	/usr/lib/libpam.2.dylib
0x0000000008911000 	/usr/lib/libOpenScriptingUtil.dylib
0x0000000008911000 	/System/Library/Frameworks/CoreServices.framework/Versions/A/Frameworks/FSEvents.framework/Versions/A/FSEvents
0x0000000008911000 	/System/Library/Frameworks/CoreServices.framework/Versions/A/Frameworks/CarbonCore.framework/Versions/A/CarbonCore
0x0000000008911000 	/System/Library/Frameworks/CoreServices.framework/Versions/A/Frameworks/Metadata.framework/Versions/A/Metadata
0x0000000008911000 	/System/Library/Frameworks/CoreServices.framework/Versions/A/Frameworks/OSServices.framework/Versions/A/OSServices
0x0000000008911000 	/System/Library/Frameworks/CoreServices.framework/Versions/A/Frameworks/SearchKit.framework/Versions/A/SearchKit
0x0000000008911000 	/System/Library/Frameworks/CoreServices.framework/Versions/A/Frameworks/AE.framework/Versions/A/AE
0x0000000008911000 	/System/Library/Frameworks/CoreServices.framework/Versions/A/Frameworks/LaunchServices.framework/Versions/A/LaunchServices
0x0000000008911000 	/System/Library/Frameworks/CoreServices.framework/Versions/A/Frameworks/DictionaryServices.framework/Versions/A/DictionaryServices
0x0000000008911000 	/System/Library/Frameworks/NetFS.framework/Versions/A/NetFS
0x0000000008911000 	/System/Library/PrivateFrameworks/NetAuth.framework/Versions/A/NetAuth
0x0000000008911000 	/System/Library/PrivateFrameworks/login.framework/Versions/A/Frameworks/loginsupport.framework/Versions/A/loginsupport
0x0000000008911000 	/System/Library/PrivateFrameworks/TCC.framework/Versions/A/TCC
0x0000000008911000 	/usr/lib/libmecabra.dylib
0x0000000008911000 	/System/Library/Frameworks/ApplicationServices.framework/Versions/A/Frameworks/ATS.framework/Versions/A/ATS
0x0000000008911000 	/System/Library/Frameworks/ApplicationServices.framework/Versions/A/Frameworks/ColorSync.framework/Versions/A/ColorSync
0x0000000008911000 	/System/Library/Frameworks/ApplicationServices.framework/Versions/A/Frameworks/HIServices.framework/Versions/A/HIServices
0x0000000008911000 	/System/Library/Frameworks/ApplicationServices.framework/Versions/A/Frameworks/LangAnalysis.framework/Versions/A/LangAnalysis
0x0000000008911000 	/System/Library/Frameworks/ApplicationServices.framework/Versions/A/Frameworks/PrintCore.framework/Versions/A/PrintCore
0x0000000008911000 	/System/Library/Frameworks/ApplicationServices.framework/Versions/A/Frameworks/QD.framework/Versions/A/QD
0x0000000008911000 	/System/Library/Frameworks/ApplicationServices.framework/Versions/A/Frameworks/SpeechSynthesis.framework/Versions/A/SpeechSynthesis
0x0000000008911000 	/System/Library/Frameworks/Accelerate.framework/Versions/A/Accelerate
0x0000000008911000 	/System/Library/Frameworks/Accelerate.framework/Versions/A/Frameworks/vImage.framework/Versions/A/vImage
0x0000000008911000 	/System/Library/Frameworks/Accelerate.framework/Versions/A/Frameworks/vecLib.framework/Versions/A/vecLib
0x0000000008911000 	/System/Library/Frameworks/Accelerate.framework/Versions/A/Frameworks/vecLib.framework/Versions/A/libvDSP.dylib
0x0000000008911000 	/System/Library/Frameworks/Accelerate.framework/Versions/A/Frameworks/vecLib.framework/Versions/A/libvMisc.dylib
0x0000000008911000 	/System/Library/Frameworks/Accelerate.framework/Versions/A/Frameworks/vecLib.framework/Versions/A/libLAPACK.dylib
0x0000000008911000 	/System/Library/Frameworks/Accelerate.framework/Versions/A/Frameworks/vecLib.framework/Versions/A/libBLAS.dylib
0x0000000008911000 	/System/Library/Frameworks/Accelerate.framework/Versions/A/Frameworks/vecLib.framework/Versions/A/libLinearAlgebra.dylib
0x0000000008911000 	/System/Library/Frameworks/ApplicationServices.framework/Versions/A/Frameworks/ATS.framework/Versions/A/Resources/libFontParser.dylib
0x0000000008911000 	/System/Library/Frameworks/ApplicationServices.framework/Versions/A/Frameworks/ATS.framework/Versions/A/Resources/libFontRegistry.dylib
0x0000000008911000 	/System/Library/PrivateFrameworks/AppleVPA.framework/Versions/A/AppleVPA
0x0000000008911000 	/System/Library/PrivateFrameworks/AppleJPEG.framework/Versions/A/AppleJPEG
0x0000000008911000 	/System/Library/Frameworks/ImageIO.framework/Versions/A/Resources/libJPEG.dylib
0x0000000008911000 	/System/Library/Frameworks/ImageIO.framework/Versions/A/Resources/libTIFF.dylib
0x0000000008911000 	/System/Library/Frameworks/ImageIO.framework/Versions/A/Resources/libPng.dylib
0x0000000008911000 	/System/Library/Frameworks/ImageIO.framework/Versions/A/Resources/libGIF.dylib
0x0000000008911000 	/System/Library/Frameworks/ImageIO.framework/Versions/A/Resources/libJP2.dylib
0x0000000008911000 	/System/Library/Frameworks/ImageIO.framework/Versions/A/Resources/libRadiance.dylib
0x0000000008911000 	/System/Library/Frameworks/CoreVideo.framework/Versions/A/CoreVideo
0x0000000008911000 	/System/Library/Frameworks/OpenGL.framework/Versions/A/Libraries/libGLU.dylib
0x0000000008911000 	/System/Library/Frameworks/OpenGL.framework/Versions/A/Libraries/libGFXShared.dylib
0x0000000008911000 	/System/Library/Frameworks/OpenGL.framework/Versions/A/Libraries/libGL.dylib
0x0000000008911000 	/System/Library/Frameworks/OpenGL.framework/Versions/A/Libraries/libGLImage.dylib
0x0000000008911000 	/System/Library/Frameworks/OpenGL.framework/Versions/A/Libraries/libCVMSPluginSupport.dylib
0x0000000008911000 	/System/Library/Frameworks/OpenGL.framework/Versions/A/Libraries/libCoreVMClient.dylib
0x0000000008911000 	/usr/lib/libcups.2.dylib
0x0000000008911000 	/System/Library/Frameworks/Kerberos.framework/Versions/A/Kerberos
0x0000000008911000 	/System/Library/Frameworks/GSS.framework/Versions/A/GSS
0x0000000008911000 	/usr/lib/libresolv.9.dylib
0x0000000008911000 	/usr/lib/libiconv.2.dylib
0x0000000008911000 	/System/Library/PrivateFrameworks/Heimdal.framework/Versions/A/Heimdal
0x0000000008911000 	/usr/lib/libheimdal-asn1.dylib
0x0000000008911000 	/System/Library/Frameworks/OpenDirectory.framework/Versions/A/OpenDirectory
0x0000000008911000 	/System/Library/PrivateFrameworks/CommonAuth.framework/Versions/A/CommonAuth
0x0000000008911000 	/System/Library/Frameworks/OpenDirectory.framework/Versions/A/Frameworks/CFOpenDirectory.framework/Versions/A/CFOpenDirectory
0x0000000008911000 	/System/Library/Frameworks/SecurityFoundation.framework/Versions/A/SecurityFoundation
0x0000000008911000 	/System/Library/PrivateFrameworks/LanguageModeling.framework/Versions/A/LanguageModeling
0x0000000008911000 	/usr/lib/libcmph.dylib
0x0000000008911000 	/System/Library/Frameworks/ServiceManagement.framework/Versions/A/ServiceManagement
0x0000000008911000 	/usr/lib/libxslt.1.dylib
0x0000000008911000 	/System/Library/Frameworks/Carbon.framework/Versions/A/Frameworks/Ink.framework/Versions/A/Ink
0x0000000008911000 	/System/Library/Frameworks/QuartzCore.framework/Versions/A/Frameworks/CoreImage.framework/Versions/A/CoreImage
0x0000000008911000 	/System/Library/PrivateFrameworks/CrashReporterSupport.framework/Versions/A/CrashReporterSupport
0x0000000008911000 	/System/Library/Frameworks/OpenCL.framework/Versions/A/OpenCL
0x0000000008911000 	/System/Library/PrivateFrameworks/FaceCore.framework/Versions/A/FaceCore
0x0000000008911000 	/System/Library/PrivateFrameworks/Ubiquity.framework/Versions/A/Ubiquity
0x0000000008911000 	/System/Library/PrivateFrameworks/IconServices.framework/Versions/A/IconServices
0x0000000008911000 	/System/Library/PrivateFrameworks/ChunkingLibrary.framework/Versions/A/ChunkingLibrary
0x0000000008911000 	/System/Library/PrivateFrameworks/Apple80211.framework/Versions/A/Apple80211
0x0000000008911000 	/System/Library/Frameworks/CoreWLAN.framework/Versions/A/CoreWLAN
0x0000000008911000 	/System/Library/Frameworks/IOBluetooth.framework/Versions/A/IOBluetooth
0x0000000008911000 	/System/Library/PrivateFrameworks/CoreWiFi.framework/Versions/A/CoreWiFi
0x0000000008911000 	/System/Library/Frameworks/CoreBluetooth.framework/Versions/A/CoreBluetooth
0x0000000008911000 	/System/Library/PrivateFrameworks/DebugSymbols.framework/Versions/A/DebugSymbols
0x0000000008911000 	/System/Library/PrivateFrameworks/CoreSymbolication.framework/Versions/A/CoreSymbolication
0x0000000008911000 	/System/Library/PrivateFrameworks/Symbolication.framework/Versions/A/Symbolication
0x0000000008911000 	/System/Library/PrivateFrameworks/SpeechRecognitionCore.framework/Versions/A/SpeechRecognitionCore
0x0000000105c2b000 	/Library/Java/JavaVirtualMachines/jdk1.8.0_60.jdk/Contents/Home/jre/lib/server/libjvm.dylib
0x0000000008911000 	/usr/lib/libstdc++.6.dylib
0x0000000106bcb000 	/Library/Java/JavaVirtualMachines/jdk1.8.0_60.jdk/Contents/Home/jre/lib/libverify.dylib
0x0000000107503000 	/Library/Java/JavaVirtualMachines/jdk1.8.0_60.jdk/Contents/Home/jre/lib/libjava.dylib
0x0000000106be3000 	/Library/Java/JavaVirtualMachines/jdk1.8.0_60.jdk/Contents/Home/jre/lib/libzip.dylib
0x000000011d5af000 	/System/Library/Frameworks/JavaVM.framework/Frameworks/JavaRuntimeSupport.framework/JavaRuntimeSupport
0x000000011d5c5000 	/System/Library/Frameworks/JavaVM.framework/Versions/A/Frameworks/JavaNativeFoundation.framework/Versions/A/JavaNativeFoundation
0x0000000106bed000 	/System/Library/Frameworks/JavaVM.framework/Versions/A/JavaVM
0x0000000008911000 	/System/Library/Frameworks/Carbon.framework/Versions/A/Carbon
0x000000011d5d9000 	/System/Library/PrivateFrameworks/JavaLaunching.framework/Versions/A/JavaLaunching
0x0000000008911000 	/System/Library/Frameworks/Carbon.framework/Versions/A/Frameworks/CommonPanels.framework/Versions/A/CommonPanels
0x0000000008911000 	/System/Library/Frameworks/Carbon.framework/Versions/A/Frameworks/Help.framework/Versions/A/Help
0x0000000008911000 	/System/Library/Frameworks/Carbon.framework/Versions/A/Frameworks/ImageCapture.framework/Versions/A/ImageCapture
0x0000000008911000 	/System/Library/Frameworks/Carbon.framework/Versions/A/Frameworks/OpenScripting.framework/Versions/A/OpenScripting
0x0000000008911000 	/System/Library/Frameworks/Carbon.framework/Versions/A/Frameworks/Print.framework/Versions/A/Print
0x0000000008911000 	/System/Library/Frameworks/Carbon.framework/Versions/A/Frameworks/SecurityHI.framework/Versions/A/SecurityHI
0x000000011f672000 	/Library/Java/JavaVirtualMachines/jdk1.8.0_60.jdk/Contents/Home/jre/lib/libprism_es2.dylib
0x0000000008911000 	/System/Library/Frameworks/OpenGL.framework/Versions/A/Resources/GLEngine.bundle/GLEngine
0x0000000008911000 	/System/Library/Frameworks/OpenGL.framework/Versions/A/Libraries/libGLProgrammability.dylib
0x000000011f6e8000 	/System/Library/Extensions/AppleIntelHD4000GraphicsGLDriver.bundle/Contents/MacOS/AppleIntelHD4000GraphicsGLDriver
0x0000000008911000 	/System/Library/PrivateFrameworks/IOAccelerator.framework/Versions/A/IOAccelerator
0x0000000008911000 	/System/Library/PrivateFrameworks/GPUSupport.framework/Versions/A/Libraries/libGPUSupportMercury.dylib
0x0000000008911000 	/System/Library/Frameworks/OpenGL.framework/Versions/A/Resources/GLRendererFloat.bundle/GLRendererFloat
0x0000000008911000 	/System/Library/Frameworks/OpenCL.framework/Versions/A/Libraries/libcldcpuengine.dylib
0x0000000008911000 	/System/Library/PrivateFrameworks/DiskImages.framework/Versions/A/DiskImages
0x0000000008911000 	/System/Library/Frameworks/DiscRecording.framework/Versions/A/DiscRecording
0x0000000008911000 	/usr/lib/libcsfde.dylib
0x0000000008911000 	/usr/lib/libcurl.4.dylib
0x0000000008911000 	/System/Library/PrivateFrameworks/MediaKit.framework/Versions/A/MediaKit
0x0000000008911000 	/System/Library/PrivateFrameworks/ProtectedCloudStorage.framework/Versions/A/ProtectedCloudStorage
0x0000000008911000 	/usr/lib/libCoreStorage.dylib
0x0000000008911000 	/System/Library/PrivateFrameworks/EFILogin.framework/Versions/A/EFILogin
0x0000000008911000 	/usr/lib/libutil.dylib
0x0000000008911000 	/System/Library/PrivateFrameworks/FindMyDevice.framework/Versions/A/FindMyDevice
0x0000000008911000 	/System/Library/Frameworks/LDAP.framework/Versions/A/LDAP
0x0000000008911000 	/usr/lib/libsasl2.2.dylib
0x0000000008911000 	/System/Library/PrivateFrameworks/CoreDaemon.framework/Versions/B/CoreDaemon
0x0000000008911000 	/usr/lib/libcrypto.0.9.8.dylib
0x0000000008911000 	/System/Library/PrivateFrameworks/AppleSRP.framework/Versions/A/AppleSRP
0x0000000008911000 	/System/Library/PrivateFrameworks/TrustEvaluationAgent.framework/Versions/A/TrustEvaluationAgent
0x0000000120176000 	/Library/Java/JavaVirtualMachines/jdk1.8.0_60.jdk/Contents/Home/jre/lib/libglass.dylib
0x0000000008911000 	/System/Library/PrivateFrameworks/CoreServicesInternal.framework/Versions/A/CoreServicesInternal
0x0000000008911000 	/System/Library/PrivateFrameworks/CloudDocs.framework/Versions/A/CloudDocs
0x0000000008911000 	/System/Library/PrivateFrameworks/CoreDuet.framework/Versions/A/CoreDuet
0x0000000008911000 	/System/Library/Frameworks/CloudKit.framework/Versions/A/CloudKit
0x0000000008911000 	/System/Library/PrivateFrameworks/ProtocolBuffer.framework/Versions/A/ProtocolBuffer
0x0000000008911000 	/System/Library/PrivateFrameworks/CoreDuetDaemonProtocol.framework/Versions/A/CoreDuetDaemonProtocol
0x0000000008911000 	/System/Library/PrivateFrameworks/CoreDuetDebugLogging.framework/Versions/A/CoreDuetDebugLogging
0x0000000008911000 	/System/Library/PrivateFrameworks/MMCS.framework/Versions/A/MMCS
0x0000000008911000 	/System/Library/Frameworks/CoreLocation.framework/Versions/A/CoreLocation
0x0000000008911000 	/System/Library/PrivateFrameworks/GeoServices.framework/Versions/A/GeoServices
0x0000000008911000 	/System/Library/Frameworks/CoreGraphics.framework/Versions/A/Resources/libCGCMS.A.dylib
0x0000000008911000 	/System/Library/CoreServices/RawCamera.bundle/Contents/MacOS/RawCamera
0x0000000008911000 	/System/Library/Frameworks/CoreGraphics.framework/Versions/A/Resources/libRIP.A.dylib
0x0000000008911000 	/System/Library/PrivateFrameworks/FamilyControls.framework/Versions/A/FamilyControls
0x0000000008911000 	/System/Library/PrivateFrameworks/CommerceKit.framework/Versions/A/Frameworks/CommerceCore.framework/Versions/A/CommerceCore
0x0000000008911000 	/System/Library/PrivateFrameworks/SystemAdministration.framework/Versions/A/SystemAdministration
0x0000000008911000 	/System/Library/PrivateFrameworks/AppContainer.framework/Versions/A/AppContainer
0x0000000008911000 	/System/Library/PrivateFrameworks/SecCodeWrapper.framework/Versions/A/SecCodeWrapper
0x0000000008911000 	/System/Library/Frameworks/DirectoryService.framework/Versions/A/DirectoryService
0x0000000008911000 	/System/Library/PrivateFrameworks/LoginUIKit.framework/Versions/A/Frameworks/LoginUICore.framework/Versions/A/LoginUICore
0x0000000008911000 	/usr/lib/libodfde.dylib
0x00000001248cd000 	/Library/Java/JavaVirtualMachines/jdk1.8.0_60.jdk/Contents/Home/jre/lib/libjfxwebkit.dylib
0x0000000127113000 	/Library/Java/JavaVirtualMachines/jdk1.8.0_60.jdk/Contents/Home/jre/lib/libnio.dylib
0x0000000127123000 	/Library/Java/JavaVirtualMachines/jdk1.8.0_60.jdk/Contents/Home/jre/lib/./libnet.dylib
0x00000001274ae000 	/Library/Java/JavaVirtualMachines/jdk1.8.0_60.jdk/Contents/Home/jre/lib/libjavafx_font.dylib
0x0000000008911000 	/System/Library/Frameworks/CoreGraphics.framework/Versions/A/Resources/libCGXType.A.dylib
0x0000000127ac4000 	cl_kernels
0x000000012b512000 	/System/Library/Frameworks/OpenCL.framework/Versions/A/Libraries/ImageFormats/unorm8_bgra.dylib
0x0000000127a5c000 	cl_kernels
0x0000000127b08000 	/Library/Java/JavaVirtualMachines/jdk1.8.0_60.jdk/Contents/Home/jre/lib/libprism_common.dylib
0x000000012d8e3000 	/Library/Java/JavaVirtualMachines/jdk1.8.0_60.jdk/Contents/Home/jre/lib/libsunec.dylib

VM Arguments:
jvm_args: -Dfile.encoding=UTF-8 
java_command: application.MapApp
java_class_path (initial): /Users/miaminneskemp/Documents/GitHubLocal/Course3/Course3Solutions/bin:/Users/miaminneskemp/Documents/GitHubLocal/Course3/Course3Solutions/libs/javax.json-1.0.4.jar
Launcher Type: SUN_STANDARD

Environment Variables:
PATH=/usr/bin:/bin:/usr/sbin:/sbin
SHELL=/bin/bash

Signal Handlers:
SIGSEGV: [libjvm.dylib+0x5a6d31], sa_mask[0]=11111111011111110111111111111111, sa_flags=SA_ONSTACK|SA_RESTART|SA_SIGINFO
SIGBUS: [libjvm.dylib+0x5a6d31], sa_mask[0]=11111111011111110111111111111111, sa_flags=SA_RESTART|SA_SIGINFO
SIGFPE: [libjvm.dylib+0x480a4c], sa_mask[0]=11111111011111110111111111111111, sa_flags=SA_RESTART|SA_SIGINFO
SIGPIPE: [libjvm.dylib+0x480a4c], sa_mask[0]=11111111011111110111111111111111, sa_flags=SA_RESTART|SA_SIGINFO
SIGXFSZ: [libjvm.dylib+0x480a4c], sa_mask[0]=11111111011111110111111111111111, sa_flags=SA_RESTART|SA_SIGINFO
SIGILL: [libjvm.dylib+0x480a4c], sa_mask[0]=11111111011111110111111111111111, sa_flags=SA_RESTART|SA_SIGINFO
SIGUSR1: SIG_DFL, sa_mask[0]=00000000000000000000000000000000, sa_flags=none
SIGUSR2: [libjvm.dylib+0x48056a], sa_mask[0]=00100000000000000000000000000000, sa_flags=SA_RESTART|SA_SIGINFO
SIGHUP: [libjvm.dylib+0x47eb41], sa_mask[0]=11111111011111110111111111111111, sa_flags=SA_RESTART|SA_SIGINFO
SIGINT: [libjvm.dylib+0x47eb41], sa_mask[0]=11111111011111110111111111111111, sa_flags=SA_RESTART|SA_SIGINFO
SIGTERM: [libjvm.dylib+0x47eb41], sa_mask[0]=11111111011111110111111111111111, sa_flags=SA_RESTART|SA_SIGINFO
SIGQUIT: [libjvm.dylib+0x47eb41], sa_mask[0]=11111111011111110111111111111111, sa_flags=SA_RESTART|SA_SIGINFO


---------------  S Y S T E M  ---------------

OS:Bsduname:Darwin 14.5.0 Darwin Kernel Version 14.5.0: Tue Sep  1 21:23:09 PDT 2015; root:xnu-2782.50.1~1/RELEASE_X86_64 x86_64
rlimit: STACK 8192k, CORE 0k, NPROC 709, NOFILE 10240, AS infinity
load average:3.71 3.05 2.60

CPU:total 4 (2 cores per cpu, 2 threads per core) family 6 model 58 stepping 9, cmov, cx8, fxsr, mmx, sse, sse2, sse3, ssse3, sse4.1, sse4.2, popcnt, avx, aes, clmul, erms, ht, tsc, tscinvbit, tscinv

Memory: 4k page, physical 8388608k(351032k free)

/proc/meminfo:


vm_info: Java HotSpot(TM) 64-Bit Server VM (25.60-b23) for bsd-amd64 JRE (1.8.0_60-b27), built on Aug  4 2015 10:47:24 by "java_re" with gcc 4.2.1 (Based on Apple Inc. build 5658) (LLVM build 2336.11.00)

time: Mon Dec 14 13:53:03 2015
elapsed time: 22 seconds (0d 0h 0m 22s)

