#
# A fatal error has been detected by the Java Runtime Environment:
#
#  SIGSEGV (0xb) at pc=0x000000012a6018ae, pid=3133, tid=50619
#
# JRE version: Java(TM) SE Runtime Environment (8.0_60-b27) (build 1.8.0_60-b27)
# Java VM: Java HotSpot(TM) 64-Bit Server VM (25.60-b23 mixed mode bsd-amd64 compressed oops)
# Problematic frame:
# C  [libjfxwebkit.dylib+0xe2e8ae]  WTFCrash+0x3e
#
# Failed to write core dump. Core dumps have been disabled. To enable core dumping, try "ulimit -c unlimited" before starting Java again
#
# If you would like to submit a bug report, please visit:
#   http://bugreport.java.com/bugreport/crash.jsp
# The crash happened outside the Java Virtual Machine in native code.
# See problematic frame for where to report the bug.
#

---------------  T H R E A D  ---------------

Current thread (0x00007ff9530e4800):  JavaThread "Thread-70" [_thread_in_native, id=50619, stack(0x0000000135460000,0x0000000135560000)]

siginfo: si_signo: 11 (SIGSEGV), si_code: 1 (SEGV_MAPERR), si_addr: 0x00000000bbadbeef

Registers:
RAX=0x00000000bbadbeef, RBX=0x000000013555f160, RCX=0x0000000000000000, RDX=0x00007fff7a00d1f8
RSP=0x000000013555f020, RBP=0x000000013555f130, RSI=0x0000080000000800, RDI=0x0000000000000000
R8 =0x000000013555ee10, R9 =0x0000000135560000, R10=0x0000000000000000, R11=0x0000000000000246
R12=0x000000012ca3feb0, R13=0x0000000000000001, R14=0x00007ff9521c5c00, R15=0x000000012c91f9b0
RIP=0x000000012a6018ae, EFLAGS=0x0000000000010206, ERR=0x0000000000000006
  TRAPNO=0x000000000000000e

Top of Stack: (sp=0x000000013555f020)
0x000000013555f020:   000000012a60189a 000000012a8f808e
0x000000013555f030:   000000012a8fa19c 000000012a7af090
0x000000013555f040:   000000012a8defde 000000012a94d560
0x000000013555f050:   000000012a951fab 000000012a23e286
0x000000013555f060:   000000010c615954 000000010c6079d0
0x000000013555f070:   01007ff9530e4800 000000013555f3c8
0x000000013555f080:   00000007c00c1150 000000013555f1b0
0x000000013555f090:   00000007c00bfce8 00007ff9530e4800
0x000000013555f0a0:   0000000120b85000 00007ff9530e4800
0x000000013555f0b0:   0000000120b85000 000000000000000f
0x000000013555f0c0:   000000013555f1f0 000000010aef99ae
0x000000013555f0d0:   00007ff9530e4800 000000012c001c80
0x000000013555f0e0:   01007ff9530e4800 000000013555f438
0x000000013555f0f0:   00000007c00bfce8 0000000120b84d80
0x000000013555f100:   00007ff9530e4800 0000000120b84d80
0x000000013555f110:   00000001381f3340 000000013555f200
0x000000013555f120:   00007ff9521c5c00 000000012c91f9b0
0x000000013555f130:   000000013555f150 000000012a8f808e
0x000000013555f140:   000000012c910000 000000012c91f9b0
0x000000013555f150:   000000013555f180 000000012a8fa19c
0x000000013555f160:   00007ff9521c5c00 00007ff9521c5c00
0x000000013555f170:   00007ff9521c5c00 0000000000000001
0x000000013555f180:   000000013555f250 000000012a7af090
0x000000013555f190:   00007ff9530e4800 00000007c00c1150
0x000000013555f1a0:   000000013555f1f0 0000000126f2fd70
0x000000013555f1b0:   000000013555f2c0 000000012ca3feb0
0x000000013555f1c0:   000000013555f238 000000013555f244
0x000000013555f1d0:   000000012c91f9b0 000000013555f244
0x000000013555f1e0:   000000012960ffe0 00007ff951d5d990
0x000000013555f1f0:   000000013555f270 0000000129805e43
0x000000013555f200:   00007ff9521c5c00 000000012c91f970
0x000000013555f210:   000000012ca3fe00 000000012c91f970 

Instructions: (pc=0x000000012a6018ae)
0x000000012a60188e:   ff ff be 21 00 00 00 e8 1e fd 49 00 48 8d bd 00
0x000000012a60189e:   ff ff ff 8d 70 fe e8 d7 fe ff ff b8 ef be ad bb
0x000000012a6018ae:   c7 00 00 00 00 00 0f 0b 66 2e 0f 1f 84 00 00 00
0x000000012a6018be:   00 00 55 48 89 e5 48 81 ec 10 01 00 00 48 8b 05 

Register to memory mapping:

RAX=0x00000000bbadbeef is an unknown value
RBX=0x000000013555f160 is pointing into the stack for thread: 0x00007ff9530e4800
RCX=0x0000000000000000 is an unknown value
RDX=0x00007fff7a00d1f8: __sFX+0x1c8 in /usr/lib/system/libsystem_c.dylib at 0x00007fff93728000
RSP=0x000000013555f020 is pointing into the stack for thread: 0x00007ff9530e4800
RBP=0x000000013555f130 is pointing into the stack for thread: 0x00007ff9530e4800
RSI=0x0000080000000800 is an unknown value
RDI=0x0000000000000000 is an unknown value
R8 =0x000000013555ee10 is pointing into the stack for thread: 0x00007ff9530e4800
R9 =0x0000000135560000 is pointing into the stack for thread: 0x00007ff9530e4800
R10=0x0000000000000000 is an unknown value
R11=0x0000000000000246 is an unknown value
R12=0x000000012ca3feb0 is an unknown value
R13=0x0000000000000001 is an unknown value
R14=0x00007ff9521c5c00 is an unknown value
R15=0x000000012c91f9b0 is an unknown value


Stack: [0x0000000135460000,0x0000000135560000],  sp=0x000000013555f020,  free space=1020k
Native frames: (J=compiled Java code, j=interpreted, Vv=VM code, C=native code)
C  [libjfxwebkit.dylib+0xe2e8ae]  WTFCrash+0x3e
C  [libjfxwebkit.dylib+0x112508e]  JSC::ErrorHandlingScope::ErrorHandlingScope(JSC::VM&)+0x3e
C  [libjfxwebkit.dylib+0x112719c]  JSC::throwStackOverflowError(JSC::ExecState*)+0x2c
C  [libjfxwebkit.dylib+0xfdc090]  JSC::Interpreter::executeCall(JSC::ExecState*, JSC::JSObject*, JSC::CallType, JSC::CallData const&, JSC::JSValue, JSC::ArgList const&)+0xb0
C  [libjfxwebkit.dylib+0x110bfde]  JSC::call(JSC::ExecState*, JSC::JSValue, JSC::CallType, JSC::CallData const&, JSC::JSValue, JSC::ArgList const&)+0x3e
C  [libjfxwebkit.dylib+0x117a560]  JSC::JSObject::defaultValue(JSC::JSObject const*, JSC::ExecState*, JSC::PreferredPrimitiveType)+0x190
C  [libjfxwebkit.dylib+0x117efab]  JSC::JSObject::toString(JSC::ExecState*) const+0x4b
C  [libjfxwebkit.dylib+0xa6b286]  Java_com_sun_webkit_dom_JSObject_toStringImpl+0x76
j  com.sun.webkit.dom.JSObject.toStringImpl(JI)Ljava/lang/String;+0
j  com.sun.webkit.dom.JSObject.toString()Ljava/lang/String;+8
j  java.lang.String.valueOf(Ljava/lang/Object;)Ljava/lang/String;+10
j  java.io.PrintStream.println(Ljava/lang/Object;)V+1
j  gmapsfx.javascript.JavascriptObject.invokeJavascript(Ljava/lang/String;)Ljava/lang/Object;+7
j  gmapsfx.javascript.JavascriptObject.invokeJavascriptReturnValue(Ljava/lang/String;Ljava/lang/Class;)Ljava/lang/Object;+2
j  gmapsfx.javascript.object.GoogleMap.getBounds()Lgmapsfx/javascript/object/LatLongBounds;+5
j  application.services.GeneralService.getBoundsArray()[F+4
j  application.services.GeneralService.writeDataToFile(Ljava/lang/String;)Z+1
j  application.services.GeneralService$1.call()Ljava/lang/String;+16
j  application.services.GeneralService$1.call()Ljava/lang/Object;+1
j  javafx.concurrent.Task$TaskCallable.call()Ljava/lang/Object;+26
j  java.util.concurrent.FutureTask.run()V+42
j  java.lang.Thread.run()V+11
v  ~StubRoutines::call_stub
V  [libjvm.dylib+0x2eab0e]  JavaCalls::call_helper(JavaValue*, methodHandle*, JavaCallArguments*, Thread*)+0x6ae
V  [libjvm.dylib+0x2eb29c]  JavaCalls::call_virtual(JavaValue*, KlassHandle, Symbol*, Symbol*, JavaCallArguments*, Thread*)+0x164
V  [libjvm.dylib+0x2eb448]  JavaCalls::call_virtual(JavaValue*, Handle, KlassHandle, Symbol*, Symbol*, Thread*)+0x4a
V  [libjvm.dylib+0x345965]  thread_entry(JavaThread*, Thread*)+0x7c
V  [libjvm.dylib+0x5612d3]  JavaThread::thread_main_inner()+0x9b
V  [libjvm.dylib+0x5629ce]  JavaThread::run()+0x1c2
V  [libjvm.dylib+0x48343a]  java_start(Thread*)+0xf6
C  [libsystem_pthread.dylib+0x405a]  _pthread_body+0x83
C  [libsystem_pthread.dylib+0x3fd7]  _pthread_body+0x0
C  [libsystem_pthread.dylib+0x13ed]  thread_start+0xd
C  0x0000000000000000

Java frames: (J=compiled Java code, j=interpreted, Vv=VM code)
j  com.sun.webkit.dom.JSObject.toStringImpl(JI)Ljava/lang/String;+0
j  com.sun.webkit.dom.JSObject.toString()Ljava/lang/String;+8
j  java.lang.String.valueOf(Ljava/lang/Object;)Ljava/lang/String;+10
j  java.io.PrintStream.println(Ljava/lang/Object;)V+1
j  gmapsfx.javascript.JavascriptObject.invokeJavascript(Ljava/lang/String;)Ljava/lang/Object;+7
j  gmapsfx.javascript.JavascriptObject.invokeJavascriptReturnValue(Ljava/lang/String;Ljava/lang/Class;)Ljava/lang/Object;+2
j  gmapsfx.javascript.object.GoogleMap.getBounds()Lgmapsfx/javascript/object/LatLongBounds;+5
j  application.services.GeneralService.getBoundsArray()[F+4
j  application.services.GeneralService.writeDataToFile(Ljava/lang/String;)Z+1
j  application.services.GeneralService$1.call()Ljava/lang/String;+16
j  application.services.GeneralService$1.call()Ljava/lang/Object;+1
j  javafx.concurrent.Task$TaskCallable.call()Ljava/lang/Object;+26
j  java.util.concurrent.FutureTask.run()V+42
j  java.lang.Thread.run()V+11
v  ~StubRoutines::call_stub

---------------  P R O C E S S  ---------------

Java Threads: ( => current thread )
=>0x00007ff9530e4800 JavaThread "Thread-70" [_thread_in_native, id=50619, stack(0x0000000135460000,0x0000000135560000)]
  0x00007ff952bf6000 JavaThread "Keep-Alive-Timer" daemon [_thread_blocked, id=80911, stack(0x0000000137761000,0x0000000137861000)]
  0x00007ff952e61800 JavaThread "URL-Loader-20" daemon [_thread_blocked, id=71171, stack(0x0000000137621000,0x0000000137721000)]
  0x00007ff952e66000 JavaThread "URL-Loader-19" daemon [_thread_blocked, id=70659, stack(0x00000001374ff000,0x00000001375ff000)]
  0x00007ff952e87000 JavaThread "URL-Loader-18" daemon [_thread_blocked, id=70155, stack(0x00000001373fc000,0x00000001374fc000)]
  0x00007ff952e77000 JavaThread "URL-Loader-17" daemon [_thread_blocked, id=69635, stack(0x0000000137224000,0x0000000137324000)]
  0x00007ff95342b800 JavaThread "URL-Loader-16" daemon [_thread_blocked, id=64787, stack(0x0000000136739000,0x0000000136839000)]
  0x00007ff953343000 JavaThread "URL-Loader-15" daemon [_thread_blocked, id=69123, stack(0x0000000137121000,0x0000000137221000)]
  0x00007ff953cf2000 JavaThread "URL-Loader-14" daemon [_thread_blocked, id=68611, stack(0x000000013701e000,0x000000013711e000)]
  0x00007ff952540000 JavaThread "URL-Loader-12" daemon [_thread_blocked, id=67587, stack(0x0000000136e18000,0x0000000136f18000)]
  0x00007ff952dfd000 JavaThread "URL-Loader-11" daemon [_thread_blocked, id=67075, stack(0x0000000136d15000,0x0000000136e15000)]
  0x00007ff953bc9000 JavaThread "URL-Loader-9" daemon [_thread_blocked, id=66051, stack(0x0000000136a42000,0x0000000136b42000)]
  0x00007ff952536000 JavaThread "URL-Loader-8" daemon [_thread_blocked, id=65539, stack(0x000000013693f000,0x0000000136a3f000)]
  0x00007ff952535000 JavaThread "URL-Loader-7" daemon [_thread_blocked, id=65159, stack(0x000000013683c000,0x000000013693c000)]
  0x00007ff952c27000 JavaThread "URL-Loader-6" daemon [_thread_blocked, id=64259, stack(0x0000000136636000,0x0000000136736000)]
  0x00007ff952c26000 JavaThread "URL-Loader-5" daemon [_thread_blocked, id=63495, stack(0x0000000136533000,0x0000000136633000)]
  0x00007ff952321800 JavaThread "Watchdog-Timer-1" daemon [_thread_blocked, id=62983, stack(0x0000000136430000,0x0000000136530000)]
  0x00007ff952501000 JavaThread "URL-Loader-4" daemon [_thread_blocked, id=59907, stack(0x00000001325b7000,0x00000001326b7000)]
  0x00007ff9524ff800 JavaThread "URL-Loader-3" daemon [_thread_blocked, id=59155, stack(0x00000001324b4000,0x00000001325b4000)]
  0x00007ff9524fe800 JavaThread "URL-Loader-2" daemon [_thread_blocked, id=58935, stack(0x000000012fca6000,0x000000012fda6000)]
  0x00007ff953930800 JavaThread "Prism Font Disposer" daemon [_thread_blocked, id=51487, stack(0x000000012d208000,0x000000012d308000)]
  0x00007ff9521c5000 JavaThread "Disposer" daemon [_thread_blocked, id=49411, stack(0x000000012bd21000,0x000000012be21000)]
  0x00007ff9538ed000 JavaThread "JavaFX-Launcher" [_thread_blocked, id=48643, stack(0x00000001296d1000,0x00000001297d1000)]
  0x00007ff952196800 JavaThread "Thread-3" daemon [_thread_in_native, id=36099, stack(0x0000000128443000,0x00000001284c3000)]
  0x00007ff9529a6000 JavaThread "JavaFX Application Thread" [_thread_in_Java, id=1811, stack(0x00007fff549ce000,0x00007fff551ce000)]
  0x00007ff953839000 JavaThread "Thread-1" daemon [_thread_blocked, id=24083, stack(0x00000001250dc000,0x00000001251dc000)]
  0x00007ff952975800 JavaThread "QuantumRenderer-0" daemon [_thread_blocked, id=18947, stack(0x000000012446b000,0x000000012456b000)]
  0x00007ff953804000 JavaThread "Service Thread" daemon [_thread_blocked, id=17923, stack(0x00000001241cf000,0x00000001242cf000)]
  0x00007ff952852800 JavaThread "C1 CompilerThread2" daemon [_thread_in_vm, id=17411, stack(0x00000001240cc000,0x00000001241cc000)]
  0x00007ff952851800 JavaThread "C2 CompilerThread1" daemon [_thread_blocked, id=16899, stack(0x0000000123fc9000,0x00000001240c9000)]
  0x00007ff953014800 JavaThread "C2 CompilerThread0" daemon [_thread_blocked, id=16387, stack(0x0000000123ec6000,0x0000000123fc6000)]
  0x00007ff953008000 JavaThread "Signal Dispatcher" daemon [_thread_blocked, id=14351, stack(0x0000000123dc3000,0x0000000123ec3000)]
  0x00007ff95380a000 JavaThread "Finalizer" daemon [_thread_blocked, id=11011, stack(0x00000001223a7000,0x00000001224a7000)]
  0x00007ff95283e800 JavaThread "Reference Handler" daemon [_thread_blocked, id=10499, stack(0x00000001222a4000,0x00000001223a4000)]
  0x00007ff952809800 JavaThread "main" [_thread_blocked, id=3331, stack(0x000000010babb000,0x000000010bbbb000)]

Other Threads:
  0x00007ff95283c000 VMThread [stack: 0x00000001221a1000,0x00000001222a1000] [id=9987]
  0x00007ff953814000 WatcherThread [stack: 0x00000001242d2000,0x00000001243d2000] [id=18435]

VM state:not at safepoint (normal execution)

VM Mutex/Monitor currently owned by a thread: None

Heap:
 PSYoungGen      total 52736K, used 10398K [0x0000000795580000, 0x0000000799180000, 0x00000007c0000000)
  eden space 47616K, 11% used [0x0000000795580000,0x0000000795ac7530,0x0000000798400000)
  from space 5120K, 97% used [0x0000000798600000,0x0000000798ae0598,0x0000000798b00000)
  to   space 2048K, 0% used [0x0000000798400000,0x0000000798400000,0x0000000798600000)
 ParOldGen       total 72704K, used 20841K [0x0000000740000000, 0x0000000744700000, 0x0000000795580000)
  object space 72704K, 28% used [0x0000000740000000,0x000000074145a610,0x0000000744700000)
 Metaspace       used 24566K, capacity 25972K, committed 25984K, reserved 1071104K
  class space    used 3433K, capacity 3700K, committed 3712K, reserved 1048576K

Card table byte_map: [0x000000011b9c0000,0x000000011bdc1000] byte_map_base: 0x0000000117fc0000

Marking Bits: (ParMarkBitMap*) 0x000000010b40fe20
 Begin Bits: [0x000000011c375000, 0x000000011e375000)
 End Bits:   [0x000000011e375000, 0x0000000120375000)

Polling page: 0x000000010bc00000

CodeCache: size=245760Kb used=10825Kb max_used=10832Kb free=234935Kb
 bounds [0x000000010c600000, 0x000000010d0a0000, 0x000000011b600000]
 total_blobs=4384 nmethods=3600 adapters=696
 compilation: enabled

Compilation events (10 events):
Event: 25.527 Thread 0x00007ff952852800 nmethod 4029 0x000000010d098850 code [0x000000010d0989a0, 0x000000010d098af0]
Event: 25.527 Thread 0x00007ff952852800 4030       3       javafx.scene.layout.CornerRadii::getBottomLeftVerticalRadius (5 bytes)
Event: 25.527 Thread 0x00007ff952852800 nmethod 4030 0x000000010d098b90 code [0x000000010d098ce0, 0x000000010d098e30]
Event: 25.527 Thread 0x00007ff952852800 4031       3       javafx.scene.layout.CornerRadii::getBottomLeftHorizontalRadius (5 bytes)
Event: 25.528 Thread 0x00007ff952852800 nmethod 4031 0x000000010d098ed0 code [0x000000010d099020, 0x000000010d099170]
Event: 25.528 Thread 0x00007ff952852800 4025       1       javafx.scene.paint.LinearGradient::isOpaque (5 bytes)
Event: 25.528 Thread 0x00007ff952852800 nmethod 4025 0x000000010d099210 code [0x000000010d099360, 0x000000010d099470]
Event: 25.529 Thread 0x00007ff953014800 nmethod 3977 0x000000010d0994d0 code [0x000000010d099940, 0x000000010d09c510]
Event: 25.529 Thread 0x00007ff952852800 4032       3       java.util.WeakHashMap$KeyIterator::next (8 bytes)
Event: 25.530 Thread 0x00007ff952852800 nmethod 4032 0x000000010d093d90 code [0x000000010d093f20, 0x000000010d0942e8]

GC Heap History (10 events):
Event: 18.582 GC heap before
{Heap before GC invocations=320 (full 158):
 PSYoungGen      total 49664K, used 196K [0x0000000795580000, 0x0000000798b00000, 0x00000007c0000000)
  eden space 44544K, 0% used [0x0000000795580000,0x00000007955b1150,0x0000000798100000)
  from space 5120K, 0% used [0x0000000798100000,0x0000000798100000,0x0000000798600000)
  to   space 5120K, 0% used [0x0000000798600000,0x0000000798600000,0x0000000798b00000)
 ParOldGen       total 72704K, used 21333K [0x0000000740000000, 0x0000000744700000, 0x0000000795580000)
  object space 72704K, 29% used [0x0000000740000000,0x00000007414d5718,0x0000000744700000)
 Metaspace       used 23699K, capacity 25102K, committed 25344K, reserved 1071104K
  class space    used 3306K, capacity 3579K, committed 3584K, reserved 1048576K
Event: 18.583 GC heap after
Heap after GC invocations=320 (full 158):
 PSYoungGen      total 49664K, used 96K [0x0000000795580000, 0x0000000798b00000, 0x00000007c0000000)
  eden space 44544K, 0% used [0x0000000795580000,0x0000000795580000,0x0000000798100000)
  from space 5120K, 1% used [0x0000000798600000,0x0000000798618000,0x0000000798b00000)
  to   space 5120K, 0% used [0x0000000798100000,0x0000000798100000,0x0000000798600000)
 ParOldGen       total 72704K, used 21333K [0x0000000740000000, 0x0000000744700000, 0x0000000795580000)
  object space 72704K, 29% used [0x0000000740000000,0x00000007414d5718,0x0000000744700000)
 Metaspace       used 23699K, capacity 25102K, committed 25344K, reserved 1071104K
  class space    used 3306K, capacity 3579K, committed 3584K, reserved 1048576K
}
Event: 18.583 GC heap before
{Heap before GC invocations=321 (full 159):
 PSYoungGen      total 49664K, used 96K [0x0000000795580000, 0x0000000798b00000, 0x00000007c0000000)
  eden space 44544K, 0% used [0x0000000795580000,0x0000000795580000,0x0000000798100000)
  from space 5120K, 1% used [0x0000000798600000,0x0000000798618000,0x0000000798b00000)
  to   space 5120K, 0% used [0x0000000798100000,0x0000000798100000,0x0000000798600000)
 ParOldGen       total 72704K, used 21333K [0x0000000740000000, 0x0000000744700000, 0x0000000795580000)
  object space 72704K, 29% used [0x0000000740000000,0x00000007414d5718,0x0000000744700000)
 Metaspace       used 23699K, capacity 25102K, committed 25344K, reserved 1071104K
  class space    used 3306K, capacity 3579K, committed 3584K, reserved 1048576K
Event: 18.617 GC heap after
Heap after GC invocations=321 (full 159):
 PSYoungGen      total 49664K, used 0K [0x0000000795580000, 0x0000000798b00000, 0x00000007c0000000)
  eden space 44544K, 0% used [0x0000000795580000,0x0000000795580000,0x0000000798100000)
  from space 5120K, 0% used [0x0000000798600000,0x0000000798600000,0x0000000798b00000)
  to   space 5120K, 0% used [0x0000000798100000,0x0000000798100000,0x0000000798600000)
 ParOldGen       total 72704K, used 19809K [0x0000000740000000, 0x0000000744700000, 0x0000000795580000)
  object space 72704K, 27% used [0x0000000740000000,0x0000000741358680,0x0000000744700000)
 Metaspace       used 23699K, capacity 25102K, committed 25344K, reserved 1071104K
  class space    used 3306K, capacity 3579K, committed 3584K, reserved 1048576K
}
Event: 18.624 GC heap before
{Heap before GC invocations=322 (full 159):
 PSYoungGen      total 49664K, used 0K [0x0000000795580000, 0x0000000798b00000, 0x00000007c0000000)
  eden space 44544K, 0% used [0x0000000795580000,0x0000000795580000,0x0000000798100000)
  from space 5120K, 0% used [0x0000000798600000,0x0000000798600000,0x0000000798b00000)
  to   space 5120K, 0% used [0x0000000798100000,0x0000000798100000,0x0000000798600000)
 ParOldGen       total 72704K, used 19809K [0x0000000740000000, 0x0000000744700000, 0x0000000795580000)
  object space 72704K, 27% used [0x0000000740000000,0x0000000741358680,0x0000000744700000)
 Metaspace       used 23699K, capacity 25102K, committed 25344K, reserved 1071104K
  class space    used 3306K, capacity 3579K, committed 3584K, reserved 1048576K
Event: 18.626 GC heap after
Heap after GC invocations=322 (full 159):
 PSYoungGen      total 49664K, used 0K [0x0000000795580000, 0x0000000798b00000, 0x00000007c0000000)
  eden space 44544K, 0% used [0x0000000795580000,0x0000000795580000,0x0000000798100000)
  from space 5120K, 0% used [0x0000000798100000,0x0000000798100000,0x0000000798600000)
  to   space 5120K, 0% used [0x0000000798600000,0x0000000798600000,0x0000000798b00000)
 ParOldGen       total 72704K, used 19809K [0x0000000740000000, 0x0000000744700000, 0x0000000795580000)
  object space 72704K, 27% used [0x0000000740000000,0x0000000741358680,0x0000000744700000)
 Metaspace       used 23699K, capacity 25102K, committed 25344K, reserved 1071104K
  class space    used 3306K, capacity 3579K, committed 3584K, reserved 1048576K
}
Event: 18.626 GC heap before
{Heap before GC invocations=323 (full 160):
 PSYoungGen      total 49664K, used 0K [0x0000000795580000, 0x0000000798b00000, 0x00000007c0000000)
  eden space 44544K, 0% used [0x0000000795580000,0x0000000795580000,0x0000000798100000)
  from space 5120K, 0% used [0x0000000798100000,0x0000000798100000,0x0000000798600000)
  to   space 5120K, 0% used [0x0000000798600000,0x0000000798600000,0x0000000798b00000)
 ParOldGen       total 72704K, used 19809K [0x0000000740000000, 0x0000000744700000, 0x0000000795580000)
  object space 72704K, 27% used [0x0000000740000000,0x0000000741358680,0x0000000744700000)
 Metaspace       used 23699K, capacity 25102K, committed 25344K, reserved 1071104K
  class space    used 3306K, capacity 3579K, committed 3584K, reserved 1048576K
Event: 18.656 GC heap after
Heap after GC invocations=323 (full 160):
 PSYoungGen      total 49664K, used 0K [0x0000000795580000, 0x0000000798b00000, 0x00000007c0000000)
  eden space 44544K, 0% used [0x0000000795580000,0x0000000795580000,0x0000000798100000)
  from space 5120K, 0% used [0x0000000798100000,0x0000000798100000,0x0000000798600000)
  to   space 5120K, 0% used [0x0000000798600000,0x0000000798600000,0x0000000798b00000)
 ParOldGen       total 72704K, used 19809K [0x0000000740000000, 0x0000000744700000, 0x0000000795580000)
  object space 72704K, 27% used [0x0000000740000000,0x0000000741358600,0x0000000744700000)
 Metaspace       used 23699K, capacity 25102K, committed 25344K, reserved 1071104K
  class space    used 3306K, capacity 3579K, committed 3584K, reserved 1048576K
}
Event: 19.659 GC heap before
{Heap before GC invocations=324 (full 160):
 PSYoungGen      total 49664K, used 44544K [0x0000000795580000, 0x0000000798b00000, 0x00000007c0000000)
  eden space 44544K, 100% used [0x0000000795580000,0x0000000798100000,0x0000000798100000)
  from space 5120K, 0% used [0x0000000798100000,0x0000000798100000,0x0000000798600000)
  to   space 5120K, 0% used [0x0000000798600000,0x0000000798600000,0x0000000798b00000)
 ParOldGen       total 72704K, used 19809K [0x0000000740000000, 0x0000000744700000, 0x0000000795580000)
  object space 72704K, 27% used [0x0000000740000000,0x0000000741358600,0x0000000744700000)
 Metaspace       used 23845K, capacity 25294K, committed 25344K, reserved 1071104K
  class space    used 3307K, capacity 3579K, committed 3584K, reserved 1048576K
Event: 19.661 GC heap after
Heap after GC invocations=324 (full 160):
 PSYoungGen      total 52736K, used 4993K [0x0000000795580000, 0x0000000799180000, 0x00000007c0000000)
  eden space 47616K, 0% used [0x0000000795580000,0x0000000795580000,0x0000000798400000)
  from space 5120K, 97% used [0x0000000798600000,0x0000000798ae0598,0x0000000798b00000)
  to   space 2048K, 0% used [0x0000000798400000,0x0000000798400000,0x0000000798600000)
 ParOldGen       total 72704K, used 20841K [0x0000000740000000, 0x0000000744700000, 0x0000000795580000)
  object space 72704K, 28% used [0x0000000740000000,0x000000074145a610,0x0000000744700000)
 Metaspace       used 23845K, capacity 25294K, committed 25344K, reserved 1071104K
  class space    used 3307K, capacity 3579K, committed 3584K, reserved 1048576K
}

Deoptimization events (10 events):
Event: 3.946 Thread 0x00007ff952c26000 Uncommon trap: reason=unstable_if action=reinterpret pc=0x000000010c888118 method=java.lang.String.indexOf([CII[CIII)I @ 27
Event: 4.353 Thread 0x00007ff9529a6000 Uncommon trap: reason=array_check action=maybe_recompile pc=0x000000010cb2679c method=com.sun.javafx.css.SimpleSelector.applies(Ljavafx/css/Styleable;[Ljava/util/Set;I)Z @ 37
Event: 4.396 Thread 0x00007ff953343000 Uncommon trap: reason=predicate action=maybe_recompile pc=0x000000010cc558f0 method=java.util.regex.Pattern$SliceI.match(Ljava/util/regex/Matcher;ILjava/lang/CharSequence;)Z @ 21
Event: 8.697 Thread 0x00007ff9529a6000 Uncommon trap: reason=bimorphic action=maybe_recompile pc=0x000000010c7a49c0 method=java.io.FilterInputStream.read([B)I @ 5
Event: 8.697 Thread 0x00007ff9529a6000 Uncommon trap: reason=bimorphic action=maybe_recompile pc=0x000000010c7a49c0 method=java.io.FilterInputStream.read([B)I @ 5
Event: 8.697 Thread 0x00007ff9529a6000 Uncommon trap: reason=bimorphic action=maybe_recompile pc=0x000000010c7a49c0 method=java.io.FilterInputStream.read([B)I @ 5
Event: 19.268 Thread 0x00007ff952dfd000 Uncommon trap: reason=predicate action=maybe_recompile pc=0x000000010cf86e64 method=java.util.regex.Pattern$Slice.match(Ljava/util/regex/Matcher;ILjava/lang/CharSequence;)Z @ 21
Event: 21.772 Thread 0x00007ff9529a6000 Uncommon trap: reason=unstable_if action=reinterpret pc=0x000000010cb02bc4 method=java.lang.Integer.equals(Ljava/lang/Object;)Z @ 18
Event: 21.773 Thread 0x00007ff9529a6000 Uncommon trap: reason=unstable_if action=reinterpret pc=0x000000010ceb93f8 method=javafx.scene.Node.updateBounds()V @ 27
Event: 25.489 Thread 0x00007ff9529a6000 Uncommon trap: reason=class_check action=maybe_recompile pc=0x000000010cf99d3c method=java.util.regex.Pattern$Slice.match(Ljava/util/regex/Matcher;ILjava/lang/CharSequence;)Z @ 75

Internal exceptions (10 events):
Event: 0.746 Thread 0x00007ff9529a6000 Exception <a 'java/lang/NullPointerException'> (0x000000079620eb50) thrown at [/Users/java_re/workspace/8-2-build-macosx-x86_64/jdk8u60/4407/hotspot/src/share/vm/prims/jvm.cpp, line 1390]
Event: 0.963 Thread 0x00007ff9529a6000 Exception <a 'sun/nio/fs/UnixException'> (0x0000000796807e58) thrown at [/Users/java_re/workspace/8-2-build-macosx-x86_64/jdk8u60/4407/hotspot/src/share/vm/prims/jni.cpp, line 709]
Event: 0.965 Thread 0x00007ff9529a6000 Exception <a 'sun/nio/fs/UnixException'> (0x0000000796809cb8) thrown at [/Users/java_re/workspace/8-2-build-macosx-x86_64/jdk8u60/4407/hotspot/src/share/vm/prims/jni.cpp, line 709]
Event: 0.975 Thread 0x00007ff9529a6000 Implicit null exception at 0x000000010c80dab5 to 0x000000010c80de15
Event: 1.088 Thread 0x00007ff9529a6000 Implicit null exception at 0x000000010c862eb5 to 0x000000010c8630b1
Event: 1.689 Thread 0x00007ff9529a6000 Implicit null exception at 0x000000010c93d0e9 to 0x000000010c93d13d
Event: 3.382 Thread 0x00007ff952c27000 Exception <a 'java/lang/ClassNotFoundException': sun/net/www/protocol/data/Handler> (0x0000000795fb8780) thrown at [/Users/java_re/workspace/8-2-build-macosx-x86_64/jdk8u60/4407/hotspot/src/share/vm/classfile/systemDictionary.cpp, line 210]
Event: 3.384 Thread 0x00007ff952c27000 Exception <a 'java/lang/ClassNotFoundException': sun/net/www/protocol/data/Handler> (0x0000000795fc1518) thrown at [/Users/java_re/workspace/8-2-build-macosx-x86_64/jdk8u60/4407/hotspot/src/share/vm/classfile/systemDictionary.cpp, line 210]
Event: 6.783 Thread 0x00007ff952975800 Implicit null exception at 0x000000010cd4fdf5 to 0x000000010cd51a2d
Event: 6.784 Thread 0x00007ff952975800 Exception <a 'java/lang/NullPointerException'> (0x0000000795c3ec30) thrown at [/Users/java_re/workspace/8-2-build-macosx-x86_64/jdk8u60/4407/hotspot/src/share/vm/runtime/sharedRuntime.cpp, line 605]

Events (10 events):
Event: 25.522 loading class javafx/event/Event done
Event: 25.522 loading class javafx/scene/control/Button
Event: 25.522 loading class javafx/scene/control/Button done
Event: 25.522 loading class javafx/concurrent/WorkerStateEvent
Event: 25.522 loading class javafx/concurrent/WorkerStateEvent done
Event: 25.522 loading class javafx/scene/control/Button
Event: 25.522 loading class javafx/scene/control/Button done
Event: 25.523 Thread 0x00007ff9530e4800 Thread added: 0x00007ff9530e4800
Event: 25.523 loading class gmapsfx/javascript/object/LatLongBounds
Event: 25.523 loading class gmapsfx/javascript/object/LatLongBounds done


Dynamic libraries:
0x0000000008911000 	/System/Library/Frameworks/Cocoa.framework/Versions/A/Cocoa
0x0000000008911000 	/System/Library/Frameworks/Security.framework/Versions/A/Security
0x0000000008911000 	/System/Library/Frameworks/ApplicationServices.framework/Versions/A/ApplicationServices
0x0000000008911000 	/usr/lib/libz.1.dylib
0x0000000008911000 	/usr/lib/libSystem.B.dylib
0x0000000008911000 	/usr/lib/libobjc.A.dylib
0x0000000008911000 	/System/Library/Frameworks/CoreFoundation.framework/Versions/A/CoreFoundation
0x0000000008911000 	/System/Library/Frameworks/Foundation.framework/Versions/C/Foundation
0x0000000008911000 	/System/Library/Frameworks/AppKit.framework/Versions/C/AppKit
0x0000000008911000 	/System/Library/Frameworks/CoreData.framework/Versions/A/CoreData
0x0000000008911000 	/System/Library/PrivateFrameworks/RemoteViewServices.framework/Versions/A/RemoteViewServices
0x0000000008911000 	/System/Library/PrivateFrameworks/UIFoundation.framework/Versions/A/UIFoundation
0x0000000008911000 	/System/Library/Frameworks/IOSurface.framework/Versions/A/IOSurface
0x0000000008911000 	/System/Library/Frameworks/AudioToolbox.framework/Versions/A/AudioToolbox
0x0000000008911000 	/System/Library/Frameworks/AudioUnit.framework/Versions/A/AudioUnit
0x0000000008911000 	/System/Library/PrivateFrameworks/DataDetectorsCore.framework/Versions/A/DataDetectorsCore
0x0000000008911000 	/System/Library/PrivateFrameworks/DesktopServicesPriv.framework/Versions/A/DesktopServicesPriv
0x0000000008911000 	/System/Library/Frameworks/Carbon.framework/Versions/A/Frameworks/HIToolbox.framework/Versions/A/HIToolbox
0x0000000008911000 	/System/Library/Frameworks/QuartzCore.framework/Versions/A/QuartzCore
0x0000000008911000 	/System/Library/Frameworks/Carbon.framework/Versions/A/Frameworks/SpeechRecognition.framework/Versions/A/SpeechRecognition
0x0000000008911000 	/usr/lib/libauto.dylib
0x0000000008911000 	/usr/lib/libicucore.A.dylib
0x0000000008911000 	/usr/lib/libxml2.2.dylib
0x0000000008911000 	/System/Library/PrivateFrameworks/CoreUI.framework/Versions/A/CoreUI
0x0000000008911000 	/System/Library/Frameworks/CoreAudio.framework/Versions/A/CoreAudio
0x0000000008911000 	/System/Library/Frameworks/DiskArbitration.framework/Versions/A/DiskArbitration
0x0000000008911000 	/usr/lib/liblangid.dylib
0x0000000008911000 	/System/Library/PrivateFrameworks/MultitouchSupport.framework/Versions/A/MultitouchSupport
0x0000000008911000 	/System/Library/Frameworks/IOKit.framework/Versions/A/IOKit
0x0000000008911000 	/usr/lib/libDiagnosticMessagesClient.dylib
0x0000000008911000 	/System/Library/Frameworks/CoreServices.framework/Versions/A/CoreServices
0x0000000008911000 	/System/Library/PrivateFrameworks/PerformanceAnalysis.framework/Versions/A/PerformanceAnalysis
0x0000000008911000 	/System/Library/PrivateFrameworks/GenerationalStorage.framework/Versions/A/GenerationalStorage
0x0000000008911000 	/System/Library/Frameworks/OpenGL.framework/Versions/A/OpenGL
0x0000000008911000 	/System/Library/PrivateFrameworks/Sharing.framework/Versions/A/Sharing
0x0000000008911000 	/System/Library/Frameworks/CoreGraphics.framework/Versions/A/CoreGraphics
0x0000000008911000 	/System/Library/Frameworks/CoreText.framework/Versions/A/CoreText
0x0000000008911000 	/System/Library/Frameworks/ImageIO.framework/Versions/A/ImageIO
0x0000000008911000 	/usr/lib/libextension.dylib
0x0000000008911000 	/System/Library/PrivateFrameworks/Backup.framework/Versions/A/Backup
0x0000000008911000 	/usr/lib/libarchive.2.dylib
0x0000000008911000 	/System/Library/Frameworks/CFNetwork.framework/Versions/A/CFNetwork
0x0000000008911000 	/System/Library/Frameworks/SystemConfiguration.framework/Versions/A/SystemConfiguration
0x0000000008911000 	/usr/lib/libCRFSuite.dylib
0x0000000008911000 	/usr/lib/libc++.1.dylib
0x0000000008911000 	/usr/lib/libc++abi.dylib
0x0000000008911000 	/usr/lib/system/libcache.dylib
0x0000000008911000 	/usr/lib/system/libcommonCrypto.dylib
0x0000000008911000 	/usr/lib/system/libcompiler_rt.dylib
0x0000000008911000 	/usr/lib/system/libcopyfile.dylib
0x0000000008911000 	/usr/lib/system/libcorecrypto.dylib
0x0000000008911000 	/usr/lib/system/libdispatch.dylib
0x0000000008911000 	/usr/lib/system/libdyld.dylib
0x0000000008911000 	/usr/lib/system/libkeymgr.dylib
0x0000000008911000 	/usr/lib/system/liblaunch.dylib
0x0000000008911000 	/usr/lib/system/libmacho.dylib
0x0000000008911000 	/usr/lib/system/libquarantine.dylib
0x0000000008911000 	/usr/lib/system/libremovefile.dylib
0x0000000008911000 	/usr/lib/system/libsystem_asl.dylib
0x0000000008911000 	/usr/lib/system/libsystem_blocks.dylib
0x0000000008911000 	/usr/lib/system/libsystem_c.dylib
0x0000000008911000 	/usr/lib/system/libsystem_configuration.dylib
0x0000000008911000 	/usr/lib/system/libsystem_coreservices.dylib
0x0000000008911000 	/usr/lib/system/libsystem_coretls.dylib
0x0000000008911000 	/usr/lib/system/libsystem_dnssd.dylib
0x0000000008911000 	/usr/lib/system/libsystem_info.dylib
0x0000000008911000 	/usr/lib/system/libsystem_kernel.dylib
0x0000000008911000 	/usr/lib/system/libsystem_m.dylib
0x0000000008911000 	/usr/lib/system/libsystem_malloc.dylib
0x0000000008911000 	/usr/lib/system/libsystem_network.dylib
0x0000000008911000 	/usr/lib/system/libsystem_networkextension.dylib
0x0000000008911000 	/usr/lib/system/libsystem_notify.dylib
0x0000000008911000 	/usr/lib/system/libsystem_platform.dylib
0x0000000008911000 	/usr/lib/system/libsystem_pthread.dylib
0x0000000008911000 	/usr/lib/system/libsystem_sandbox.dylib
0x0000000008911000 	/usr/lib/system/libsystem_secinit.dylib
0x0000000008911000 	/usr/lib/system/libsystem_stats.dylib
0x0000000008911000 	/usr/lib/system/libsystem_trace.dylib
0x0000000008911000 	/usr/lib/system/libunc.dylib
0x0000000008911000 	/usr/lib/system/libunwind.dylib
0x0000000008911000 	/usr/lib/system/libxpc.dylib
0x0000000008911000 	/usr/lib/libbz2.1.0.dylib
0x0000000008911000 	/usr/lib/liblzma.5.dylib
0x0000000008911000 	/usr/lib/libbsm.0.dylib
0x0000000008911000 	/usr/lib/libsqlite3.dylib
0x0000000008911000 	/usr/lib/system/libkxld.dylib
0x0000000008911000 	/usr/lib/libxar.1.dylib
0x0000000008911000 	/usr/lib/libpam.2.dylib
0x0000000008911000 	/usr/lib/libOpenScriptingUtil.dylib
0x0000000008911000 	/System/Library/Frameworks/CoreServices.framework/Versions/A/Frameworks/FSEvents.framework/Versions/A/FSEvents
0x0000000008911000 	/System/Library/Frameworks/CoreServices.framework/Versions/A/Frameworks/CarbonCore.framework/Versions/A/CarbonCore
0x0000000008911000 	/System/Library/Frameworks/CoreServices.framework/Versions/A/Frameworks/Metadata.framework/Versions/A/Metadata
0x0000000008911000 	/System/Library/Frameworks/CoreServices.framework/Versions/A/Frameworks/OSServices.framework/Versions/A/OSServices
0x0000000008911000 	/System/Library/Frameworks/CoreServices.framework/Versions/A/Frameworks/SearchKit.framework/Versions/A/SearchKit
0x0000000008911000 	/System/Library/Frameworks/CoreServices.framework/Versions/A/Frameworks/AE.framework/Versions/A/AE
0x0000000008911000 	/System/Library/Frameworks/CoreServices.framework/Versions/A/Frameworks/LaunchServices.framework/Versions/A/LaunchServices
0x0000000008911000 	/System/Library/Frameworks/CoreServices.framework/Versions/A/Frameworks/DictionaryServices.framework/Versions/A/DictionaryServices
0x0000000008911000 	/System/Library/Frameworks/NetFS.framework/Versions/A/NetFS
0x0000000008911000 	/System/Library/PrivateFrameworks/NetAuth.framework/Versions/A/NetAuth
0x0000000008911000 	/System/Library/PrivateFrameworks/login.framework/Versions/A/Frameworks/loginsupport.framework/Versions/A/loginsupport
0x0000000008911000 	/System/Library/PrivateFrameworks/TCC.framework/Versions/A/TCC
0x0000000008911000 	/usr/lib/libmecabra.dylib
0x0000000008911000 	/System/Library/Frameworks/ApplicationServices.framework/Versions/A/Frameworks/ATS.framework/Versions/A/ATS
0x0000000008911000 	/System/Library/Frameworks/ApplicationServices.framework/Versions/A/Frameworks/ColorSync.framework/Versions/A/ColorSync
0x0000000008911000 	/System/Library/Frameworks/ApplicationServices.framework/Versions/A/Frameworks/HIServices.framework/Versions/A/HIServices
0x0000000008911000 	/System/Library/Frameworks/ApplicationServices.framework/Versions/A/Frameworks/LangAnalysis.framework/Versions/A/LangAnalysis
0x0000000008911000 	/System/Library/Frameworks/ApplicationServices.framework/Versions/A/Frameworks/PrintCore.framework/Versions/A/PrintCore
0x0000000008911000 	/System/Library/Frameworks/ApplicationServices.framework/Versions/A/Frameworks/QD.framework/Versions/A/QD
0x0000000008911000 	/System/Library/Frameworks/ApplicationServices.framework/Versions/A/Frameworks/SpeechSynthesis.framework/Versions/A/SpeechSynthesis
0x0000000008911000 	/System/Library/Frameworks/Accelerate.framework/Versions/A/Accelerate
0x0000000008911000 	/System/Library/Frameworks/Accelerate.framework/Versions/A/Frameworks/vImage.framework/Versions/A/vImage
0x0000000008911000 	/System/Library/Frameworks/Accelerate.framework/Versions/A/Frameworks/vecLib.framework/Versions/A/vecLib
0x0000000008911000 	/System/Library/Frameworks/Accelerate.framework/Versions/A/Frameworks/vecLib.framework/Versions/A/libvDSP.dylib
0x0000000008911000 	/System/Library/Frameworks/Accelerate.framework/Versions/A/Frameworks/vecLib.framework/Versions/A/libvMisc.dylib
0x0000000008911000 	/System/Library/Frameworks/Accelerate.framework/Versions/A/Frameworks/vecLib.framework/Versions/A/libLAPACK.dylib
0x0000000008911000 	/System/Library/Frameworks/Accelerate.framework/Versions/A/Frameworks/vecLib.framework/Versions/A/libBLAS.dylib
0x0000000008911000 	/System/Library/Frameworks/Accelerate.framework/Versions/A/Frameworks/vecLib.framework/Versions/A/libLinearAlgebra.dylib
0x0000000008911000 	/System/Library/Frameworks/ApplicationServices.framework/Versions/A/Frameworks/ATS.framework/Versions/A/Resources/libFontParser.dylib
0x0000000008911000 	/System/Library/Frameworks/ApplicationServices.framework/Versions/A/Frameworks/ATS.framework/Versions/A/Resources/libFontRegistry.dylib
0x0000000008911000 	/System/Library/PrivateFrameworks/AppleVPA.framework/Versions/A/AppleVPA
0x0000000008911000 	/System/Library/PrivateFrameworks/AppleJPEG.framework/Versions/A/AppleJPEG
0x0000000008911000 	/System/Library/Frameworks/ImageIO.framework/Versions/A/Resources/libJPEG.dylib
0x0000000008911000 	/System/Library/Frameworks/ImageIO.framework/Versions/A/Resources/libTIFF.dylib
0x0000000008911000 	/System/Library/Frameworks/ImageIO.framework/Versions/A/Resources/libPng.dylib
0x0000000008911000 	/System/Library/Frameworks/ImageIO.framework/Versions/A/Resources/libGIF.dylib
0x0000000008911000 	/System/Library/Frameworks/ImageIO.framework/Versions/A/Resources/libJP2.dylib
0x0000000008911000 	/System/Library/Frameworks/ImageIO.framework/Versions/A/Resources/libRadiance.dylib
0x0000000008911000 	/System/Library/Frameworks/CoreVideo.framework/Versions/A/CoreVideo
0x0000000008911000 	/System/Library/Frameworks/OpenGL.framework/Versions/A/Libraries/libGLU.dylib
0x0000000008911000 	/System/Library/Frameworks/OpenGL.framework/Versions/A/Libraries/libGFXShared.dylib
0x0000000008911000 	/System/Library/Frameworks/OpenGL.framework/Versions/A/Libraries/libGL.dylib
0x0000000008911000 	/System/Library/Frameworks/OpenGL.framework/Versions/A/Libraries/libGLImage.dylib
0x0000000008911000 	/System/Library/Frameworks/OpenGL.framework/Versions/A/Libraries/libCVMSPluginSupport.dylib
0x0000000008911000 	/System/Library/Frameworks/OpenGL.framework/Versions/A/Libraries/libCoreVMClient.dylib
0x0000000008911000 	/usr/lib/libcups.2.dylib
0x0000000008911000 	/System/Library/Frameworks/Kerberos.framework/Versions/A/Kerberos
0x0000000008911000 	/System/Library/Frameworks/GSS.framework/Versions/A/GSS
0x0000000008911000 	/usr/lib/libresolv.9.dylib
0x0000000008911000 	/usr/lib/libiconv.2.dylib
0x0000000008911000 	/System/Library/PrivateFrameworks/Heimdal.framework/Versions/A/Heimdal
0x0000000008911000 	/usr/lib/libheimdal-asn1.dylib
0x0000000008911000 	/System/Library/Frameworks/OpenDirectory.framework/Versions/A/OpenDirectory
0x0000000008911000 	/System/Library/PrivateFrameworks/CommonAuth.framework/Versions/A/CommonAuth
0x0000000008911000 	/System/Library/Frameworks/OpenDirectory.framework/Versions/A/Frameworks/CFOpenDirectory.framework/Versions/A/CFOpenDirectory
0x0000000008911000 	/System/Library/Frameworks/SecurityFoundation.framework/Versions/A/SecurityFoundation
0x0000000008911000 	/System/Library/PrivateFrameworks/LanguageModeling.framework/Versions/A/LanguageModeling
0x0000000008911000 	/usr/lib/libcmph.dylib
0x0000000008911000 	/System/Library/Frameworks/ServiceManagement.framework/Versions/A/ServiceManagement
0x0000000008911000 	/usr/lib/libxslt.1.dylib
0x0000000008911000 	/System/Library/Frameworks/Carbon.framework/Versions/A/Frameworks/Ink.framework/Versions/A/Ink
0x0000000008911000 	/System/Library/Frameworks/QuartzCore.framework/Versions/A/Frameworks/CoreImage.framework/Versions/A/CoreImage
0x0000000008911000 	/System/Library/PrivateFrameworks/CrashReporterSupport.framework/Versions/A/CrashReporterSupport
0x0000000008911000 	/System/Library/Frameworks/OpenCL.framework/Versions/A/OpenCL
0x0000000008911000 	/System/Library/PrivateFrameworks/FaceCore.framework/Versions/A/FaceCore
0x0000000008911000 	/System/Library/PrivateFrameworks/Ubiquity.framework/Versions/A/Ubiquity
0x0000000008911000 	/System/Library/PrivateFrameworks/IconServices.framework/Versions/A/IconServices
0x0000000008911000 	/System/Library/PrivateFrameworks/ChunkingLibrary.framework/Versions/A/ChunkingLibrary
0x0000000008911000 	/System/Library/PrivateFrameworks/Apple80211.framework/Versions/A/Apple80211
0x0000000008911000 	/System/Library/Frameworks/CoreWLAN.framework/Versions/A/CoreWLAN
0x0000000008911000 	/System/Library/Frameworks/IOBluetooth.framework/Versions/A/IOBluetooth
0x0000000008911000 	/System/Library/PrivateFrameworks/CoreWiFi.framework/Versions/A/CoreWiFi
0x0000000008911000 	/System/Library/Frameworks/CoreBluetooth.framework/Versions/A/CoreBluetooth
0x0000000008911000 	/System/Library/PrivateFrameworks/DebugSymbols.framework/Versions/A/DebugSymbols
0x0000000008911000 	/System/Library/PrivateFrameworks/CoreSymbolication.framework/Versions/A/CoreSymbolication
0x0000000008911000 	/System/Library/PrivateFrameworks/Symbolication.framework/Versions/A/Symbolication
0x0000000008911000 	/System/Library/PrivateFrameworks/SpeechRecognitionCore.framework/Versions/A/SpeechRecognitionCore
0x000000010ab31000 	/Library/Java/JavaVirtualMachines/jdk1.8.0_60.jdk/Contents/Home/jre/lib/server/libjvm.dylib
0x0000000008911000 	/usr/lib/libstdc++.6.dylib
0x000000010bbbd000 	/Library/Java/JavaVirtualMachines/jdk1.8.0_60.jdk/Contents/Home/jre/lib/libverify.dylib
0x000000010bbcb000 	/Library/Java/JavaVirtualMachines/jdk1.8.0_60.jdk/Contents/Home/jre/lib/libjava.dylib
0x000000010bc21000 	/Library/Java/JavaVirtualMachines/jdk1.8.0_60.jdk/Contents/Home/jre/lib/libzip.dylib
0x00000001224a9000 	/System/Library/Frameworks/JavaVM.framework/Frameworks/JavaRuntimeSupport.framework/JavaRuntimeSupport
0x00000001224bf000 	/System/Library/Frameworks/JavaVM.framework/Versions/A/Frameworks/JavaNativeFoundation.framework/Versions/A/JavaNativeFoundation
0x00000001224d3000 	/System/Library/Frameworks/JavaVM.framework/Versions/A/JavaVM
0x0000000008911000 	/System/Library/Frameworks/Carbon.framework/Versions/A/Carbon
0x00000001224df000 	/System/Library/PrivateFrameworks/JavaLaunching.framework/Versions/A/JavaLaunching
0x0000000008911000 	/System/Library/Frameworks/Carbon.framework/Versions/A/Frameworks/CommonPanels.framework/Versions/A/CommonPanels
0x0000000008911000 	/System/Library/Frameworks/Carbon.framework/Versions/A/Frameworks/Help.framework/Versions/A/Help
0x0000000008911000 	/System/Library/Frameworks/Carbon.framework/Versions/A/Frameworks/ImageCapture.framework/Versions/A/ImageCapture
0x0000000008911000 	/System/Library/Frameworks/Carbon.framework/Versions/A/Frameworks/OpenScripting.framework/Versions/A/OpenScripting
0x0000000008911000 	/System/Library/Frameworks/Carbon.framework/Versions/A/Frameworks/Print.framework/Versions/A/Print
0x0000000008911000 	/System/Library/Frameworks/Carbon.framework/Versions/A/Frameworks/SecurityHI.framework/Versions/A/SecurityHI
0x000000012456d000 	/Library/Java/JavaVirtualMachines/jdk1.8.0_60.jdk/Contents/Home/jre/lib/libprism_es2.dylib
0x0000000008911000 	/System/Library/Frameworks/OpenGL.framework/Versions/A/Resources/GLEngine.bundle/GLEngine
0x0000000008911000 	/System/Library/Frameworks/OpenGL.framework/Versions/A/Libraries/libGLProgrammability.dylib
0x00000001245ee000 	/System/Library/Extensions/AppleIntelHD4000GraphicsGLDriver.bundle/Contents/MacOS/AppleIntelHD4000GraphicsGLDriver
0x0000000008911000 	/System/Library/PrivateFrameworks/IOAccelerator.framework/Versions/A/IOAccelerator
0x0000000008911000 	/System/Library/PrivateFrameworks/GPUSupport.framework/Versions/A/Libraries/libGPUSupportMercury.dylib
0x0000000008911000 	/System/Library/Frameworks/OpenGL.framework/Versions/A/Resources/GLRendererFloat.bundle/GLRendererFloat
0x0000000008911000 	/System/Library/Frameworks/OpenCL.framework/Versions/A/Libraries/libcldcpuengine.dylib
0x0000000008911000 	/System/Library/PrivateFrameworks/DiskImages.framework/Versions/A/DiskImages
0x0000000008911000 	/System/Library/Frameworks/DiscRecording.framework/Versions/A/DiscRecording
0x0000000008911000 	/usr/lib/libcsfde.dylib
0x0000000008911000 	/usr/lib/libcurl.4.dylib
0x0000000008911000 	/System/Library/PrivateFrameworks/MediaKit.framework/Versions/A/MediaKit
0x0000000008911000 	/System/Library/PrivateFrameworks/ProtectedCloudStorage.framework/Versions/A/ProtectedCloudStorage
0x0000000008911000 	/usr/lib/libCoreStorage.dylib
0x0000000008911000 	/System/Library/PrivateFrameworks/EFILogin.framework/Versions/A/EFILogin
0x0000000008911000 	/usr/lib/libutil.dylib
0x0000000008911000 	/System/Library/PrivateFrameworks/FindMyDevice.framework/Versions/A/FindMyDevice
0x0000000008911000 	/System/Library/Frameworks/LDAP.framework/Versions/A/LDAP
0x0000000008911000 	/usr/lib/libsasl2.2.dylib
0x0000000008911000 	/System/Library/PrivateFrameworks/CoreDaemon.framework/Versions/B/CoreDaemon
0x0000000008911000 	/usr/lib/libcrypto.0.9.8.dylib
0x0000000008911000 	/System/Library/PrivateFrameworks/AppleSRP.framework/Versions/A/AppleSRP
0x0000000008911000 	/System/Library/PrivateFrameworks/TrustEvaluationAgent.framework/Versions/A/TrustEvaluationAgent
0x000000012507c000 	/Library/Java/JavaVirtualMachines/jdk1.8.0_60.jdk/Contents/Home/jre/lib/libglass.dylib
0x0000000008911000 	/System/Library/PrivateFrameworks/CoreServicesInternal.framework/Versions/A/CoreServicesInternal
0x0000000008911000 	/System/Library/PrivateFrameworks/CloudDocs.framework/Versions/A/CloudDocs
0x0000000008911000 	/System/Library/PrivateFrameworks/CoreDuet.framework/Versions/A/CoreDuet
0x0000000008911000 	/System/Library/Frameworks/CloudKit.framework/Versions/A/CloudKit
0x0000000008911000 	/System/Library/PrivateFrameworks/ProtocolBuffer.framework/Versions/A/ProtocolBuffer
0x0000000008911000 	/System/Library/PrivateFrameworks/CoreDuetDaemonProtocol.framework/Versions/A/CoreDuetDaemonProtocol
0x0000000008911000 	/System/Library/PrivateFrameworks/CoreDuetDebugLogging.framework/Versions/A/CoreDuetDebugLogging
0x0000000008911000 	/System/Library/PrivateFrameworks/MMCS.framework/Versions/A/MMCS
0x0000000008911000 	/System/Library/Frameworks/CoreLocation.framework/Versions/A/CoreLocation
0x0000000008911000 	/System/Library/PrivateFrameworks/GeoServices.framework/Versions/A/GeoServices
0x0000000008911000 	/System/Library/Frameworks/CoreGraphics.framework/Versions/A/Resources/libCGCMS.A.dylib
0x0000000008911000 	/System/Library/CoreServices/RawCamera.bundle/Contents/MacOS/RawCamera
0x0000000008911000 	/System/Library/Frameworks/CoreGraphics.framework/Versions/A/Resources/libRIP.A.dylib
0x0000000008911000 	/System/Library/PrivateFrameworks/FamilyControls.framework/Versions/A/FamilyControls
0x0000000008911000 	/System/Library/PrivateFrameworks/CommerceKit.framework/Versions/A/Frameworks/CommerceCore.framework/Versions/A/CommerceCore
0x0000000008911000 	/System/Library/PrivateFrameworks/SystemAdministration.framework/Versions/A/SystemAdministration
0x0000000008911000 	/System/Library/PrivateFrameworks/AppContainer.framework/Versions/A/AppContainer
0x0000000008911000 	/System/Library/PrivateFrameworks/SecCodeWrapper.framework/Versions/A/SecCodeWrapper
0x0000000008911000 	/System/Library/Frameworks/DirectoryService.framework/Versions/A/DirectoryService
0x0000000008911000 	/System/Library/PrivateFrameworks/LoginUIKit.framework/Versions/A/Frameworks/LoginUICore.framework/Versions/A/LoginUICore
0x0000000008911000 	/usr/lib/libodfde.dylib
0x00000001297d3000 	/Library/Java/JavaVirtualMachines/jdk1.8.0_60.jdk/Contents/Home/jre/lib/libjfxwebkit.dylib
0x000000012c023000 	/Library/Java/JavaVirtualMachines/jdk1.8.0_60.jdk/Contents/Home/jre/lib/libnio.dylib
0x000000012c033000 	/Library/Java/JavaVirtualMachines/jdk1.8.0_60.jdk/Contents/Home/jre/lib/./libnet.dylib
0x000000012c3b4000 	/Library/Java/JavaVirtualMachines/jdk1.8.0_60.jdk/Contents/Home/jre/lib/libjavafx_font.dylib
0x0000000008911000 	/System/Library/Frameworks/CoreGraphics.framework/Versions/A/Resources/libCGXType.A.dylib
0x000000012c9e4000 	cl_kernels
0x0000000131607000 	/System/Library/Frameworks/OpenCL.framework/Versions/A/Libraries/ImageFormats/unorm8_bgra.dylib
0x000000012d477000 	cl_kernels
0x0000000126dbc000 	/Library/Java/JavaVirtualMachines/jdk1.8.0_60.jdk/Contents/Home/jre/lib/libprism_common.dylib
0x000000012eaaf000 	/Library/Java/JavaVirtualMachines/jdk1.8.0_60.jdk/Contents/Home/jre/lib/libsunec.dylib

VM Arguments:
jvm_args: -Dfile.encoding=UTF-8 
java_command: application.MapApp
java_class_path (initial): /Users/miaminneskemp/Documents/GitHubLocal/Course3/Course3Solutions/bin:/Users/miaminneskemp/Documents/GitHubLocal/Course3/Course3Solutions/libs/javax.json-1.0.4.jar
Launcher Type: SUN_STANDARD

Environment Variables:
PATH=/usr/bin:/bin:/usr/sbin:/sbin
SHELL=/bin/bash

Signal Handlers:
SIGSEGV: [libjvm.dylib+0x5a6d31], sa_mask[0]=11111111011111110111111111111111, sa_flags=SA_ONSTACK|SA_RESTART|SA_SIGINFO
SIGBUS: [libjvm.dylib+0x5a6d31], sa_mask[0]=11111111011111110111111111111111, sa_flags=SA_RESTART|SA_SIGINFO
SIGFPE: [libjvm.dylib+0x480a4c], sa_mask[0]=11111111011111110111111111111111, sa_flags=SA_RESTART|SA_SIGINFO
SIGPIPE: [libjvm.dylib+0x480a4c], sa_mask[0]=11111111011111110111111111111111, sa_flags=SA_RESTART|SA_SIGINFO
SIGXFSZ: [libjvm.dylib+0x480a4c], sa_mask[0]=11111111011111110111111111111111, sa_flags=SA_RESTART|SA_SIGINFO
SIGILL: [libjvm.dylib+0x480a4c], sa_mask[0]=11111111011111110111111111111111, sa_flags=SA_RESTART|SA_SIGINFO
SIGUSR1: SIG_DFL, sa_mask[0]=00000000000000000000000000000000, sa_flags=none
SIGUSR2: [libjvm.dylib+0x48056a], sa_mask[0]=00100000000000000000000000000000, sa_flags=SA_RESTART|SA_SIGINFO
SIGHUP: [libjvm.dylib+0x47eb41], sa_mask[0]=11111111011111110111111111111111, sa_flags=SA_RESTART|SA_SIGINFO
SIGINT: [libjvm.dylib+0x47eb41], sa_mask[0]=11111111011111110111111111111111, sa_flags=SA_RESTART|SA_SIGINFO
SIGTERM: [libjvm.dylib+0x47eb41], sa_mask[0]=11111111011111110111111111111111, sa_flags=SA_RESTART|SA_SIGINFO
SIGQUIT: [libjvm.dylib+0x47eb41], sa_mask[0]=11111111011111110111111111111111, sa_flags=SA_RESTART|SA_SIGINFO


---------------  S Y S T E M  ---------------

OS:Bsduname:Darwin 14.5.0 Darwin Kernel Version 14.5.0: Tue Sep  1 21:23:09 PDT 2015; root:xnu-2782.50.1~1/RELEASE_X86_64 x86_64
rlimit: STACK 8192k, CORE 0k, NPROC 709, NOFILE 10240, AS infinity
load average:2.97 2.93 2.65

CPU:total 4 (2 cores per cpu, 2 threads per core) family 6 model 58 stepping 9, cmov, cx8, fxsr, mmx, sse, sse2, sse3, ssse3, sse4.1, sse4.2, popcnt, avx, aes, clmul, erms, ht, tsc, tscinvbit, tscinv

Memory: 4k page, physical 8388608k(495236k free)

/proc/meminfo:


vm_info: Java HotSpot(TM) 64-Bit Server VM (25.60-b23) for bsd-amd64 JRE (1.8.0_60-b27), built on Aug  4 2015 10:47:24 by "java_re" with gcc 4.2.1 (Based on Apple Inc. build 5658) (LLVM build 2336.11.00)

time: Mon Dec 14 13:57:23 2015
elapsed time: 25 seconds (0d 0h 0m 25s)

