#
# A fatal error has been detected by the Java Runtime Environment:
#
#  SIGSEGV (0xb) at pc=0x0000000128a908ae, pid=3118, tid=74771
#
# JRE version: Java(TM) SE Runtime Environment (8.0_60-b27) (build 1.8.0_60-b27)
# Java VM: Java HotSpot(TM) 64-Bit Server VM (25.60-b23 mixed mode bsd-amd64 compressed oops)
# Problematic frame:
# C  [libjfxwebkit.dylib+0xe2e8ae]  WTFCrash+0x3e
#
# Failed to write core dump. Core dumps have been disabled. To enable core dumping, try "ulimit -c unlimited" before starting Java again
#
# If you would like to submit a bug report, please visit:
#   http://bugreport.java.com/bugreport/crash.jsp
# The crash happened outside the Java Virtual Machine in native code.
# See problematic frame for where to report the bug.
#

---------------  T H R E A D  ---------------

Current thread (0x00007fc0e263b800):  JavaThread "Thread-177" [_thread_in_native, id=74771, stack(0x000000012c111000,0x000000012c211000)]

siginfo: si_signo: 11 (SIGSEGV), si_code: 1 (SEGV_MAPERR), si_addr: 0x00000000bbadbeef

Registers:
RAX=0x00000000bbadbeef, RBX=0x000000012c210150, RCX=0x0000000000000000, RDX=0x00007fff7a00d1f8
RSP=0x000000012c210010, RBP=0x000000012c210120, RSI=0x0000080000000800, RDI=0x0000000000000000
R8 =0x000000012c20fe00, R9 =0x000000012c211000, R10=0x0000000000000000, R11=0x0000000000000246
R12=0x000000013098feb0, R13=0x0000000000000001, R14=0x00007fc0e311f600, R15=0x000000012c3af9b0
RIP=0x0000000128a908ae, EFLAGS=0x0000000000010206, ERR=0x0000000000000006
  TRAPNO=0x000000000000000e

Top of Stack: (sp=0x000000012c210010)
0x000000012c210010:   0000000128a9089a 0000000128d8708e
0x000000012c210020:   0000000128d8919c 0000000128c3e090
0x000000012c210030:   0000000128d6dfde 0000000128ddc560
0x000000012c210040:   0000000128de0fab 00000001286cd286
0x000000012c210050:   000000010a99e954 000000010a9909d0
0x000000012c210060:   01007fc0e263b800 000000012c2103b8
0x000000012c210070:   00000007c00c1150 000000012c2101a0
0x000000012c210080:   00000007c00bfce8 00007fc0e263b800
0x000000012c210090:   000000011f011000 00007fc0e263b800
0x000000012c2100a0:   000000011f011000 000000000000000f
0x000000012c2100b0:   000000012c2101e0 0000000109dc89ae
0x000000012c2100c0:   00007fc0e263b800 000000012a4a2480
0x000000012c2100d0:   01007fc0e263b800 000000012c210428
0x000000012c2100e0:   00000007c00bfce8 000000011f010d80
0x000000012c2100f0:   00007fc0e263b800 000000011f010d80
0x000000012c210100:   00000001354d0940 000000012c2101f0
0x000000012c210110:   00007fc0e311f600 000000012c3af9b0
0x000000012c210120:   000000012c210140 0000000128d8708e
0x000000012c210130:   000000012c3a0000 000000012c3af9b0
0x000000012c210140:   000000012c210170 0000000128d8919c
0x000000012c210150:   00007fc0e311f600 00007fc0e311f600
0x000000012c210160:   00007fc0e311f600 0000000000000001
0x000000012c210170:   000000012c210240 0000000128c3e090
0x000000012c210180:   00007fc0e263b800 00000007c00c1150
0x000000012c210190:   000000012c2101e0 0000000127a6fd70
0x000000012c2101a0:   000000012c2102b0 000000013098feb0
0x000000012c2101b0:   000000012c210228 000000012c210234
0x000000012c2101c0:   000000012c3af9b0 000000012c210234
0x000000012c2101d0:   000000012bc2ffe0 00007fc0e16488d0
0x000000012c2101e0:   000000012c210260 0000000127c94e43
0x000000012c2101f0:   00007fc0e311f600 000000012c3af970
0x000000012c210200:   000000013098fe00 000000012c3af970 

Instructions: (pc=0x0000000128a908ae)
0x0000000128a9088e:   ff ff be 21 00 00 00 e8 1e fd 49 00 48 8d bd 00
0x0000000128a9089e:   ff ff ff 8d 70 fe e8 d7 fe ff ff b8 ef be ad bb
0x0000000128a908ae:   c7 00 00 00 00 00 0f 0b 66 2e 0f 1f 84 00 00 00
0x0000000128a908be:   00 00 55 48 89 e5 48 81 ec 10 01 00 00 48 8b 05 

Register to memory mapping:

RAX=0x00000000bbadbeef is an unknown value
RBX=0x000000012c210150 is pointing into the stack for thread: 0x00007fc0e263b800
RCX=0x0000000000000000 is an unknown value
RDX=0x00007fff7a00d1f8: __sFX+0x1c8 in /usr/lib/system/libsystem_c.dylib at 0x00007fff93728000
RSP=0x000000012c210010 is pointing into the stack for thread: 0x00007fc0e263b800
RBP=0x000000012c210120 is pointing into the stack for thread: 0x00007fc0e263b800
RSI=0x0000080000000800 is an unknown value
RDI=0x0000000000000000 is an unknown value
R8 =0x000000012c20fe00 is pointing into the stack for thread: 0x00007fc0e263b800
R9 =0x000000012c211000 is pointing into the stack for thread: 0x00007fc0e263b800
R10=0x0000000000000000 is an unknown value
R11=0x0000000000000246 is an unknown value
R12=0x000000013098feb0 is an unknown value
R13=0x0000000000000001 is an unknown value
R14=0x00007fc0e311f600 is an unknown value
R15=0x000000012c3af9b0 is an unknown value


Stack: [0x000000012c111000,0x000000012c211000],  sp=0x000000012c210010,  free space=1020k
Native frames: (J=compiled Java code, j=interpreted, Vv=VM code, C=native code)
C  [libjfxwebkit.dylib+0xe2e8ae]  WTFCrash+0x3e
C  [libjfxwebkit.dylib+0x112508e]  _ZN3JSC18ErrorHandlingScopeC1ERNS_2VME+0x3e
C  [libjfxwebkit.dylib+0x112719c]  _ZN3JSC23throwStackOverflowErrorEPNS_9ExecStateE+0x2c
C  [libjfxwebkit.dylib+0xfdc090]  _ZN3JSC11Interpreter11executeCallEPNS_9ExecStateEPNS_8JSObjectENS_8CallTypeERKNS_8CallDataENS_7JSValueERKNS_7ArgListE+0xb0
C  [libjfxwebkit.dylib+0x110bfde]  _ZN3JSC4callEPNS_9ExecStateENS_7JSValueENS_8CallTypeERKNS_8CallDataES2_RKNS_7ArgListE+0x3e
C  [libjfxwebkit.dylib+0x117a560]  _ZN3JSC8JSObject12defaultValueEPKS0_PNS_9ExecStateENS_22PreferredPrimitiveTypeE+0x190
C  [libjfxwebkit.dylib+0x117efab]  _ZNK3JSC8JSObject8toStringEPNS_9ExecStateE+0x4b
C  [libjfxwebkit.dylib+0xa6b286]  Java_com_sun_webkit_dom_JSObject_toStringImpl+0x76
j  com.sun.webkit.dom.JSObject.toStringImpl(JI)Ljava/lang/String;+0
j  com.sun.webkit.dom.JSObject.toString()Ljava/lang/String;+8
j  java.lang.String.valueOf(Ljava/lang/Object;)Ljava/lang/String;+10
j  java.io.PrintStream.println(Ljava/lang/Object;)V+1
j  gmapsfx.javascript.JavascriptObject.invokeJavascript(Ljava/lang/String;)Ljava/lang/Object;+7
j  gmapsfx.javascript.JavascriptObject.invokeJavascriptReturnValue(Ljava/lang/String;Ljava/lang/Class;)Ljava/lang/Object;+2
j  gmapsfx.javascript.object.GoogleMap.getBounds()Lgmapsfx/javascript/object/LatLongBounds;+5
j  application.services.GeneralService.getBoundsArray()[F+4
j  application.services.GeneralService.writeDataToFile(Ljava/lang/String;)Z+1
j  application.services.GeneralService$1.call()Ljava/lang/String;+16
j  application.services.GeneralService$1.call()Ljava/lang/Object;+1
j  javafx.concurrent.Task$TaskCallable.call()Ljava/lang/Object;+26
J 4130 C1 java.util.concurrent.FutureTask.run()V (126 bytes) @ 0x000000010b4db794 [0x000000010b4db540+0x254]
j  java.lang.Thread.run()V+11
v  ~StubRoutines::call_stub
V  [libjvm.dylib+0x2eab0e]
V  [libjvm.dylib+0x2eb29c]
V  [libjvm.dylib+0x2eb448]
V  [libjvm.dylib+0x345965]
V  [libjvm.dylib+0x5612d3]
V  [libjvm.dylib+0x5629ce]
V  [libjvm.dylib+0x48343a]
C  [libsystem_pthread.dylib+0x405a]  _pthread_body+0x83
C  [libsystem_pthread.dylib+0x3fd7]  _pthread_body+0x0
C  [libsystem_pthread.dylib+0x13ed]  thread_start+0xd
C  0x0000000000000000

Java frames: (J=compiled Java code, j=interpreted, Vv=VM code)
j  com.sun.webkit.dom.JSObject.toStringImpl(JI)Ljava/lang/String;+0
j  com.sun.webkit.dom.JSObject.toString()Ljava/lang/String;+8
j  java.lang.String.valueOf(Ljava/lang/Object;)Ljava/lang/String;+10
j  java.io.PrintStream.println(Ljava/lang/Object;)V+1
j  gmapsfx.javascript.JavascriptObject.invokeJavascript(Ljava/lang/String;)Ljava/lang/Object;+7
j  gmapsfx.javascript.JavascriptObject.invokeJavascriptReturnValue(Ljava/lang/String;Ljava/lang/Class;)Ljava/lang/Object;+2
j  gmapsfx.javascript.object.GoogleMap.getBounds()Lgmapsfx/javascript/object/LatLongBounds;+5
j  application.services.GeneralService.getBoundsArray()[F+4
j  application.services.GeneralService.writeDataToFile(Ljava/lang/String;)Z+1
j  application.services.GeneralService$1.call()Ljava/lang/String;+16
j  application.services.GeneralService$1.call()Ljava/lang/Object;+1
j  javafx.concurrent.Task$TaskCallable.call()Ljava/lang/Object;+26
J 4130 C1 java.util.concurrent.FutureTask.run()V (126 bytes) @ 0x000000010b4db794 [0x000000010b4db540+0x254]
j  java.lang.Thread.run()V+11
v  ~StubRoutines::call_stub

---------------  P R O C E S S  ---------------

Java Threads: ( => current thread )
=>0x00007fc0e263b800 JavaThread "Thread-177" [_thread_in_native, id=74771, stack(0x000000012c111000,0x000000012c211000)]
  0x00007fc0e3718800 JavaThread "URL-Loader-20" daemon [_thread_blocked, id=70915, stack(0x00000001359a4000,0x0000000135aa4000)]
  0x00007fc0e1adf000 JavaThread "URL-Loader-19" daemon [_thread_blocked, id=70403, stack(0x00000001358a1000,0x00000001359a1000)]
  0x00007fc0e3715800 JavaThread "URL-Loader-18" daemon [_thread_blocked, id=69643, stack(0x0000000135731000,0x0000000135831000)]
  0x00007fc0e3631000 JavaThread "URL-Loader-17" daemon [_thread_blocked, id=69895, stack(0x0000000135611000,0x0000000135711000)]
  0x00007fc0e370b800 JavaThread "URL-Loader-16" daemon [_thread_blocked, id=68867, stack(0x0000000135399000,0x0000000135499000)]
  0x00007fc0e1eb4800 JavaThread "URL-Loader-15" daemon [_thread_blocked, id=68355, stack(0x0000000135296000,0x0000000135396000)]
  0x00007fc0e22f7800 JavaThread "URL-Loader-14" daemon [_thread_blocked, id=67843, stack(0x0000000135193000,0x0000000135293000)]
  0x00007fc0e23ab000 JavaThread "URL-Loader-13" daemon [_thread_blocked, id=67331, stack(0x0000000135090000,0x0000000135190000)]
  0x00007fc0e368a800 JavaThread "URL-Loader-12" daemon [_thread_blocked, id=66819, stack(0x0000000134f8d000,0x000000013508d000)]
  0x00007fc0e3639000 JavaThread "URL-Loader-11" daemon [_thread_blocked, id=66307, stack(0x0000000134e8a000,0x0000000134f8a000)]
  0x00007fc0e36c0000 JavaThread "URL-Loader-10" daemon [_thread_blocked, id=64527, stack(0x0000000134d87000,0x0000000134e87000)]
  0x00007fc0e1e43000 JavaThread "URL-Loader-9" daemon [_thread_blocked, id=65795, stack(0x0000000134c84000,0x0000000134d84000)]
  0x00007fc0e3607800 JavaThread "URL-Loader-8" daemon [_thread_blocked, id=65283, stack(0x0000000134b81000,0x0000000134c81000)]
  0x00007fc0e1e42000 JavaThread "URL-Loader-7" daemon [_thread_blocked, id=64951, stack(0x0000000134a7e000,0x0000000134b7e000)]
  0x00007fc0e35df800 JavaThread "URL-Loader-6" daemon [_thread_blocked, id=63747, stack(0x0000000134878000,0x0000000134978000)]
  0x00007fc0e35de800 JavaThread "URL-Loader-5" daemon [_thread_blocked, id=63235, stack(0x0000000134775000,0x0000000134875000)]
  0x00007fc0e33b4000 JavaThread "Watchdog-Timer-1" daemon [_thread_blocked, id=62723, stack(0x0000000134672000,0x0000000134772000)]
  0x00007fc0e2fe3000 JavaThread "Keep-Alive-Timer" daemon [_thread_blocked, id=62679, stack(0x000000013456f000,0x000000013466f000)]
  0x00007fc0e23cb800 JavaThread "URL-Loader-4" daemon [_thread_blocked, id=58651, stack(0x0000000130842000,0x0000000130942000)]
  0x00007fc0e238f000 JavaThread "URL-Loader-3" daemon [_thread_blocked, id=59443, stack(0x0000000130707000,0x0000000130807000)]
  0x00007fc0e238e000 JavaThread "URL-Loader-2" daemon [_thread_blocked, id=49931, stack(0x0000000130604000,0x0000000130704000)]
  0x00007fc0e3190000 JavaThread "Prism Font Disposer" daemon [_thread_blocked, id=51231, stack(0x000000012b697000,0x000000012b797000)]
  0x00007fc0e19d7800 JavaThread "URL-Loader-1" daemon [_thread_blocked, id=49671, stack(0x000000012a523000,0x000000012a623000)]
  0x00007fc0e3104800 JavaThread "Disposer" daemon [_thread_blocked, id=49155, stack(0x000000012a1b1000,0x000000012a2b1000)]
  0x00007fc0e29aa800 JavaThread "JavaFX-Launcher" [_thread_blocked, id=48387, stack(0x0000000127b60000,0x0000000127c60000)]
  0x00007fc0e19c8000 JavaThread "Thread-3" daemon [_thread_in_native, id=35843, stack(0x00000001268d2000,0x0000000126952000)]
  0x00007fc0e30c9800 JavaThread "JavaFX Application Thread" [_thread_in_vm, id=1811, stack(0x00007fff564bc000,0x00007fff56cbc000)]
  0x00007fc0e30bc000 JavaThread "Thread-1" daemon [_thread_blocked, id=24083, stack(0x00000001235ee000,0x00000001236ee000)]
  0x00007fc0e18c9800 JavaThread "QuantumRenderer-0" daemon [_thread_blocked, id=19203, stack(0x0000000122985000,0x0000000122a85000)]
  0x00007fc0e1867000 JavaThread "Service Thread" daemon [_thread_blocked, id=18179, stack(0x00000001226e9000,0x00000001227e9000)]
  0x00007fc0e301c000 JavaThread "C1 CompilerThread2" daemon [_thread_blocked, id=17667, stack(0x00000001225e6000,0x00000001226e6000)]
  0x00007fc0e301b000 JavaThread "C2 CompilerThread1" daemon [_thread_in_native, id=17155, stack(0x00000001224e3000,0x00000001225e3000)]
  0x00007fc0e3019800 JavaThread "C2 CompilerThread0" daemon [_thread_in_native, id=16643, stack(0x00000001223e0000,0x00000001224e0000)]
  0x00007fc0e1868000 JavaThread "Signal Dispatcher" daemon [_thread_blocked, id=13331, stack(0x00000001222dd000,0x00000001223dd000)]
  0x00007fc0e2004000 JavaThread "Finalizer" daemon [_thread_blocked, id=11523, stack(0x00000001208b6000,0x00000001209b6000)]
  0x00007fc0e180a000 JavaThread "Reference Handler" daemon [_thread_blocked, id=11011, stack(0x00000001207b3000,0x00000001208b3000)]
  0x00007fc0e2802800 JavaThread "main" [_thread_blocked, id=4867, stack(0x000000010905b000,0x000000010915b000)]

Other Threads:
  0x00007fc0e280b800 VMThread [stack: 0x00000001206b0000,0x00000001207b0000] [id=10499]
  0x00007fc0e303e800 WatcherThread [stack: 0x00000001227ec000,0x00000001228ec000] [id=18691]

VM state:not at safepoint (normal execution)

VM Mutex/Monitor currently owned by a thread: None

Heap:
 PSYoungGen      total 54784K, used 46213K [0x0000000795580000, 0x000000079b880000, 0x00000007c0000000)
  eden space 49664K, 82% used [0x0000000795580000,0x0000000797da50e8,0x0000000798600000)
  from space 5120K, 99% used [0x0000000798600000,0x0000000798afc550,0x0000000798b00000)
  to   space 15360K, 0% used [0x000000079a980000,0x000000079a980000,0x000000079b880000)
 ParOldGen       total 68096K, used 21661K [0x0000000740000000, 0x0000000744280000, 0x0000000795580000)
  object space 68096K, 31% used [0x0000000740000000,0x0000000741527638,0x0000000744280000)
 Metaspace       used 24864K, capacity 26314K, committed 26496K, reserved 1073152K
  class space    used 3439K, capacity 3701K, committed 3712K, reserved 1048576K

Card table byte_map: [0x0000000119d49000,0x000000011a14a000] byte_map_base: 0x0000000116349000

Marking Bits: (ParMarkBitMap*) 0x000000010a2dee20
 Begin Bits: [0x000000011a801000, 0x000000011c801000)
 End Bits:   [0x000000011c801000, 0x000000011e801000)

Polling page: 0x00000001091a0000

CodeCache: size=245760Kb used=12545Kb max_used=12545Kb free=233214Kb
 bounds [0x000000010a989000, 0x000000010b5d9000, 0x0000000119989000]
 total_blobs=4825 nmethods=4031 adapters=704
 compilation: enabled

Compilation events (10 events):
Event: 21.698 Thread 0x00007fc0e301c000 4430       3       java.lang.invoke.LambdaForm$MH/1418481495::invoke_MT (34 bytes)
Event: 21.700 Thread 0x00007fc0e301c000 nmethod 4430 0x000000010b5ce290 code [0x000000010b5ce480, 0x000000010b5cf198]
Event: 21.700 Thread 0x00007fc0e301c000 4431       3       java.lang.invoke.LambdaMetafactory::metafactory (35 bytes)
Event: 21.705 Thread 0x00007fc0e301c000 nmethod 4431 0x000000010b5cf690 code [0x000000010b5cf820, 0x000000010b5cfb28]
Event: 21.705 Thread 0x00007fc0e301c000 4441       3       javafx.scene.CssStyleHelper::updateParentTriggerStates (106 bytes)
Event: 21.706 Thread 0x00007fc0e301c000 nmethod 4441 0x000000010b5cfc50 code [0x000000010b5cfea0, 0x000000010b5d0ce8]
Event: 21.706 Thread 0x00007fc0e301c000 4440       1       javafx.scene.paint.LinearGradient::isOpaque (5 bytes)
Event: 21.706 Thread 0x00007fc0e301c000 nmethod 4440 0x000000010b5d1490 code [0x000000010b5d15e0, 0x000000010b5d16f0]
Event: 21.706 Thread 0x00007fc0e301c000 4434       1       javafx.scene.Parent::access$600 (5 bytes)
Event: 21.706 Thread 0x00007fc0e301c000 nmethod 4434 0x000000010b5d1750 code [0x000000010b5d18a0, 0x000000010b5d1990]

GC Heap History (10 events):
Event: 2.606 GC heap before
{Heap before GC invocations=2 (full 0):
 PSYoungGen      total 38400K, used 23180K [0x0000000795580000, 0x0000000798000000, 0x00000007c0000000)
  eden space 33280K, 56% used [0x0000000795580000,0x00000007967c7230,0x0000000797600000)
  from space 5120K, 87% used [0x0000000797600000,0x0000000797a5c030,0x0000000797b00000)
  to   space 5120K, 0% used [0x0000000797b00000,0x0000000797b00000,0x0000000798000000)
 ParOldGen       total 87552K, used 16K [0x0000000740000000, 0x0000000745580000, 0x0000000795580000)
  object space 87552K, 0% used [0x0000000740000000,0x0000000740004000,0x0000000745580000)
 Metaspace       used 19936K, capacity 21062K, committed 21248K, reserved 1067008K
  class space    used 2956K, capacity 3214K, committed 3328K, reserved 1048576K
Event: 2.630 GC heap after
Heap after GC invocations=2 (full 0):
 PSYoungGen      total 38400K, used 5088K [0x0000000795580000, 0x000000079a080000, 0x00000007c0000000)
  eden space 33280K, 0% used [0x0000000795580000,0x0000000795580000,0x0000000797600000)
  from space 5120K, 99% used [0x0000000797b00000,0x0000000797ff8030,0x0000000798000000)
  to   space 5120K, 0% used [0x0000000797600000,0x0000000797600000,0x0000000797b00000)
 ParOldGen       total 87552K, used 7846K [0x0000000740000000, 0x0000000745580000, 0x0000000795580000)
  object space 87552K, 8% used [0x0000000740000000,0x00000007407a9a08,0x0000000745580000)
 Metaspace       used 19936K, capacity 21062K, committed 21248K, reserved 1067008K
  class space    used 2956K, capacity 3214K, committed 3328K, reserved 1048576K
}
Event: 2.630 GC heap before
{Heap before GC invocations=3 (full 1):
 PSYoungGen      total 38400K, used 5088K [0x0000000795580000, 0x000000079a080000, 0x00000007c0000000)
  eden space 33280K, 0% used [0x0000000795580000,0x0000000795580000,0x0000000797600000)
  from space 5120K, 99% used [0x0000000797b00000,0x0000000797ff8030,0x0000000798000000)
  to   space 5120K, 0% used [0x0000000797600000,0x0000000797600000,0x0000000797b00000)
 ParOldGen       total 87552K, used 7846K [0x0000000740000000, 0x0000000745580000, 0x0000000795580000)
  object space 87552K, 8% used [0x0000000740000000,0x00000007407a9a08,0x0000000745580000)
 Metaspace       used 19936K, capacity 21062K, committed 21248K, reserved 1067008K
  class space    used 2956K, capacity 3214K, committed 3328K, reserved 1048576K
Event: 2.665 GC heap after
Heap after GC invocations=3 (full 1):
 PSYoungGen      total 38400K, used 0K [0x0000000795580000, 0x000000079a080000, 0x00000007c0000000)
  eden space 33280K, 0% used [0x0000000795580000,0x0000000795580000,0x0000000797600000)
  from space 5120K, 0% used [0x0000000797b00000,0x0000000797b00000,0x0000000798000000)
  to   space 5120K, 0% used [0x0000000797600000,0x0000000797600000,0x0000000797b00000)
 ParOldGen       total 68096K, used 10057K [0x0000000740000000, 0x0000000744280000, 0x0000000795580000)
  object space 68096K, 14% used [0x0000000740000000,0x00000007409d24b8,0x0000000744280000)
 Metaspace       used 19936K, capacity 21062K, committed 21248K, reserved 1067008K
  class space    used 2956K, capacity 3214K, committed 3328K, reserved 1048576K
}
Event: 5.853 GC heap before
{Heap before GC invocations=4 (full 1):
 PSYoungGen      total 38400K, used 33280K [0x0000000795580000, 0x000000079a080000, 0x00000007c0000000)
  eden space 33280K, 100% used [0x0000000795580000,0x0000000797600000,0x0000000797600000)
  from space 5120K, 0% used [0x0000000797b00000,0x0000000797b00000,0x0000000798000000)
  to   space 5120K, 0% used [0x0000000797600000,0x0000000797600000,0x0000000797b00000)
 ParOldGen       total 68096K, used 10068K [0x0000000740000000, 0x0000000744280000, 0x0000000795580000)
  object space 68096K, 14% used [0x0000000740000000,0x00000007409d5258,0x0000000744280000)
 Metaspace       used 22923K, capacity 24254K, committed 24576K, reserved 1071104K
  class space    used 3277K, capacity 3533K, committed 3584K, reserved 1048576K
Event: 5.864 GC heap after
Heap after GC invocations=4 (full 1):
 PSYoungGen      total 38400K, used 5096K [0x0000000795580000, 0x0000000799000000, 0x00000007c0000000)
  eden space 33280K, 0% used [0x0000000795580000,0x0000000795580000,0x0000000797600000)
  from space 5120K, 99% used [0x0000000797600000,0x0000000797afa208,0x0000000797b00000)
  to   space 5120K, 0% used [0x0000000798b00000,0x0000000798b00000,0x0000000799000000)
 ParOldGen       total 68096K, used 10435K [0x0000000740000000, 0x0000000744280000, 0x0000000795580000)
  object space 68096K, 15% used [0x0000000740000000,0x0000000740a30f48,0x0000000744280000)
 Metaspace       used 22923K, capacity 24254K, committed 24576K, reserved 1071104K
  class space    used 3277K, capacity 3533K, committed 3584K, reserved 1048576K
}
Event: 9.092 GC heap before
{Heap before GC invocations=5 (full 1):
 PSYoungGen      total 38400K, used 38376K [0x0000000795580000, 0x0000000799000000, 0x00000007c0000000)
  eden space 33280K, 100% used [0x0000000795580000,0x0000000797600000,0x0000000797600000)
  from space 5120K, 99% used [0x0000000797600000,0x0000000797afa208,0x0000000797b00000)
  to   space 5120K, 0% used [0x0000000798b00000,0x0000000798b00000,0x0000000799000000)
 ParOldGen       total 68096K, used 10446K [0x0000000740000000, 0x0000000744280000, 0x0000000795580000)
  object space 68096K, 15% used [0x0000000740000000,0x0000000740a33828,0x0000000744280000)
 Metaspace       used 23637K, capacity 25020K, committed 25088K, reserved 1071104K
  class space    used 3309K, capacity 3580K, committed 3584K, reserved 1048576K
Event: 9.122 GC heap after
Heap after GC invocations=5 (full 1):
 PSYoungGen      total 54272K, used 5114K [0x0000000795580000, 0x0000000799000000, 0x00000007c0000000)
  eden space 49152K, 0% used [0x0000000795580000,0x0000000795580000,0x0000000798580000)
  from space 5120K, 99% used [0x0000000798b00000,0x0000000798ffe880,0x0000000799000000)
  to   space 5120K, 0% used [0x0000000798600000,0x0000000798600000,0x0000000798b00000)
 ParOldGen       total 68096K, used 15520K [0x0000000740000000, 0x0000000744280000, 0x0000000795580000)
  object space 68096K, 22% used [0x0000000740000000,0x0000000740f280d0,0x0000000744280000)
 Metaspace       used 23637K, capacity 25020K, committed 25088K, reserved 1071104K
  class space    used 3309K, capacity 3580K, committed 3584K, reserved 1048576K
}
Event: 12.947 GC heap before
{Heap before GC invocations=6 (full 1):
 PSYoungGen      total 54272K, used 54266K [0x0000000795580000, 0x0000000799000000, 0x00000007c0000000)
  eden space 49152K, 100% used [0x0000000795580000,0x0000000798580000,0x0000000798580000)
  from space 5120K, 99% used [0x0000000798b00000,0x0000000798ffe880,0x0000000799000000)
  to   space 5120K, 0% used [0x0000000798600000,0x0000000798600000,0x0000000798b00000)
 ParOldGen       total 68096K, used 15520K [0x0000000740000000, 0x0000000744280000, 0x0000000795580000)
  object space 68096K, 22% used [0x0000000740000000,0x0000000740f280d0,0x0000000744280000)
 Metaspace       used 23968K, capacity 25368K, committed 25600K, reserved 1071104K
  class space    used 3309K, capacity 3580K, committed 3584K, reserved 1048576K
Event: 12.969 GC heap after
Heap after GC invocations=6 (full 1):
 PSYoungGen      total 54784K, used 5105K [0x0000000795580000, 0x000000079b880000, 0x00000007c0000000)
  eden space 49664K, 0% used [0x0000000795580000,0x0000000795580000,0x0000000798600000)
  from space 5120K, 99% used [0x0000000798600000,0x0000000798afc550,0x0000000798b00000)
  to   space 15360K, 0% used [0x000000079a980000,0x000000079a980000,0x000000079b880000)
 ParOldGen       total 68096K, used 21661K [0x0000000740000000, 0x0000000744280000, 0x0000000795580000)
  object space 68096K, 31% used [0x0000000740000000,0x0000000741527638,0x0000000744280000)
 Metaspace       used 23968K, capacity 25368K, committed 25600K, reserved 1071104K
  class space    used 3309K, capacity 3580K, committed 3584K, reserved 1048576K
}

Deoptimization events (10 events):
Event: 17.595 Thread 0x00007fc0e18c9800 Uncommon trap: reason=bimorphic action=maybe_recompile pc=0x000000010b463198 method=com.sun.javafx.sg.prism.NGGroup.markCullRegions(Lcom/sun/javafx/geom/DirtyRegionContainer;ILcom/sun/javafx/geom/transform/BaseTransform;Lcom/sun/javafx/geom/transform/Gene
Event: 17.595 Thread 0x00007fc0e18c9800 Uncommon trap: reason=bimorphic action=maybe_recompile pc=0x000000010b463150 method=com.sun.javafx.sg.prism.NGGroup.markCullRegions(Lcom/sun/javafx/geom/DirtyRegionContainer;ILcom/sun/javafx/geom/transform/BaseTransform;Lcom/sun/javafx/geom/transform/Gene
Event: 17.871 Thread 0x00007fc0e30c9800 Uncommon trap: reason=unstable_if action=reinterpret pc=0x000000010b2dc204 method=java.lang.Integer.equals(Ljava/lang/Object;)Z @ 18
Event: 17.872 Thread 0x00007fc0e30c9800 Uncommon trap: reason=unstable_if action=reinterpret pc=0x000000010b22a9e0 method=javafx.scene.Node.updateBounds()V @ 27
Event: 21.397 Thread 0x00007fc0e18c9800 Uncommon trap: reason=class_check action=maybe_recompile pc=0x000000010b5672fc method=com.sun.javafx.sg.prism.NGNode.markCullRegions(Lcom/sun/javafx/geom/DirtyRegionContainer;ILcom/sun/javafx/geom/transform/BaseTransform;Lcom/sun/javafx/geom/transform/Gen
Event: 21.711 Thread 0x00007fc0e30c9800 Uncommon trap: reason=class_check action=maybe_recompile pc=0x000000010b3ae874 method=java.io.SequenceInputStream.read([BII)I @ 58
Event: 21.711 Thread 0x00007fc0e30c9800 Uncommon trap: reason=class_check action=maybe_recompile pc=0x000000010b3ae874 method=java.io.SequenceInputStream.read([BII)I @ 58
Event: 21.711 Thread 0x00007fc0e30c9800 Uncommon trap: reason=class_check action=maybe_recompile pc=0x000000010b3bc7f4 method=java.io.SequenceInputStream.read([BII)I @ 58
Event: 21.711 Thread 0x00007fc0e30c9800 Uncommon trap: reason=class_check action=maybe_recompile pc=0x000000010b3bc7f4 method=java.io.SequenceInputStream.read([BII)I @ 58
Event: 21.711 Thread 0x00007fc0e30c9800 Uncommon trap: reason=class_check action=maybe_recompile pc=0x000000010b3ae874 method=java.io.SequenceInputStream.read([BII)I @ 58

Internal exceptions (10 events):
Event: 11.001 Thread 0x00007fc0e18c9800 Implicit null exception at 0x000000010b1ded27 to 0x000000010b1df1cc
Event: 11.001 Thread 0x00007fc0e18c9800 Exception <a 'java/lang/NullPointerException'> (0x0000000797512528) thrown at [/Users/java_re/workspace/8-2-build-macosx-x86_64/jdk8u60/4407/hotspot/src/share/vm/runtime/sharedRuntime.cpp, line 605]
Event: 11.001 Thread 0x00007fc0e18c9800 Implicit null exception at 0x000000010b1ded27 to 0x000000010b1df1cc
Event: 11.001 Thread 0x00007fc0e18c9800 Exception <a 'java/lang/NullPointerException'> (0x0000000797512f18) thrown at [/Users/java_re/workspace/8-2-build-macosx-x86_64/jdk8u60/4407/hotspot/src/share/vm/runtime/sharedRuntime.cpp, line 605]
Event: 11.001 Thread 0x00007fc0e18c9800 Implicit null exception at 0x000000010b1ded27 to 0x000000010b1df1cc
Event: 11.001 Thread 0x00007fc0e18c9800 Exception <a 'java/lang/NullPointerException'> (0x0000000797513908) thrown at [/Users/java_re/workspace/8-2-build-macosx-x86_64/jdk8u60/4407/hotspot/src/share/vm/runtime/sharedRuntime.cpp, line 605]
Event: 11.001 Thread 0x00007fc0e18c9800 Implicit null exception at 0x000000010b1ded27 to 0x000000010b1df1cc
Event: 11.001 Thread 0x00007fc0e18c9800 Exception <a 'java/lang/NullPointerException'> (0x00000007975142f8) thrown at [/Users/java_re/workspace/8-2-build-macosx-x86_64/jdk8u60/4407/hotspot/src/share/vm/runtime/sharedRuntime.cpp, line 605]
Event: 11.001 Thread 0x00007fc0e18c9800 Implicit null exception at 0x000000010b1ded27 to 0x000000010b1df1cc
Event: 11.001 Thread 0x00007fc0e18c9800 Exception <a 'java/lang/NullPointerException'> (0x0000000797514ce8) thrown at [/Users/java_re/workspace/8-2-build-macosx-x86_64/jdk8u60/4407/hotspot/src/share/vm/runtime/sharedRuntime.cpp, line 605]

Events (10 events):
Event: 21.717 loading class javafx/scene/image/ImageView$10
Event: 21.717 loading class javafx/scene/image/ImageView$10 done
Event: 21.717 loading class javafx/scene/image/ImageView$4
Event: 21.717 loading class javafx/scene/image/ImageView$4 done
Event: 21.718 loading class javafx/scene/image/ImageView$5
Event: 21.718 loading class javafx/scene/image/ImageView$5 done
Event: 21.718 loading class javafx/scene/image/ImageView$2
Event: 21.718 loading class javafx/scene/image/ImageView$2 done
Event: 21.718 loading class javafx/scene/image/ImageView$9
Event: 21.718 loading class javafx/scene/image/ImageView$9 done


Dynamic libraries:
0x0000000008911000 	/System/Library/Frameworks/Cocoa.framework/Versions/A/Cocoa
0x0000000008911000 	/System/Library/Frameworks/Security.framework/Versions/A/Security
0x0000000008911000 	/System/Library/Frameworks/ApplicationServices.framework/Versions/A/ApplicationServices
0x0000000008911000 	/usr/lib/libz.1.dylib
0x0000000008911000 	/usr/lib/libSystem.B.dylib
0x0000000008911000 	/usr/lib/libobjc.A.dylib
0x0000000008911000 	/System/Library/Frameworks/CoreFoundation.framework/Versions/A/CoreFoundation
0x0000000008911000 	/System/Library/Frameworks/Foundation.framework/Versions/C/Foundation
0x0000000008911000 	/System/Library/Frameworks/AppKit.framework/Versions/C/AppKit
0x0000000008911000 	/System/Library/Frameworks/CoreData.framework/Versions/A/CoreData
0x0000000008911000 	/System/Library/PrivateFrameworks/RemoteViewServices.framework/Versions/A/RemoteViewServices
0x0000000008911000 	/System/Library/PrivateFrameworks/UIFoundation.framework/Versions/A/UIFoundation
0x0000000008911000 	/System/Library/Frameworks/IOSurface.framework/Versions/A/IOSurface
0x0000000008911000 	/System/Library/Frameworks/AudioToolbox.framework/Versions/A/AudioToolbox
0x0000000008911000 	/System/Library/Frameworks/AudioUnit.framework/Versions/A/AudioUnit
0x0000000008911000 	/System/Library/PrivateFrameworks/DataDetectorsCore.framework/Versions/A/DataDetectorsCore
0x0000000008911000 	/System/Library/PrivateFrameworks/DesktopServicesPriv.framework/Versions/A/DesktopServicesPriv
0x0000000008911000 	/System/Library/Frameworks/Carbon.framework/Versions/A/Frameworks/HIToolbox.framework/Versions/A/HIToolbox
0x0000000008911000 	/System/Library/Frameworks/QuartzCore.framework/Versions/A/QuartzCore
0x0000000008911000 	/System/Library/Frameworks/Carbon.framework/Versions/A/Frameworks/SpeechRecognition.framework/Versions/A/SpeechRecognition
0x0000000008911000 	/usr/lib/libauto.dylib
0x0000000008911000 	/usr/lib/libicucore.A.dylib
0x0000000008911000 	/usr/lib/libxml2.2.dylib
0x0000000008911000 	/System/Library/PrivateFrameworks/CoreUI.framework/Versions/A/CoreUI
0x0000000008911000 	/System/Library/Frameworks/CoreAudio.framework/Versions/A/CoreAudio
0x0000000008911000 	/System/Library/Frameworks/DiskArbitration.framework/Versions/A/DiskArbitration
0x0000000008911000 	/usr/lib/liblangid.dylib
0x0000000008911000 	/System/Library/PrivateFrameworks/MultitouchSupport.framework/Versions/A/MultitouchSupport
0x0000000008911000 	/System/Library/Frameworks/IOKit.framework/Versions/A/IOKit
0x0000000008911000 	/usr/lib/libDiagnosticMessagesClient.dylib
0x0000000008911000 	/System/Library/Frameworks/CoreServices.framework/Versions/A/CoreServices
0x0000000008911000 	/System/Library/PrivateFrameworks/PerformanceAnalysis.framework/Versions/A/PerformanceAnalysis
0x0000000008911000 	/System/Library/PrivateFrameworks/GenerationalStorage.framework/Versions/A/GenerationalStorage
0x0000000008911000 	/System/Library/Frameworks/OpenGL.framework/Versions/A/OpenGL
0x0000000008911000 	/System/Library/PrivateFrameworks/Sharing.framework/Versions/A/Sharing
0x0000000008911000 	/System/Library/Frameworks/CoreGraphics.framework/Versions/A/CoreGraphics
0x0000000008911000 	/System/Library/Frameworks/CoreText.framework/Versions/A/CoreText
0x0000000008911000 	/System/Library/Frameworks/ImageIO.framework/Versions/A/ImageIO
0x0000000008911000 	/usr/lib/libextension.dylib
0x0000000008911000 	/System/Library/PrivateFrameworks/Backup.framework/Versions/A/Backup
0x0000000008911000 	/usr/lib/libarchive.2.dylib
0x0000000008911000 	/System/Library/Frameworks/CFNetwork.framework/Versions/A/CFNetwork
0x0000000008911000 	/System/Library/Frameworks/SystemConfiguration.framework/Versions/A/SystemConfiguration
0x0000000008911000 	/usr/lib/libCRFSuite.dylib
0x0000000008911000 	/usr/lib/libc++.1.dylib
0x0000000008911000 	/usr/lib/libc++abi.dylib
0x0000000008911000 	/usr/lib/system/libcache.dylib
0x0000000008911000 	/usr/lib/system/libcommonCrypto.dylib
0x0000000008911000 	/usr/lib/system/libcompiler_rt.dylib
0x0000000008911000 	/usr/lib/system/libcopyfile.dylib
0x0000000008911000 	/usr/lib/system/libcorecrypto.dylib
0x0000000008911000 	/usr/lib/system/libdispatch.dylib
0x0000000008911000 	/usr/lib/system/libdyld.dylib
0x0000000008911000 	/usr/lib/system/libkeymgr.dylib
0x0000000008911000 	/usr/lib/system/liblaunch.dylib
0x0000000008911000 	/usr/lib/system/libmacho.dylib
0x0000000008911000 	/usr/lib/system/libquarantine.dylib
0x0000000008911000 	/usr/lib/system/libremovefile.dylib
0x0000000008911000 	/usr/lib/system/libsystem_asl.dylib
0x0000000008911000 	/usr/lib/system/libsystem_blocks.dylib
0x0000000008911000 	/usr/lib/system/libsystem_c.dylib
0x0000000008911000 	/usr/lib/system/libsystem_configuration.dylib
0x0000000008911000 	/usr/lib/system/libsystem_coreservices.dylib
0x0000000008911000 	/usr/lib/system/libsystem_coretls.dylib
0x0000000008911000 	/usr/lib/system/libsystem_dnssd.dylib
0x0000000008911000 	/usr/lib/system/libsystem_info.dylib
0x0000000008911000 	/usr/lib/system/libsystem_kernel.dylib
0x0000000008911000 	/usr/lib/system/libsystem_m.dylib
0x0000000008911000 	/usr/lib/system/libsystem_malloc.dylib
0x0000000008911000 	/usr/lib/system/libsystem_network.dylib
0x0000000008911000 	/usr/lib/system/libsystem_networkextension.dylib
0x0000000008911000 	/usr/lib/system/libsystem_notify.dylib
0x0000000008911000 	/usr/lib/system/libsystem_platform.dylib
0x0000000008911000 	/usr/lib/system/libsystem_pthread.dylib
0x0000000008911000 	/usr/lib/system/libsystem_sandbox.dylib
0x0000000008911000 	/usr/lib/system/libsystem_secinit.dylib
0x0000000008911000 	/usr/lib/system/libsystem_stats.dylib
0x0000000008911000 	/usr/lib/system/libsystem_trace.dylib
0x0000000008911000 	/usr/lib/system/libunc.dylib
0x0000000008911000 	/usr/lib/system/libunwind.dylib
0x0000000008911000 	/usr/lib/system/libxpc.dylib
0x0000000008911000 	/usr/lib/libbz2.1.0.dylib
0x0000000008911000 	/usr/lib/liblzma.5.dylib
0x0000000008911000 	/usr/lib/libbsm.0.dylib
0x0000000008911000 	/usr/lib/libsqlite3.dylib
0x0000000008911000 	/usr/lib/system/libkxld.dylib
0x0000000008911000 	/usr/lib/libxar.1.dylib
0x0000000008911000 	/usr/lib/libpam.2.dylib
0x0000000008911000 	/usr/lib/libOpenScriptingUtil.dylib
0x0000000008911000 	/System/Library/Frameworks/CoreServices.framework/Versions/A/Frameworks/FSEvents.framework/Versions/A/FSEvents
0x0000000008911000 	/System/Library/Frameworks/CoreServices.framework/Versions/A/Frameworks/CarbonCore.framework/Versions/A/CarbonCore
0x0000000008911000 	/System/Library/Frameworks/CoreServices.framework/Versions/A/Frameworks/Metadata.framework/Versions/A/Metadata
0x0000000008911000 	/System/Library/Frameworks/CoreServices.framework/Versions/A/Frameworks/OSServices.framework/Versions/A/OSServices
0x0000000008911000 	/System/Library/Frameworks/CoreServices.framework/Versions/A/Frameworks/SearchKit.framework/Versions/A/SearchKit
0x0000000008911000 	/System/Library/Frameworks/CoreServices.framework/Versions/A/Frameworks/AE.framework/Versions/A/AE
0x0000000008911000 	/System/Library/Frameworks/CoreServices.framework/Versions/A/Frameworks/LaunchServices.framework/Versions/A/LaunchServices
0x0000000008911000 	/System/Library/Frameworks/CoreServices.framework/Versions/A/Frameworks/DictionaryServices.framework/Versions/A/DictionaryServices
0x0000000008911000 	/System/Library/Frameworks/NetFS.framework/Versions/A/NetFS
0x0000000008911000 	/System/Library/PrivateFrameworks/NetAuth.framework/Versions/A/NetAuth
0x0000000008911000 	/System/Library/PrivateFrameworks/login.framework/Versions/A/Frameworks/loginsupport.framework/Versions/A/loginsupport
0x0000000008911000 	/System/Library/PrivateFrameworks/TCC.framework/Versions/A/TCC
0x0000000008911000 	/usr/lib/libmecabra.dylib
0x0000000008911000 	/System/Library/Frameworks/ApplicationServices.framework/Versions/A/Frameworks/ATS.framework/Versions/A/ATS
0x0000000008911000 	/System/Library/Frameworks/ApplicationServices.framework/Versions/A/Frameworks/ColorSync.framework/Versions/A/ColorSync
0x0000000008911000 	/System/Library/Frameworks/ApplicationServices.framework/Versions/A/Frameworks/HIServices.framework/Versions/A/HIServices
0x0000000008911000 	/System/Library/Frameworks/ApplicationServices.framework/Versions/A/Frameworks/LangAnalysis.framework/Versions/A/LangAnalysis
0x0000000008911000 	/System/Library/Frameworks/ApplicationServices.framework/Versions/A/Frameworks/PrintCore.framework/Versions/A/PrintCore
0x0000000008911000 	/System/Library/Frameworks/ApplicationServices.framework/Versions/A/Frameworks/QD.framework/Versions/A/QD
0x0000000008911000 	/System/Library/Frameworks/ApplicationServices.framework/Versions/A/Frameworks/SpeechSynthesis.framework/Versions/A/SpeechSynthesis
0x0000000008911000 	/System/Library/Frameworks/Accelerate.framework/Versions/A/Accelerate
0x0000000008911000 	/System/Library/Frameworks/Accelerate.framework/Versions/A/Frameworks/vImage.framework/Versions/A/vImage
0x0000000008911000 	/System/Library/Frameworks/Accelerate.framework/Versions/A/Frameworks/vecLib.framework/Versions/A/vecLib
0x0000000008911000 	/System/Library/Frameworks/Accelerate.framework/Versions/A/Frameworks/vecLib.framework/Versions/A/libvDSP.dylib
0x0000000008911000 	/System/Library/Frameworks/Accelerate.framework/Versions/A/Frameworks/vecLib.framework/Versions/A/libvMisc.dylib
0x0000000008911000 	/System/Library/Frameworks/Accelerate.framework/Versions/A/Frameworks/vecLib.framework/Versions/A/libLAPACK.dylib
0x0000000008911000 	/System/Library/Frameworks/Accelerate.framework/Versions/A/Frameworks/vecLib.framework/Versions/A/libBLAS.dylib
0x0000000008911000 	/System/Library/Frameworks/Accelerate.framework/Versions/A/Frameworks/vecLib.framework/Versions/A/libLinearAlgebra.dylib
0x0000000008911000 	/System/Library/Frameworks/ApplicationServices.framework/Versions/A/Frameworks/ATS.framework/Versions/A/Resources/libFontParser.dylib
0x0000000008911000 	/System/Library/Frameworks/ApplicationServices.framework/Versions/A/Frameworks/ATS.framework/Versions/A/Resources/libFontRegistry.dylib
0x0000000008911000 	/System/Library/PrivateFrameworks/AppleVPA.framework/Versions/A/AppleVPA
0x0000000008911000 	/System/Library/PrivateFrameworks/AppleJPEG.framework/Versions/A/AppleJPEG
0x0000000008911000 	/System/Library/Frameworks/ImageIO.framework/Versions/A/Resources/libJPEG.dylib
0x0000000008911000 	/System/Library/Frameworks/ImageIO.framework/Versions/A/Resources/libTIFF.dylib
0x0000000008911000 	/System/Library/Frameworks/ImageIO.framework/Versions/A/Resources/libPng.dylib
0x0000000008911000 	/System/Library/Frameworks/ImageIO.framework/Versions/A/Resources/libGIF.dylib
0x0000000008911000 	/System/Library/Frameworks/ImageIO.framework/Versions/A/Resources/libJP2.dylib
0x0000000008911000 	/System/Library/Frameworks/ImageIO.framework/Versions/A/Resources/libRadiance.dylib
0x0000000008911000 	/System/Library/Frameworks/CoreVideo.framework/Versions/A/CoreVideo
0x0000000008911000 	/System/Library/Frameworks/OpenGL.framework/Versions/A/Libraries/libGLU.dylib
0x0000000008911000 	/System/Library/Frameworks/OpenGL.framework/Versions/A/Libraries/libGFXShared.dylib
0x0000000008911000 	/System/Library/Frameworks/OpenGL.framework/Versions/A/Libraries/libGL.dylib
0x0000000008911000 	/System/Library/Frameworks/OpenGL.framework/Versions/A/Libraries/libGLImage.dylib
0x0000000008911000 	/System/Library/Frameworks/OpenGL.framework/Versions/A/Libraries/libCVMSPluginSupport.dylib
0x0000000008911000 	/System/Library/Frameworks/OpenGL.framework/Versions/A/Libraries/libCoreVMClient.dylib
0x0000000008911000 	/usr/lib/libcups.2.dylib
0x0000000008911000 	/System/Library/Frameworks/Kerberos.framework/Versions/A/Kerberos
0x0000000008911000 	/System/Library/Frameworks/GSS.framework/Versions/A/GSS
0x0000000008911000 	/usr/lib/libresolv.9.dylib
0x0000000008911000 	/usr/lib/libiconv.2.dylib
0x0000000008911000 	/System/Library/PrivateFrameworks/Heimdal.framework/Versions/A/Heimdal
0x0000000008911000 	/usr/lib/libheimdal-asn1.dylib
0x0000000008911000 	/System/Library/Frameworks/OpenDirectory.framework/Versions/A/OpenDirectory
0x0000000008911000 	/System/Library/PrivateFrameworks/CommonAuth.framework/Versions/A/CommonAuth
0x0000000008911000 	/System/Library/Frameworks/OpenDirectory.framework/Versions/A/Frameworks/CFOpenDirectory.framework/Versions/A/CFOpenDirectory
0x0000000008911000 	/System/Library/Frameworks/SecurityFoundation.framework/Versions/A/SecurityFoundation
0x0000000008911000 	/System/Library/PrivateFrameworks/LanguageModeling.framework/Versions/A/LanguageModeling
0x0000000008911000 	/usr/lib/libcmph.dylib
0x0000000008911000 	/System/Library/Frameworks/ServiceManagement.framework/Versions/A/ServiceManagement
0x0000000008911000 	/usr/lib/libxslt.1.dylib
0x0000000008911000 	/System/Library/Frameworks/Carbon.framework/Versions/A/Frameworks/Ink.framework/Versions/A/Ink
0x0000000008911000 	/System/Library/Frameworks/QuartzCore.framework/Versions/A/Frameworks/CoreImage.framework/Versions/A/CoreImage
0x0000000008911000 	/System/Library/PrivateFrameworks/CrashReporterSupport.framework/Versions/A/CrashReporterSupport
0x0000000008911000 	/System/Library/Frameworks/OpenCL.framework/Versions/A/OpenCL
0x0000000008911000 	/System/Library/PrivateFrameworks/FaceCore.framework/Versions/A/FaceCore
0x0000000008911000 	/System/Library/PrivateFrameworks/Ubiquity.framework/Versions/A/Ubiquity
0x0000000008911000 	/System/Library/PrivateFrameworks/IconServices.framework/Versions/A/IconServices
0x0000000008911000 	/System/Library/PrivateFrameworks/ChunkingLibrary.framework/Versions/A/ChunkingLibrary
0x0000000008911000 	/System/Library/PrivateFrameworks/Apple80211.framework/Versions/A/Apple80211
0x0000000008911000 	/System/Library/Frameworks/CoreWLAN.framework/Versions/A/CoreWLAN
0x0000000008911000 	/System/Library/Frameworks/IOBluetooth.framework/Versions/A/IOBluetooth
0x0000000008911000 	/System/Library/PrivateFrameworks/CoreWiFi.framework/Versions/A/CoreWiFi
0x0000000008911000 	/System/Library/Frameworks/CoreBluetooth.framework/Versions/A/CoreBluetooth
0x0000000008911000 	/System/Library/PrivateFrameworks/DebugSymbols.framework/Versions/A/DebugSymbols
0x0000000008911000 	/System/Library/PrivateFrameworks/CoreSymbolication.framework/Versions/A/CoreSymbolication
0x0000000008911000 	/System/Library/PrivateFrameworks/Symbolication.framework/Versions/A/Symbolication
0x0000000008911000 	/System/Library/PrivateFrameworks/SpeechRecognitionCore.framework/Versions/A/SpeechRecognitionCore
0x0000000109a00000 	/Library/Java/JavaVirtualMachines/jdk1.8.0_60.jdk/Contents/Home/jre/lib/server/libjvm.dylib
0x0000000008911000 	/usr/lib/libstdc++.6.dylib
0x000000010915d000 	/Library/Java/JavaVirtualMachines/jdk1.8.0_60.jdk/Contents/Home/jre/lib/libverify.dylib
0x000000010916b000 	/Library/Java/JavaVirtualMachines/jdk1.8.0_60.jdk/Contents/Home/jre/lib/libjava.dylib
0x00000001091aa000 	/Library/Java/JavaVirtualMachines/jdk1.8.0_60.jdk/Contents/Home/jre/lib/libzip.dylib
0x00000001209b8000 	/System/Library/Frameworks/JavaVM.framework/Frameworks/JavaRuntimeSupport.framework/JavaRuntimeSupport
0x00000001209ce000 	/System/Library/Frameworks/JavaVM.framework/Versions/A/Frameworks/JavaNativeFoundation.framework/Versions/A/JavaNativeFoundation
0x00000001209e2000 	/System/Library/Frameworks/JavaVM.framework/Versions/A/JavaVM
0x0000000008911000 	/System/Library/Frameworks/Carbon.framework/Versions/A/Carbon
0x00000001209ee000 	/System/Library/PrivateFrameworks/JavaLaunching.framework/Versions/A/JavaLaunching
0x0000000008911000 	/System/Library/Frameworks/Carbon.framework/Versions/A/Frameworks/CommonPanels.framework/Versions/A/CommonPanels
0x0000000008911000 	/System/Library/Frameworks/Carbon.framework/Versions/A/Frameworks/Help.framework/Versions/A/Help
0x0000000008911000 	/System/Library/Frameworks/Carbon.framework/Versions/A/Frameworks/ImageCapture.framework/Versions/A/ImageCapture
0x0000000008911000 	/System/Library/Frameworks/Carbon.framework/Versions/A/Frameworks/OpenScripting.framework/Versions/A/OpenScripting
0x0000000008911000 	/System/Library/Frameworks/Carbon.framework/Versions/A/Frameworks/Print.framework/Versions/A/Print
0x0000000008911000 	/System/Library/Frameworks/Carbon.framework/Versions/A/Frameworks/SecurityHI.framework/Versions/A/SecurityHI
0x0000000122a87000 	/Library/Java/JavaVirtualMachines/jdk1.8.0_60.jdk/Contents/Home/jre/lib/libprism_es2.dylib
0x0000000008911000 	/System/Library/Frameworks/OpenGL.framework/Versions/A/Resources/GLEngine.bundle/GLEngine
0x0000000008911000 	/System/Library/Frameworks/OpenGL.framework/Versions/A/Libraries/libGLProgrammability.dylib
0x0000000122b01000 	/System/Library/Extensions/AppleIntelHD4000GraphicsGLDriver.bundle/Contents/MacOS/AppleIntelHD4000GraphicsGLDriver
0x0000000008911000 	/System/Library/PrivateFrameworks/IOAccelerator.framework/Versions/A/IOAccelerator
0x0000000008911000 	/System/Library/PrivateFrameworks/GPUSupport.framework/Versions/A/Libraries/libGPUSupportMercury.dylib
0x0000000008911000 	/System/Library/Frameworks/OpenGL.framework/Versions/A/Resources/GLRendererFloat.bundle/GLRendererFloat
0x0000000008911000 	/System/Library/Frameworks/OpenCL.framework/Versions/A/Libraries/libcldcpuengine.dylib
0x0000000008911000 	/System/Library/PrivateFrameworks/DiskImages.framework/Versions/A/DiskImages
0x0000000008911000 	/System/Library/Frameworks/DiscRecording.framework/Versions/A/DiscRecording
0x0000000008911000 	/usr/lib/libcsfde.dylib
0x0000000008911000 	/usr/lib/libcurl.4.dylib
0x0000000008911000 	/System/Library/PrivateFrameworks/MediaKit.framework/Versions/A/MediaKit
0x0000000008911000 	/System/Library/PrivateFrameworks/ProtectedCloudStorage.framework/Versions/A/ProtectedCloudStorage
0x0000000008911000 	/usr/lib/libCoreStorage.dylib
0x0000000008911000 	/System/Library/PrivateFrameworks/EFILogin.framework/Versions/A/EFILogin
0x0000000008911000 	/usr/lib/libutil.dylib
0x0000000008911000 	/System/Library/PrivateFrameworks/FindMyDevice.framework/Versions/A/FindMyDevice
0x0000000008911000 	/System/Library/Frameworks/LDAP.framework/Versions/A/LDAP
0x0000000008911000 	/usr/lib/libsasl2.2.dylib
0x0000000008911000 	/System/Library/PrivateFrameworks/CoreDaemon.framework/Versions/B/CoreDaemon
0x0000000008911000 	/usr/lib/libcrypto.0.9.8.dylib
0x0000000008911000 	/System/Library/PrivateFrameworks/AppleSRP.framework/Versions/A/AppleSRP
0x0000000008911000 	/System/Library/PrivateFrameworks/TrustEvaluationAgent.framework/Versions/A/TrustEvaluationAgent
0x000000012358e000 	/Library/Java/JavaVirtualMachines/jdk1.8.0_60.jdk/Contents/Home/jre/lib/libglass.dylib
0x0000000008911000 	/System/Library/PrivateFrameworks/CoreServicesInternal.framework/Versions/A/CoreServicesInternal
0x0000000008911000 	/System/Library/PrivateFrameworks/CloudDocs.framework/Versions/A/CloudDocs
0x0000000008911000 	/System/Library/PrivateFrameworks/CoreDuet.framework/Versions/A/CoreDuet
0x0000000008911000 	/System/Library/Frameworks/CloudKit.framework/Versions/A/CloudKit
0x0000000008911000 	/System/Library/PrivateFrameworks/ProtocolBuffer.framework/Versions/A/ProtocolBuffer
0x0000000008911000 	/System/Library/PrivateFrameworks/CoreDuetDaemonProtocol.framework/Versions/A/CoreDuetDaemonProtocol
0x0000000008911000 	/System/Library/PrivateFrameworks/CoreDuetDebugLogging.framework/Versions/A/CoreDuetDebugLogging
0x0000000008911000 	/System/Library/PrivateFrameworks/MMCS.framework/Versions/A/MMCS
0x0000000008911000 	/System/Library/Frameworks/CoreLocation.framework/Versions/A/CoreLocation
0x0000000008911000 	/System/Library/PrivateFrameworks/GeoServices.framework/Versions/A/GeoServices
0x0000000008911000 	/System/Library/Frameworks/CoreGraphics.framework/Versions/A/Resources/libCGCMS.A.dylib
0x0000000008911000 	/System/Library/CoreServices/RawCamera.bundle/Contents/MacOS/RawCamera
0x0000000008911000 	/System/Library/Frameworks/CoreGraphics.framework/Versions/A/Resources/libRIP.A.dylib
0x0000000008911000 	/System/Library/PrivateFrameworks/FamilyControls.framework/Versions/A/FamilyControls
0x0000000008911000 	/System/Library/PrivateFrameworks/CommerceKit.framework/Versions/A/Frameworks/CommerceCore.framework/Versions/A/CommerceCore
0x0000000008911000 	/System/Library/PrivateFrameworks/SystemAdministration.framework/Versions/A/SystemAdministration
0x0000000008911000 	/System/Library/PrivateFrameworks/AppContainer.framework/Versions/A/AppContainer
0x0000000008911000 	/System/Library/PrivateFrameworks/SecCodeWrapper.framework/Versions/A/SecCodeWrapper
0x0000000008911000 	/System/Library/Frameworks/DirectoryService.framework/Versions/A/DirectoryService
0x0000000008911000 	/System/Library/PrivateFrameworks/LoginUIKit.framework/Versions/A/Frameworks/LoginUICore.framework/Versions/A/LoginUICore
0x0000000008911000 	/usr/lib/libodfde.dylib
0x0000000127c62000 	/Library/Java/JavaVirtualMachines/jdk1.8.0_60.jdk/Contents/Home/jre/lib/libjfxwebkit.dylib
0x000000012a4b3000 	/Library/Java/JavaVirtualMachines/jdk1.8.0_60.jdk/Contents/Home/jre/lib/libnio.dylib
0x000000012a4c3000 	/Library/Java/JavaVirtualMachines/jdk1.8.0_60.jdk/Contents/Home/jre/lib/./libnet.dylib
0x000000012a844000 	/Library/Java/JavaVirtualMachines/jdk1.8.0_60.jdk/Contents/Home/jre/lib/libjavafx_font.dylib
0x0000000008911000 	/System/Library/Frameworks/CoreGraphics.framework/Versions/A/Resources/libCGXType.A.dylib
0x00000001252e9000 	cl_kernels
0x000000012bf59000 	/System/Library/Frameworks/OpenCL.framework/Versions/A/Libraries/ImageFormats/unorm8_bgra.dylib
0x00000001252cf000 	cl_kernels
0x0000000125499000 	/Library/Java/JavaVirtualMachines/jdk1.8.0_60.jdk/Contents/Home/jre/lib/libprism_common.dylib
0x0000000130c40000 	/Library/Java/JavaVirtualMachines/jdk1.8.0_60.jdk/Contents/Home/jre/lib/libsunec.dylib

VM Arguments:
jvm_args: -Dfile.encoding=UTF-8 
java_command: application.MapApp
java_class_path (initial): /Users/miaminneskemp/Documents/GitHubLocal/Course3/Course3Solutions/bin:/Users/miaminneskemp/Documents/GitHubLocal/Course3/Course3Solutions/libs/javax.json-1.0.4.jar
Launcher Type: SUN_STANDARD

Environment Variables:
PATH=/usr/bin:/bin:/usr/sbin:/sbin
SHELL=/bin/bash

Signal Handlers:
SIGSEGV: [libjvm.dylib+0x5a6d31], sa_mask[0]=11111111011111110111111111111111, sa_flags=SA_ONSTACK|SA_RESTART|SA_SIGINFO
SIGBUS: [libjvm.dylib+0x5a6d31], sa_mask[0]=11111111011111110111111111111111, sa_flags=SA_RESTART|SA_SIGINFO
SIGFPE: [libjvm.dylib+0x480a4c], sa_mask[0]=11111111011111110111111111111111, sa_flags=SA_RESTART|SA_SIGINFO
SIGPIPE: [libjvm.dylib+0x480a4c], sa_mask[0]=11111111011111110111111111111111, sa_flags=SA_RESTART|SA_SIGINFO
SIGXFSZ: [libjvm.dylib+0x480a4c], sa_mask[0]=11111111011111110111111111111111, sa_flags=SA_RESTART|SA_SIGINFO
SIGILL: [libjvm.dylib+0x480a4c], sa_mask[0]=11111111011111110111111111111111, sa_flags=SA_RESTART|SA_SIGINFO
SIGUSR1: SIG_DFL, sa_mask[0]=00000000000000000000000000000000, sa_flags=none
SIGUSR2: [libjvm.dylib+0x48056a], sa_mask[0]=00100000000000000000000000000000, sa_flags=SA_RESTART|SA_SIGINFO
SIGHUP: [libjvm.dylib+0x47eb41], sa_mask[0]=11111111011111110111111111111111, sa_flags=SA_RESTART|SA_SIGINFO
SIGINT: [libjvm.dylib+0x47eb41], sa_mask[0]=11111111011111110111111111111111, sa_flags=SA_RESTART|SA_SIGINFO
SIGTERM: [libjvm.dylib+0x47eb41], sa_mask[0]=11111111011111110111111111111111, sa_flags=SA_RESTART|SA_SIGINFO
SIGQUIT: [libjvm.dylib+0x47eb41], sa_mask[0]=11111111011111110111111111111111, sa_flags=SA_RESTART|SA_SIGINFO


---------------  S Y S T E M  ---------------

OS:Bsduname:Darwin 14.5.0 Darwin Kernel Version 14.5.0: Tue Sep  1 21:23:09 PDT 2015; root:xnu-2782.50.1~1/RELEASE_X86_64 x86_64
rlimit: STACK 8192k, CORE 0k, NPROC 709, NOFILE 10240, AS infinity
load average:3.29 3.04 2.62

CPU:total 4 (2 cores per cpu, 2 threads per core) family 6 model 58 stepping 9, cmov, cx8, fxsr, mmx, sse, sse2, sse3, ssse3, sse4.1, sse4.2, popcnt, avx, aes, clmul, erms, ht, tsc, tscinvbit, tscinv

Memory: 4k page, physical 8388608k(88736k free)

/proc/meminfo:


vm_info: Java HotSpot(TM) 64-Bit Server VM (25.60-b23) for bsd-amd64 JRE (1.8.0_60-b27), built on Aug  4 2015 10:47:24 by "java_re" with gcc 4.2.1 (Based on Apple Inc. build 5658) (LLVM build 2336.11.00)

time: Mon Dec 14 13:54:03 2015
elapsed time: 21 seconds (0d 0h 0m 21s)

